{"Output": [
{"Acceptance":[0.519090909090909],"Energy":{"Mean":-23.397256378415147,"Sigma":0.5578489741567892,"Taucorr":1.3297284417508466},"EnergyVariance":{"Mean":84.28999058817097,"Sigma":4.118875050528401,"Taucorr":0.1458404993236514},"Iteration":0},
{"Acceptance":[0.4090909090909091],"Energy":{"Mean":-25.88710613962405,"Sigma":0.6429487198333421,"Taucorr":2.105664712957322},"EnergyVariance":{"Mean":87.92606372516634,"Sigma":6.260385021372808,"Taucorr":0.8915825314603922},"Iteration":1},
{"Acceptance":[0.4467768595041322],"Energy":{"Mean":-31.921682202081204,"Sigma":0.4547477455669555,"Taucorr":1.7748940886909037},"EnergyVariance":{"Mean":47.6284756106334,"Sigma":3.833629796254764,"Taucorr":1.0480455138207772},"Iteration":2},
{"Acceptance":[0.44008264462809915],"Energy":{"Mean":-35.90603311300036,"Sigma":0.26888459526236264,"Taucorr":1.2970455825107043},"EnergyVariance":{"Mean":20.728664716787094,"Sigma":1.7041315023087018,"Taucorr":0.8238071453196507},"Iteration":3},
{"Acceptance":[0.41301652892561985],"Energy":{"Mean":-36.962331921693114,"Sigma":0.21273967105828748,"Taucorr":1.434103457327919},"EnergyVariance":{"Mean":12.020436860569674,"Sigma":1.1444598740837868,"Taucorr":1.0407036426568308},"Iteration":4},
{"Acceptance":[0.4015289256198347],"Energy":{"Mean":-37.96425042891889,"Sigma":0.12367656559703655,"Taucorr":0.7879290820969309},"EnergyVariance":{"Mean":6.1825037793300694,"Sigma":0.46833136445592344,"Taucorr":0.5234712196421889},"Iteration":5},
{"Acceptance":[0.3862809917355372],"Energy":{"Mean":-38.540519893724245,"Sigma":0.09572271881060951,"Taucorr":0.8425237888134931},"EnergyVariance":{"Mean":3.667860313512414,"Sigma":0.42371149675429415,"Taucorr":1.2857352493381626},"Iteration":6},
{"Acceptance":[0.37611570247933884],"Energy":{"Mean":-38.683037647917104,"Sigma":0.06667838636048587,"Taucorr":0.5735974252572622},"EnergyVariance":{"Mean":2.298894038382576,"Sigma":0.14412656361447856,"Taucorr":0.3071788341403292},"Iteration":7},
{"Acceptance":[0.3702066115702479],"Energy":{"Mean":-38.81182201193816,"Sigma":0.053158067188422725,"Taucorr":0.38712231784932727},"EnergyVariance":{"Mean":1.8634049914472515,"Sigma":0.1301262487770844,"Taucorr":-0.08026823670476407},"Iteration":8},
{"Acceptance":[0.3591735537190083],"Energy":{"Mean":-38.722770333597985,"Sigma":0.061117263693788206,"Taucorr":0.58167086936739},"EnergyVariance":{"Mean":2.077386785680058,"Sigma":0.14880737911496772,"Taucorr":0.20790111209136208},"Iteration":9},
{"Acceptance":[0.35173553719008266],"Energy":{"Mean":-38.93197828960043,"Sigma":0.04992942521569069,"Taucorr":0.6521174741911047},"EnergyVariance":{"Mean":1.3203943093825325,"Sigma":0.09105948338639533,"Taucorr":0.4444774765934043},"Iteration":10},
{"Acceptance":[0.3535537190082645],"Energy":{"Mean":-39.00736555707807,"Sigma":0.03726743206060372,"Taucorr":0.4605176585644315},"EnergyVariance":{"Mean":0.9182038782821067,"Sigma":0.0693340312985567,"Taucorr":0.1772298481077993},"Iteration":11},
{"Acceptance":[0.3471487603305785],"Energy":{"Mean":-38.944177777150166,"Sigma":0.04374553299102167,"Taucorr":0.5945088519155131},"EnergyVariance":{"Mean":1.0565584713072553,"Sigma":0.10674201558168248,"Taucorr":0.3826050799559233},"Iteration":12},
{"Acceptance":[0.33384297520661155],"Energy":{"Mean":-39.036273142147024,"Sigma":0.034673290795401254,"Taucorr":0.31281447770001725},"EnergyVariance":{"Mean":1.0115591320649608,"Sigma":0.1330820503284343,"Taucorr":0.2563017856564843},"Iteration":13},
{"Acceptance":[0.33450413223140496],"Energy":{"Mean":-39.081389110064784,"Sigma":0.028333038558483983,"Taucorr":0.23588969284823946},"EnergyVariance":{"Mean":0.723608102185556,"Sigma":0.05635693218547779,"Taucorr":0.1703350828896708},"Iteration":14},
{"Acceptance":[0.33347107438016527],"Energy":{"Mean":-39.09605124811647,"Sigma":0.029337530373841566,"Taucorr":0.06988432846512105},"EnergyVariance":{"Mean":1.0641771235328326,"Sigma":0.3475449808325485,"Taucorr":0.10874644030104996},"Iteration":15},
{"Acceptance":[0.3396694214876033],"Energy":{"Mean":-39.068407120215355,"Sigma":0.02880085758008478,"Taucorr":0.23160090620801177},"EnergyVariance":{"Mean":0.7417558921436398,"Sigma":0.06260295758511365,"Taucorr":0.03145724810934947},"Iteration":16},
{"Acceptance":[0.33033057851239667],"Energy":{"Mean":-39.087700748221934,"Sigma":0.026265828701679716,"Taucorr":0.2716516129715755},"EnergyVariance":{"Mean":0.6257140866581491,"Sigma":0.054489654927502004,"Taucorr":0.2717895116127892},"Iteration":17},
{"Acceptance":[0.3343388429752066],"Energy":{"Mean":-39.07424420317315,"Sigma":0.02478337607182554,"Taucorr":0.10247159136685402},"EnergyVariance":{"Mean":0.6428482561202964,"Sigma":0.09875755027275573,"Taucorr":0.05425464767099197},"Iteration":18},
{"Acceptance":[0.338801652892562],"Energy":{"Mean":-39.089673477868246,"Sigma":0.02665649761685591,"Taucorr":0.37572689352170496},"EnergyVariance":{"Mean":0.5633064980015338,"Sigma":0.05043930741017503,"Taucorr":0.2536541231307631},"Iteration":19},
{"Acceptance":[0.33570247933884295],"Energy":{"Mean":-39.074957339219814,"Sigma":0.024499906952782258,"Taucorr":0.21626125353453396},"EnergyVariance":{"Mean":0.5805832345512363,"Sigma":0.06296802414433032,"Taucorr":0.42522410489060736},"Iteration":20},
{"Acceptance":[0.333099173553719],"Energy":{"Mean":-39.06395267393008,"Sigma":0.02578931430872164,"Taucorr":0.4174950994100347},"EnergyVariance":{"Mean":0.48029249189024215,"Sigma":0.055547722017794926,"Taucorr":0.3850893221995034},"Iteration":21},
{"Acceptance":[0.3366528925619835],"Energy":{"Mean":-39.14110017985708,"Sigma":0.018261277937036077,"Taucorr":-0.07366251403900081},"EnergyVariance":{"Mean":0.5311976303710548,"Sigma":0.07606339458530245,"Taucorr":-0.03772491948466139},"Iteration":22},
{"Acceptance":[0.3279338842975207],"Energy":{"Mean":-39.1238080817746,"Sigma":0.01775624767894362,"Taucorr":-0.061608958320604756},"EnergyVariance":{"Mean":0.5111740857407584,"Sigma":0.062057530993266705,"Taucorr":0.33697154221003844},"Iteration":23},
{"Acceptance":[0.33384297520661155],"Energy":{"Mean":-39.10418258805637,"Sigma":0.025050829588678648,"Taucorr":0.244983963732184},"EnergyVariance":{"Mean":0.569254621463901,"Sigma":0.08221533403589375,"Taucorr":0.27828502131794586},"Iteration":24},
{"Acceptance":[0.33297520661157026],"Energy":{"Mean":-39.10105696014658,"Sigma":0.022950030033071327,"Taucorr":0.09255080348826028},"EnergyVariance":{"Mean":0.5673797162973468,"Sigma":0.08693358870632868,"Taucorr":0.13681977173116022},"Iteration":25},
{"Acceptance":[0.32987603305785124],"Energy":{"Mean":-39.13431815207472,"Sigma":0.03134062768147628,"Taucorr":0.29036752916490705},"EnergyVariance":{"Mean":0.7808708123351675,"Sigma":0.21890673819655565,"Taucorr":0.10934452873708123},"Iteration":26},
{"Acceptance":[0.31892561983471074],"Energy":{"Mean":-39.09264351167928,"Sigma":0.019699949765800535,"Taucorr":0.09459622150425429},"EnergyVariance":{"Mean":0.4572980420850173,"Sigma":0.03554856183583404,"Taucorr":-0.0851799800406009},"Iteration":27},
{"Acceptance":[0.32648760330578513],"Energy":{"Mean":-39.140783660346024,"Sigma":0.02510729842470274,"Taucorr":0.17946001832510794},"EnergyVariance":{"Mean":0.6165580641402106,"Sigma":0.11644815121383773,"Taucorr":0.2194846182098944},"Iteration":28},
{"Acceptance":[0.32169421487603306],"Energy":{"Mean":-39.13229603170257,"Sigma":0.023797847752911213,"Taucorr":0.24522801958363016},"EnergyVariance":{"Mean":0.4927647437656017,"Sigma":0.07371488181070106,"Taucorr":0.23914944717072184},"Iteration":29},
{"Acceptance":[0.32516528925619836],"Energy":{"Mean":-39.06978988955663,"Sigma":0.023017649578600488,"Taucorr":0.21929801667974635},"EnergyVariance":{"Mean":0.48451498319243647,"Sigma":0.06030087385242101,"Taucorr":0.4395567790028535},"Iteration":30},
{"Acceptance":[0.3237603305785124],"Energy":{"Mean":-39.08120480997707,"Sigma":0.02150096284732346,"Taucorr":0.025261902866475783},"EnergyVariance":{"Mean":0.5532617986856071,"Sigma":0.0693597814390154,"Taucorr":0.08245581203044583},"Iteration":31},
{"Acceptance":[0.325495867768595],"Energy":{"Mean":-39.10141470956134,"Sigma":0.01617703909283128,"Taucorr":-0.0583082016995457},"EnergyVariance":{"Mean":0.4252675007985227,"Sigma":0.04901981266939835,"Taucorr":0.06002987103673829},"Iteration":32},
{"Acceptance":[0.3268595041322314],"Energy":{"Mean":-39.13431382919394,"Sigma":0.014122589489208996,"Taucorr":-0.16742073342630842},"EnergyVariance":{"Mean":0.4538677182855435,"Sigma":0.07395542560077122,"Taucorr":0.2309815959498034},"Iteration":33},
{"Acceptance":[0.32392561983471074],"Energy":{"Mean":-39.10487140817792,"Sigma":0.019894378294057994,"Taucorr":-0.00599553035011724},"EnergyVariance":{"Mean":0.5042731249931172,"Sigma":0.08558177162109805,"Taucorr":0.1924105327235901},"Iteration":34},
{"Acceptance":[0.322603305785124],"Energy":{"Mean":-39.125488127038345,"Sigma":0.018691360918685663,"Taucorr":-0.006021407817413393},"EnergyVariance":{"Mean":0.4691553226076566,"Sigma":0.05199168807909505,"Taucorr":-0.07741059485035107},"Iteration":35},
{"Acceptance":[0.3221074380165289],"Energy":{"Mean":-39.084855506784244,"Sigma":0.024847606447999115,"Taucorr":0.4487613189589926},"EnergyVariance":{"Mean":0.40911450361599033,"Sigma":0.045455232711332554,"Taucorr":0.046881661582290346},"Iteration":36},
{"Acceptance":[0.3268595041322314],"Energy":{"Mean":-39.10442905063181,"Sigma":0.019386281951542655,"Taucorr":0.04608661075692788},"EnergyVariance":{"Mean":0.4594149850029262,"Sigma":0.06556468687879291,"Taucorr":0.14719394581633072},"Iteration":37},
{"Acceptance":[0.320702479338843],"Energy":{"Mean":-39.11694808095683,"Sigma":0.015055583828964821,"Taucorr":-0.11722856769427042},"EnergyVariance":{"Mean":0.412081901520504,"Sigma":0.050231833694071505,"Taucorr":-0.06128107871603822},"Iteration":38},
{"Acceptance":[0.3222314049586777],"Energy":{"Mean":-39.07894770015784,"Sigma":0.021027778374316644,"Taucorr":0.24567170864231336},"EnergyVariance":{"Mean":0.3907206846288538,"Sigma":0.041628702669219045,"Taucorr":0.14495585040573244},"Iteration":39},
{"Acceptance":[0.3287190082644628],"Energy":{"Mean":-39.11080464093968,"Sigma":0.021569739895412558,"Taucorr":0.06282602465850795},"EnergyVariance":{"Mean":0.5256123323365416,"Sigma":0.09937075209121378,"Taucorr":0.0713364132266524},"Iteration":40},
{"Acceptance":[0.3276859504132231],"Energy":{"Mean":-39.07303178469127,"Sigma":0.02299505926901245,"Taucorr":0.27469398993779726},"EnergyVariance":{"Mean":0.44379123156784195,"Sigma":0.051447692052767106,"Taucorr":0.23177790840851487},"Iteration":41},
{"Acceptance":[0.33669421487603307],"Energy":{"Mean":-39.095068675354156,"Sigma":0.019919275719162025,"Taucorr":0.056136761684784986},"EnergyVariance":{"Mean":0.45624139917536766,"Sigma":0.08192919663613599,"Taucorr":0.6525773636187922},"Iteration":42},
{"Acceptance":[0.3263223140495868],"Energy":{"Mean":-39.092601780173844,"Sigma":0.018445430089830343,"Taucorr":0.08685831690095058},"EnergyVariance":{"Mean":0.3569468141125623,"Sigma":0.046971904635252686,"Taucorr":-0.030118497194409788},"Iteration":43},
{"Acceptance":[0.3347107438016529],"Energy":{"Mean":-39.11757107916408,"Sigma":0.02111444346950365,"Taucorr":0.18122468556049842},"EnergyVariance":{"Mean":0.410728594464959,"Sigma":0.04543785646571684,"Taucorr":0.18329122395864605},"Iteration":44},
{"Acceptance":[0.3228512396694215],"Energy":{"Mean":-39.10123853808904,"Sigma":0.026245916466047466,"Taucorr":0.10551114897706293},"EnergyVariance":{"Mean":0.6923851509276153,"Sigma":0.26191826824867587,"Taucorr":-0.007106454853982869},"Iteration":45},
{"Acceptance":[0.3320247933884298],"Energy":{"Mean":-39.14027827434381,"Sigma":0.018542398324143318,"Taucorr":0.04689944746133512},"EnergyVariance":{"Mean":0.4242157253307307,"Sigma":0.09215168455257013,"Taucorr":-0.005884289207134907},"Iteration":46},
{"Acceptance":[0.32615702479338843],"Energy":{"Mean":-39.11634106484983,"Sigma":0.022355266433609598,"Taucorr":0.10430885871609463},"EnergyVariance":{"Mean":0.5201572421996453,"Sigma":0.09935402311859298,"Taucorr":0.11837873283684075},"Iteration":47},
{"Acceptance":[0.326900826446281],"Energy":{"Mean":-39.12198341442185,"Sigma":0.01670276387608567,"Taucorr":-0.012807851480584831},"EnergyVariance":{"Mean":0.35852410814348934,"Sigma":0.04686145646362927,"Taucorr":0.03159001601000189},"Iteration":48},
{"Acceptance":[0.3219834710743802],"Energy":{"Mean":-39.131073666415205,"Sigma":0.02069577972965871,"Taucorr":-0.010794963697410564},"EnergyVariance":{"Mean":0.5291988656701037,"Sigma":0.16177259072401406,"Taucorr":0.03351806374579014},"Iteration":49},
{"Acceptance":[0.3339669421487603],"Energy":{"Mean":-39.09804866201956,"Sigma":0.017392781435844377,"Taucorr":0.006244022451790676},"EnergyVariance":{"Mean":0.367030503709533,"Sigma":0.03577433249389759,"Taucorr":0.17428072313797993},"Iteration":50},
{"Acceptance":[0.3271487603305785],"Energy":{"Mean":-39.114400769404455,"Sigma":0.016249917753097098,"Taucorr":-0.07408493615177048},"EnergyVariance":{"Mean":0.42710917769303247,"Sigma":0.06530863773567509,"Taucorr":-0.00012807030788153373},"Iteration":51},
{"Acceptance":[0.3253305785123967],"Energy":{"Mean":-39.107132924352946,"Sigma":0.014728558882066941,"Taucorr":-0.010851242192540411},"EnergyVariance":{"Mean":0.2996514164220575,"Sigma":0.029053975494811327,"Taucorr":0.0162131399707941},"Iteration":52},
{"Acceptance":[0.3258264462809917],"Energy":{"Mean":-39.10437883632859,"Sigma":0.017432428306426107,"Taucorr":0.037162915162956445},"EnergyVariance":{"Mean":0.3675782536815483,"Sigma":0.03380053178383881,"Taucorr":-0.06812036472284394},"Iteration":53},
{"Acceptance":[0.3265289256198347],"Energy":{"Mean":-39.159811679863026,"Sigma":0.019231948999381732,"Taucorr":0.0878422777203286},"EnergyVariance":{"Mean":0.39001493067060233,"Sigma":0.07009771127644977,"Taucorr":0.2187520809900505},"Iteration":54},
{"Acceptance":[0.32636363636363636],"Energy":{"Mean":-39.1399927168031,"Sigma":0.019420870345854865,"Taucorr":0.22523914313657423},"EnergyVariance":{"Mean":0.32836659750060115,"Sigma":0.030258331303813262,"Taucorr":0.01439566528468017},"Iteration":55},
{"Acceptance":[0.33012396694214874],"Energy":{"Mean":-39.0672406660254,"Sigma":0.01621779750772247,"Taucorr":-0.031376572550490534},"EnergyVariance":{"Mean":0.35789929031323414,"Sigma":0.040704764286509335,"Taucorr":0.09833916629874406},"Iteration":56},
{"Acceptance":[0.3252892561983471],"Energy":{"Mean":-39.07811682177491,"Sigma":0.014390464487021621,"Taucorr":-0.09898970777258342},"EnergyVariance":{"Mean":0.32279213606246426,"Sigma":0.033706701236899145,"Taucorr":0.01846292065825661},"Iteration":57},
{"Acceptance":[0.3297107438016529],"Energy":{"Mean":-39.090394782744525,"Sigma":0.01890609705372849,"Taucorr":0.1317556359614055},"EnergyVariance":{"Mean":0.3637418413138663,"Sigma":0.034571177862337835,"Taucorr":-0.03429516183968556},"Iteration":58},
{"Acceptance":[0.32541322314049587],"Energy":{"Mean":-39.12322659023166,"Sigma":0.016696269370952796,"Taucorr":-0.12652729658748113},"EnergyVariance":{"Mean":0.4561393938758324,"Sigma":0.09494340353577527,"Taucorr":-0.013577388858861228},"Iteration":59},
{"Acceptance":[0.3271487603305785],"Energy":{"Mean":-39.11538788001991,"Sigma":0.020569086451235844,"Taucorr":-0.012762353614809874},"EnergyVariance":{"Mean":0.5237043834939039,"Sigma":0.11503405057087197,"Taucorr":0.0009094920473502466},"Iteration":60},
{"Acceptance":[0.3277272727272727],"Energy":{"Mean":-39.12683962474664,"Sigma":0.02409152996488404,"Taucorr":0.3326713056861652},"EnergyVariance":{"Mean":0.4255297588471331,"Sigma":0.09382031459004275,"Taucorr":0.35876239930505205},"Iteration":61},
{"Acceptance":[0.3284297520661157],"Energy":{"Mean":-39.09670962221456,"Sigma":0.017102427554680735,"Taucorr":0.1147913447822918},"EnergyVariance":{"Mean":0.3047284859210899,"Sigma":0.029545749301849087,"Taucorr":0.030023257960665517},"Iteration":62},
{"Acceptance":[0.3209504132231405],"Energy":{"Mean":-39.10940806095262,"Sigma":0.0206101433164416,"Taucorr":0.2755782058307584},"EnergyVariance":{"Mean":0.32456790806225894,"Sigma":0.05199650774912025,"Taucorr":0.3110031899105883},"Iteration":63},
{"Acceptance":[0.3234710743801653],"Energy":{"Mean":-39.11780603449825,"Sigma":0.017581153861648796,"Taucorr":0.1216601694391024},"EnergyVariance":{"Mean":0.3131268380511071,"Sigma":0.03693519607643877,"Taucorr":-0.02374201638379897},"Iteration":64},
{"Acceptance":[0.3299586776859504],"Energy":{"Mean":-39.108274542276234,"Sigma":0.013018455334770045,"Taucorr":-0.14140432240057182},"EnergyVariance":{"Mean":0.3116250538720578,"Sigma":0.03076243135852478,"Taucorr":0.0634746070290445},"Iteration":65},
{"Acceptance":[0.32425619834710745],"Energy":{"Mean":-39.12657224327653,"Sigma":0.018720512354818992,"Taucorr":0.27922196517099207},"EnergyVariance":{"Mean":0.3320794901254142,"Sigma":0.07105255411745415,"Taucorr":0.00848294418319584},"Iteration":66},
{"Acceptance":[0.3300413223140496],"Energy":{"Mean":-39.09492875057338,"Sigma":0.019191577599866363,"Taucorr":0.3938851018138385},"EnergyVariance":{"Mean":0.2754062679096684,"Sigma":0.031201457582581527,"Taucorr":-0.054820139593724115},"Iteration":67},
{"Acceptance":[0.3244628099173554],"Energy":{"Mean":-39.10522902192216,"Sigma":0.018299831443767147,"Taucorr":0.20956067809234635},"EnergyVariance":{"Mean":0.31083497754346184,"Sigma":0.03680786142097125,"Taucorr":0.15724786872511998},"Iteration":68},
{"Acceptance":[0.3287190082644628],"Energy":{"Mean":-39.135020915616785,"Sigma":0.014942161403126682,"Taucorr":-0.03995058748600089},"EnergyVariance":{"Mean":0.31885690555936375,"Sigma":0.05777727700525243,"Taucorr":0.08012972015774356},"Iteration":69},
{"Acceptance":[0.3294628099173554],"Energy":{"Mean":-39.13108044332944,"Sigma":0.020402414324530226,"Taucorr":0.11093336744437243},"EnergyVariance":{"Mean":0.42358765816467164,"Sigma":0.12613144377811794,"Taucorr":0.11471311881491453},"Iteration":70},
{"Acceptance":[0.3215702479338843],"Energy":{"Mean":-39.13514366632081,"Sigma":0.01528229303159708,"Taucorr":-0.07708503167327319},"EnergyVariance":{"Mean":0.33651575517791404,"Sigma":0.056505706968696376,"Taucorr":0.06979520453111321},"Iteration":71},
{"Acceptance":[0.3171900826446281],"Energy":{"Mean":-39.114467380156434,"Sigma":0.01835191940830148,"Taucorr":0.11685295881709157},"EnergyVariance":{"Mean":0.3306116395524014,"Sigma":0.04552553683502771,"Taucorr":0.3370813520089405},"Iteration":72},
{"Acceptance":[0.3331404958677686],"Energy":{"Mean":-39.09790078893859,"Sigma":0.014525625196947499,"Taucorr":-0.07675678129127866},"EnergyVariance":{"Mean":0.3324616327665354,"Sigma":0.0361403001168781,"Taucorr":-0.0792033156032651},"Iteration":73},
{"Acceptance":[0.3255785123966942],"Energy":{"Mean":-39.1359370267832,"Sigma":0.021094012965414913,"Taucorr":0.1700196127893414},"EnergyVariance":{"Mean":0.4017040172885386,"Sigma":0.06140577239307873,"Taucorr":0.2770999578976062},"Iteration":74},
{"Acceptance":[0.3265702479338843],"Energy":{"Mean":-39.13204788997889,"Sigma":0.015562770972488451,"Taucorr":-0.06596415380408688},"EnergyVariance":{"Mean":0.3477637219544917,"Sigma":0.03900833199964066,"Taucorr":0.04425293709898093},"Iteration":75},
{"Acceptance":[0.3233884297520661],"Energy":{"Mean":-39.11077061602453,"Sigma":0.019991806004115587,"Taucorr":0.3588068930362781},"EnergyVariance":{"Mean":0.30128241447350607,"Sigma":0.024510069935070686,"Taucorr":0.09326635597324962},"Iteration":76},
{"Acceptance":[0.32640495867768593],"Energy":{"Mean":-39.118035073975285,"Sigma":0.01511493919344675,"Taucorr":0.020471545425994497},"EnergyVariance":{"Mean":0.2772071333613738,"Sigma":0.0321680771169616,"Taucorr":0.44853088881212766},"Iteration":77},
{"Acceptance":[0.3211570247933884],"Energy":{"Mean":-39.109600778030845,"Sigma":0.02073605646929751,"Taucorr":0.35210701136956823},"EnergyVariance":{"Mean":0.3229861097423022,"Sigma":0.03149191017131175,"Taucorr":-0.13518022805285373},"Iteration":78},
{"Acceptance":[0.33553719008264465],"Energy":{"Mean":-39.10644004919569,"Sigma":0.018241864002182098,"Taucorr":0.00028127683094791855},"EnergyVariance":{"Mean":0.4705300183330055,"Sigma":0.0679434193777327,"Taucorr":-0.13296079997473742},"Iteration":79},
{"Acceptance":[0.31987603305785123],"Energy":{"Mean":-39.10437053113238,"Sigma":0.01212865991301816,"Taucorr":-0.16216182287592412},"EnergyVariance":{"Mean":0.286033424943395,"Sigma":0.038448976182446186,"Taucorr":0.5343617627892472},"Iteration":80},
{"Acceptance":[0.3222314049586777],"Energy":{"Mean":-39.143008356039665,"Sigma":0.023670510645473222,"Taucorr":0.09980514825446485},"EnergyVariance":{"Mean":0.5949914257039122,"Sigma":0.2730428589826624,"Taucorr":0.008181195298140098},"Iteration":81},
{"Acceptance":[0.32355371900826446],"Energy":{"Mean":-39.12826132769229,"Sigma":0.01712788345087328,"Taucorr":0.009313534947341884},"EnergyVariance":{"Mean":0.3553510729155105,"Sigma":0.05170995773584361,"Taucorr":0.2039546481700102},"Iteration":82},
{"Acceptance":[0.32367768595041324],"Energy":{"Mean":-39.118414160116785,"Sigma":0.015685437559615264,"Taucorr":-0.01565982568679758},"EnergyVariance":{"Mean":0.31669374842607056,"Sigma":0.0580282119950661,"Taucorr":0.040178704677091726},"Iteration":83},
{"Acceptance":[0.3272314049586777],"Energy":{"Mean":-39.10398381178348,"Sigma":0.015441961471559237,"Taucorr":0.06905213348781125},"EnergyVariance":{"Mean":0.2551544196661961,"Sigma":0.030018317442139848,"Taucorr":0.07051675141122504},"Iteration":84},
{"Acceptance":[0.31706611570247933],"Energy":{"Mean":-39.10686804216689,"Sigma":0.015216409026724156,"Taucorr":-0.07297228442452114},"EnergyVariance":{"Mean":0.33076710000330395,"Sigma":0.05609938023216671,"Taucorr":0.24721130755271015},"Iteration":85},
{"Acceptance":[0.32801652892561983],"Energy":{"Mean":-39.117042427733175,"Sigma":0.017908386354175215,"Taucorr":-0.03133276379977695},"EnergyVariance":{"Mean":0.41041282648204264,"Sigma":0.07517550918940857,"Taucorr":-0.04908801084813663},"Iteration":86},
{"Acceptance":[0.33008264462809916],"Energy":{"Mean":-39.07606342003331,"Sigma":0.01768616545417875,"Taucorr":0.2385072129670761},"EnergyVariance":{"Mean":0.27118609721941667,"Sigma":0.025186538590480124,"Taucorr":0.03927713577677694},"Iteration":87},
{"Acceptance":[0.31880165289256196],"Energy":{"Mean":-39.12003303072346,"Sigma":0.014170383298548955,"Taucorr":-0.10028063656168307},"EnergyVariance":{"Mean":0.3227978705110296,"Sigma":0.058485148012969605,"Taucorr":0.28431283801734664},"Iteration":88},
{"Acceptance":[0.319297520661157],"Energy":{"Mean":-39.12738855405175,"Sigma":0.015257637344409656,"Taucorr":0.1296737156346922},"EnergyVariance":{"Mean":0.2401589786175382,"Sigma":0.028763157224439038,"Taucorr":0.09065191732541866},"Iteration":89},
{"Acceptance":[0.3247933884297521],"Energy":{"Mean":-39.13319297407311,"Sigma":0.0134632432118224,"Taucorr":-0.15743764660752668},"EnergyVariance":{"Mean":0.3567995258055806,"Sigma":0.05030180482915022,"Taucorr":-0.029669656925516597},"Iteration":90},
{"Acceptance":[0.32789256198347105],"Energy":{"Mean":-39.13059957633836,"Sigma":0.016905372855911406,"Taucorr":0.11651699812655092},"EnergyVariance":{"Mean":0.2938440696314271,"Sigma":0.028850460719638486,"Taucorr":0.07725159881245647},"Iteration":91},
{"Acceptance":[0.3292148760330578],"Energy":{"Mean":-39.1468424906754,"Sigma":0.024220737914881302,"Taucorr":0.09805227342855405},"EnergyVariance":{"Mean":0.5665363252076213,"Sigma":0.23262748161494062,"Taucorr":-0.01695976823815465},"Iteration":92},
{"Acceptance":[0.32681818181818184],"Energy":{"Mean":-39.13131938282793,"Sigma":0.01605708380870162,"Taucorr":0.09235544432614318},"EnergyVariance":{"Mean":0.27427028611156495,"Sigma":0.025880525777273244,"Taucorr":0.11256824095765872},"Iteration":93},
{"Acceptance":[0.3247107438016529],"Energy":{"Mean":-39.10720397766612,"Sigma":0.018061981840308414,"Taucorr":0.13668826050780547},"EnergyVariance":{"Mean":0.3250165993345475,"Sigma":0.038374569239134806,"Taucorr":-0.0982461574795252},"Iteration":94},
{"Acceptance":[0.3259090909090909],"Energy":{"Mean":-39.119191576267504,"Sigma":0.02022512755894566,"Taucorr":0.1812271875361594},"EnergyVariance":{"Mean":0.37024332266440757,"Sigma":0.07759070141877172,"Taucorr":0.03476594914081821},"Iteration":95},
{"Acceptance":[0.3258677685950413],"Energy":{"Mean":-39.115127472783485,"Sigma":0.01588652280003387,"Taucorr":0.04201080746929042},"EnergyVariance":{"Mean":0.29181321498155555,"Sigma":0.03534508768725149,"Taucorr":0.08907529800058767},"Iteration":96},
{"Acceptance":[0.3225619834710744],"Energy":{"Mean":-39.16941283613704,"Sigma":0.02292816465320553,"Taucorr":0.09260629951484489},"EnergyVariance":{"Mean":0.5127955573897827,"Sigma":0.12752538401718178,"Taucorr":0.14272486551395824},"Iteration":97},
{"Acceptance":[0.3289669421487603],"Energy":{"Mean":-39.123303229576294,"Sigma":0.021409519459487596,"Taucorr":0.3300883426535359},"EnergyVariance":{"Mean":0.33630973021866833,"Sigma":0.05993208496791195,"Taucorr":0.2749648024722138},"Iteration":98},
{"Acceptance":[0.32074380165289257],"Energy":{"Mean":-39.137480250156756,"Sigma":0.015109945612459073,"Taucorr":-0.06682009831749408},"EnergyVariance":{"Mean":0.33202611903145884,"Sigma":0.03600327045207455,"Taucorr":-0.044094615428661},"Iteration":99},
{"Acceptance":[0.32727272727272727],"Energy":{"Mean":-39.11500170585637,"Sigma":0.019332405268648514,"Taucorr":0.05900699820733901},"EnergyVariance":{"Mean":0.42388024315681017,"Sigma":0.05869257569676683,"Taucorr":0.021239239869008664},"Iteration":100},
{"Acceptance":[0.3322727272727273],"Energy":{"Mean":-39.12564458282694,"Sigma":0.017535326973668698,"Taucorr":0.12592932376655086},"EnergyVariance":{"Mean":0.3058460454704208,"Sigma":0.03479047343981052,"Taucorr":-0.06712236596991794},"Iteration":101},
{"Acceptance":[0.3265702479338843],"Energy":{"Mean":-39.125026244724694,"Sigma":0.02322090905258755,"Taucorr":0.1717458103262346},"EnergyVariance":{"Mean":0.4580110709098867,"Sigma":0.17874141158389564,"Taucorr":0.43917623334467937},"Iteration":102},
{"Acceptance":[0.33016528925619837],"Energy":{"Mean":-39.08419109070788,"Sigma":0.020281622915196213,"Taucorr":0.23990549982024922},"EnergyVariance":{"Mean":0.3334568287622585,"Sigma":0.03574756838256784,"Taucorr":0.0780746380531806},"Iteration":103},
{"Acceptance":[0.32801652892561983],"Energy":{"Mean":-39.10960685375798,"Sigma":0.014258598852351322,"Taucorr":-0.04899493258142035},"EnergyVariance":{"Mean":0.3007990427037538,"Sigma":0.04622879229249831,"Taucorr":0.3260746921886919},"Iteration":104},
{"Acceptance":[0.3238429752066116],"Energy":{"Mean":-39.134232781319405,"Sigma":0.018411796323817613,"Taucorr":0.22757542157269128},"EnergyVariance":{"Mean":0.33696098243020006,"Sigma":0.08773325348549596,"Taucorr":-0.030047356581620055},"Iteration":105},
{"Acceptance":[0.3266528925619835],"Energy":{"Mean":-39.11549490755684,"Sigma":0.018006516536660917,"Taucorr":0.07539753084331668},"EnergyVariance":{"Mean":0.3442512335526595,"Sigma":0.04264709083150644,"Taucorr":0.13720463046869236},"Iteration":106},
{"Acceptance":[0.3201239669421488],"Energy":{"Mean":-39.1305561019078,"Sigma":0.017870492635798523,"Taucorr":0.19268224009149892},"EnergyVariance":{"Mean":0.3006227436431726,"Sigma":0.04139310566726118,"Taucorr":0.11574275266759049},"Iteration":107},
{"Acceptance":[0.3271074380165289],"Energy":{"Mean":-39.12649180049979,"Sigma":0.01696022847789033,"Taucorr":0.0220049062864206},"EnergyVariance":{"Mean":0.36261897725403663,"Sigma":0.05551452348383592,"Taucorr":0.09415468813815786},"Iteration":108},
{"Acceptance":[0.3240495867768595],"Energy":{"Mean":-39.10700450750334,"Sigma":0.018055034568321453,"Taucorr":0.09180747904762321},"EnergyVariance":{"Mean":0.33924377767455666,"Sigma":0.05969443556797022,"Taucorr":0.08827359094925691},"Iteration":109},
{"Acceptance":[0.320702479338843],"Energy":{"Mean":-39.13617678964098,"Sigma":0.01600376822097541,"Taucorr":-0.026719071621075785},"EnergyVariance":{"Mean":0.3303644869997817,"Sigma":0.060786592486108515,"Taucorr":0.035490733198448865},"Iteration":110},
{"Acceptance":[0.32727272727272727],"Energy":{"Mean":-39.1056327800957,"Sigma":0.016195762852008057,"Taucorr":0.08280551051719554},"EnergyVariance":{"Mean":0.28067747155012573,"Sigma":0.028192640285374198,"Taucorr":0.047510419234589873},"Iteration":111},
{"Acceptance":[0.3243388429752066],"Energy":{"Mean":-39.14685066603848,"Sigma":0.015162011148355711,"Taucorr":-0.043289541122230935},"EnergyVariance":{"Mean":0.3241420383385038,"Sigma":0.0573339517572857,"Taucorr":0.09133977876523114},"Iteration":112},
{"Acceptance":[0.3337603305785124],"Energy":{"Mean":-39.12481803089299,"Sigma":0.01910701457931478,"Taucorr":0.12281120632710352},"EnergyVariance":{"Mean":0.39948228340399383,"Sigma":0.07448251517819061,"Taucorr":0.0704717689557195},"Iteration":113},
{"Acceptance":[0.3222314049586777],"Energy":{"Mean":-39.12997678582846,"Sigma":0.011839099501929221,"Taucorr":-0.16691597087896642},"EnergyVariance":{"Mean":0.2589331414419716,"Sigma":0.03762621398738196,"Taucorr":0.07561250518014273},"Iteration":114},
{"Acceptance":[0.32661157024793386],"Energy":{"Mean":-39.12712012555115,"Sigma":0.01314434169473274,"Taucorr":0.06913039401749499},"EnergyVariance":{"Mean":0.20203183364408897,"Sigma":0.017203440417974586,"Taucorr":-0.023592992018833414},"Iteration":115},
{"Acceptance":[0.33111570247933886],"Energy":{"Mean":-39.11083249711137,"Sigma":0.01283551202873317,"Taucorr":-0.14039219982018292},"EnergyVariance":{"Mean":0.28955311528082683,"Sigma":0.03196463302868993,"Taucorr":0.02689160751343611},"Iteration":116},
{"Acceptance":[0.3225619834710744],"Energy":{"Mean":-39.12839803885863,"Sigma":0.01682551366046143,"Taucorr":-0.059785897503518204},"EnergyVariance":{"Mean":0.3905584051631216,"Sigma":0.06825327294145453,"Taucorr":0.2624675826006868},"Iteration":117},
{"Acceptance":[0.32326446280991733],"Energy":{"Mean":-39.130078423104884,"Sigma":0.014628692452501226,"Taucorr":-0.013582285915555103},"EnergyVariance":{"Mean":0.27216003593664084,"Sigma":0.04159899800990131,"Taucorr":0.27393271481736736},"Iteration":118},
{"Acceptance":[0.32483471074380166],"Energy":{"Mean":-39.107704547852244,"Sigma":0.0138249235974793,"Taucorr":0.0253920053075134},"EnergyVariance":{"Mean":0.2286590612130722,"Sigma":0.026317817438414094,"Taucorr":-0.04003726895137172},"Iteration":119},
{"Acceptance":[0.3272314049586777],"Energy":{"Mean":-39.1189380700908,"Sigma":0.016952893677985744,"Taucorr":0.11920196279450213},"EnergyVariance":{"Mean":0.2926535436462852,"Sigma":0.04034725922239743,"Taucorr":0.003752374849981255},"Iteration":120},
{"Acceptance":[0.3247933884297521],"Energy":{"Mean":-39.13702820664936,"Sigma":0.026084211728851565,"Taucorr":0.4334852688427886},"EnergyVariance":{"Mean":0.41526853774278466,"Sigma":0.16495098461524327,"Taucorr":0.47772022470115383},"Iteration":121},
{"Acceptance":[0.3274380165289256],"Energy":{"Mean":-39.10857230565991,"Sigma":0.013148846170752133,"Taucorr":-0.11753844360006288},"EnergyVariance":{"Mean":0.28485824132262816,"Sigma":0.033275760458814085,"Taucorr":0.2100015198074121},"Iteration":122},
{"Acceptance":[0.3202892561983471],"Energy":{"Mean":-39.125660076795384,"Sigma":0.016392603477035406,"Taucorr":0.1153855023898942},"EnergyVariance":{"Mean":0.27835997595817163,"Sigma":0.04215265849973879,"Taucorr":0.19696378008407422},"Iteration":123},
{"Acceptance":[0.33045454545454545],"Energy":{"Mean":-39.14140570984287,"Sigma":0.026345528372997907,"Taucorr":0.3969613884505441},"EnergyVariance":{"Mean":0.4732865578452394,"Sigma":0.20623283398692882,"Taucorr":0.5421800114350332},"Iteration":124},
{"Acceptance":[0.3237603305785124],"Energy":{"Mean":-39.16036326617914,"Sigma":0.017115472355518618,"Taucorr":-0.09377576681852762},"EnergyVariance":{"Mean":0.4159960755950165,"Sigma":0.0903058472569332,"Taucorr":0.06709003479869113},"Iteration":125},
{"Acceptance":[0.3242148760330579],"Energy":{"Mean":-39.10789383361284,"Sigma":0.01591994353383152,"Taucorr":0.20841084883390948},"EnergyVariance":{"Mean":0.22611097973824054,"Sigma":0.02734023040849955,"Taucorr":0.4351808880976743},"Iteration":126},
{"Acceptance":[0.32272727272727275],"Energy":{"Mean":-39.11928095801718,"Sigma":0.018487073741358995,"Taucorr":0.18757823851745026},"EnergyVariance":{"Mean":0.3512978268011873,"Sigma":0.08993874393015602,"Taucorr":0.4129662421795307},"Iteration":127},
{"Acceptance":[0.32764462809917355],"Energy":{"Mean":-39.10043023344272,"Sigma":0.0122066028292523,"Taucorr":0.02793357595361068},"EnergyVariance":{"Mean":0.19998691642196162,"Sigma":0.022253233813320082,"Taucorr":0.08875145121450234},"Iteration":128},
{"Acceptance":[0.31888429752066116],"Energy":{"Mean":-39.15823518654405,"Sigma":0.024212728260268657,"Taucorr":0.5874743746712683},"EnergyVariance":{"Mean":0.384949948438686,"Sigma":0.07998005820252443,"Taucorr":0.2214719883951629},"Iteration":129},
{"Acceptance":[0.32640495867768593],"Energy":{"Mean":-39.11236421204741,"Sigma":0.014522411012730609,"Taucorr":-0.13374976649899956},"EnergyVariance":{"Mean":0.34147904104485566,"Sigma":0.08910428699276864,"Taucorr":0.0443396299775205},"Iteration":130},
{"Acceptance":[0.32334710743801653],"Energy":{"Mean":-39.14466322260944,"Sigma":0.013179285717303825,"Taucorr":0.034178149018482706},"EnergyVariance":{"Mean":0.21543071999322638,"Sigma":0.019402863782012423,"Taucorr":0.07064485933893072},"Iteration":131},
{"Acceptance":[0.3274380165289256],"Energy":{"Mean":-39.12899271716003,"Sigma":0.017007668536584464,"Taucorr":0.183451200329376},"EnergyVariance":{"Mean":0.27356580866533786,"Sigma":0.06510349337609019,"Taucorr":0.03626073206198155},"Iteration":132},
{"Acceptance":[0.32834710743801654],"Energy":{"Mean":-39.15329764221461,"Sigma":0.01753280470981126,"Taucorr":0.09805778288608702},"EnergyVariance":{"Mean":0.3265192327282435,"Sigma":0.0400828491321087,"Taucorr":-0.005026697060769303},"Iteration":133},
{"Acceptance":[0.32326446280991733],"Energy":{"Mean":-39.130848820235165,"Sigma":0.01675355536880469,"Taucorr":0.08917998570145003},"EnergyVariance":{"Mean":0.28835540456951053,"Sigma":0.053205258460259336,"Taucorr":1.04764590565537},"Iteration":134},
{"Acceptance":[0.3245454545454545],"Energy":{"Mean":-39.120552926903756,"Sigma":0.015626547929250726,"Taucorr":0.1527625179753367},"EnergyVariance":{"Mean":0.23446196762876864,"Sigma":0.028866837604003544,"Taucorr":0.3676841837056919},"Iteration":135},
{"Acceptance":[0.3229338842975207],"Energy":{"Mean":-39.13517478795971,"Sigma":0.01728379886503793,"Taucorr":0.13560133518671758},"EnergyVariance":{"Mean":0.284718045043903,"Sigma":0.045661442164295664,"Taucorr":0.05901610341018537},"Iteration":136},
{"Acceptance":[0.3224380165289256],"Energy":{"Mean":-39.10386299239559,"Sigma":0.02041004217341948,"Taucorr":0.42646159157137775},"EnergyVariance":{"Mean":0.2737959529280579,"Sigma":0.041705941993782594,"Taucorr":0.6705996196272419},"Iteration":137},
{"Acceptance":[0.3187603305785124],"Energy":{"Mean":-39.1422518052566,"Sigma":0.01362982389820863,"Taucorr":-0.04918443975918646},"EnergyVariance":{"Mean":0.2837170521055902,"Sigma":0.04843677575435739,"Taucorr":0.15184155490915574},"Iteration":138},
{"Acceptance":[0.327603305785124],"Energy":{"Mean":-39.10466657033976,"Sigma":0.016105474839518158,"Taucorr":0.06821030848611465},"EnergyVariance":{"Mean":0.28940451764543723,"Sigma":0.038692974500652,"Taucorr":0.21259343133746422},"Iteration":139},
{"Acceptance":[0.3213223140495868],"Energy":{"Mean":-39.11610101694742,"Sigma":0.013109969612179046,"Taucorr":-0.09172942078492835},"EnergyVariance":{"Mean":0.25992687008837767,"Sigma":0.032445640443637604,"Taucorr":0.19159506235027324},"Iteration":140},
{"Acceptance":[0.3193801652892562],"Energy":{"Mean":-39.121295487780294,"Sigma":0.013073889084779486,"Taucorr":-0.08794861982124702},"EnergyVariance":{"Mean":0.25885739675559827,"Sigma":0.035679183650346065,"Taucorr":0.1663082468409861},"Iteration":141},
{"Acceptance":[0.32450413223140495],"Energy":{"Mean":-39.118707898439936,"Sigma":0.013119923742345033,"Taucorr":-0.06518126774277927},"EnergyVariance":{"Mean":0.25000289839752976,"Sigma":0.04277457376904002,"Taucorr":0.7799975733394613},"Iteration":142},
{"Acceptance":[0.32239669421487605],"Energy":{"Mean":-39.08753985590341,"Sigma":0.012945815225195717,"Taucorr":-0.025872308799015753},"EnergyVariance":{"Mean":0.22077793585798897,"Sigma":0.020461559059030996,"Taucorr":0.07488711203173215},"Iteration":143},
{"Acceptance":[0.3180165289256198],"Energy":{"Mean":-39.13927897776946,"Sigma":0.00981168172670991,"Taucorr":-0.3070233497394405},"EnergyVariance":{"Mean":0.31107570460220685,"Sigma":0.049597339443125846,"Taucorr":0.1663227814065591},"Iteration":144},
{"Acceptance":[0.32173553719008263],"Energy":{"Mean":-39.126937442722436,"Sigma":0.013454892899795077,"Taucorr":0.016831226969129864},"EnergyVariance":{"Mean":0.24874932936941083,"Sigma":0.031541272853808464,"Taucorr":0.002395701312583598},"Iteration":145},
{"Acceptance":[0.3194628099173554],"Energy":{"Mean":-39.118466308191316,"Sigma":0.014736407775817357,"Taucorr":0.23805757915416492},"EnergyVariance":{"Mean":0.20429808970037802,"Sigma":0.021726875362539044,"Taucorr":-0.0614278691739501},"Iteration":146},
{"Acceptance":[0.3202892561983471],"Energy":{"Mean":-39.143656065748225,"Sigma":0.01755920015245911,"Taucorr":0.12586314687433486},"EnergyVariance":{"Mean":0.3045146485516569,"Sigma":0.07454960614564628,"Taucorr":0.1652141971544121},"Iteration":147},
{"Acceptance":[0.3215702479338843],"Energy":{"Mean":-39.12550623757091,"Sigma":0.020838715485339655,"Taucorr":0.23217569284018136},"EnergyVariance":{"Mean":0.3911148850003119,"Sigma":0.07381856354654326,"Taucorr":0.3108483247211722},"Iteration":148},
{"Acceptance":[0.3316528925619835],"Energy":{"Mean":-39.11371905755302,"Sigma":0.013909860190413488,"Taucorr":-0.07686644920069824},"EnergyVariance":{"Mean":0.2931914553251688,"Sigma":0.0445708686772855,"Taucorr":0.12208146081600157},"Iteration":149},
{"Acceptance":[0.3209504132231405],"Energy":{"Mean":-39.12870158383322,"Sigma":0.015294870093952176,"Taucorr":0.10788121877921264},"EnergyVariance":{"Mean":0.25691504570258994,"Sigma":0.03652566617090549,"Taucorr":0.12898912832002563},"Iteration":150},
{"Acceptance":[0.3260743801652893],"Energy":{"Mean":-39.14382558364003,"Sigma":0.014268331114143636,"Taucorr":0.0447793104891091},"EnergyVariance":{"Mean":0.23902841109727876,"Sigma":0.034675835055568434,"Taucorr":0.02728323500912011},"Iteration":151},
{"Acceptance":[0.3234710743801653],"Energy":{"Mean":-39.135160379001306,"Sigma":0.014819240936274881,"Taucorr":0.11039869827446158},"EnergyVariance":{"Mean":0.23977541303365046,"Sigma":0.02877407608432136,"Taucorr":0.07633202403769801},"Iteration":152},
{"Acceptance":[0.33016528925619837],"Energy":{"Mean":-39.14423576693163,"Sigma":0.02225520034996078,"Taucorr":0.05611740509533936},"EnergyVariance":{"Mean":0.5034329602345692,"Sigma":0.256212273470352,"Taucorr":0.0472769808480632},"Iteration":153},
{"Acceptance":[0.32297520661157025],"Energy":{"Mean":-39.1169065821463,"Sigma":0.01586606965687799,"Taucorr":-0.0248011321321831},"EnergyVariance":{"Mean":0.36656830534190926,"Sigma":0.0886517782491325,"Taucorr":0.04107073179954446},"Iteration":154},
{"Acceptance":[0.321198347107438],"Energy":{"Mean":-39.12470031972401,"Sigma":0.01522575979008455,"Taucorr":0.06407073688693898},"EnergyVariance":{"Mean":0.257261142480001,"Sigma":0.026656832712244397,"Taucorr":-0.05004464101382583},"Iteration":155},
{"Acceptance":[0.32045454545454544],"Energy":{"Mean":-39.14118267144201,"Sigma":0.019807518527296297,"Taucorr":0.4069708611388988},"EnergyVariance":{"Mean":0.2776777062462802,"Sigma":0.046178159871414305,"Taucorr":0.06887515354455631},"Iteration":156},
{"Acceptance":[0.325],"Energy":{"Mean":-39.13648421032192,"Sigma":0.014964606074373929,"Taucorr":0.26322544982721874},"EnergyVariance":{"Mean":0.20766777279360432,"Sigma":0.018678215019596437,"Taucorr":-0.053684524409249645},"Iteration":157},
{"Acceptance":[0.3259090909090909],"Energy":{"Mean":-39.11956122819313,"Sigma":0.013303159998774189,"Taucorr":-0.0077891599809732925},"EnergyVariance":{"Mean":0.23386821059431726,"Sigma":0.02613781951920659,"Taucorr":0.23822974484302373},"Iteration":158},
{"Acceptance":[0.3231818181818182],"Energy":{"Mean":-39.111611504697905,"Sigma":0.017631307941888656,"Taucorr":0.22034696017980504},"EnergyVariance":{"Mean":0.2687930054657195,"Sigma":0.04401091085386989,"Taucorr":0.04510596901492381},"Iteration":159},
{"Acceptance":[0.32359504132231404],"Energy":{"Mean":-39.11037921082586,"Sigma":0.011492630434313351,"Taucorr":-0.18214203873122536},"EnergyVariance":{"Mean":0.2583533752506679,"Sigma":0.03588316848985327,"Taucorr":0.034421561069186035},"Iteration":160},
{"Acceptance":[0.3284297520661157],"Energy":{"Mean":-39.10527795309582,"Sigma":0.01122273643820542,"Taucorr":-0.18705831673567208},"EnergyVariance":{"Mean":0.26081591561048095,"Sigma":0.034263754300376176,"Taucorr":0.0038048347253906156},"Iteration":161},
{"Acceptance":[0.32239669421487605],"Energy":{"Mean":-39.131630602309656,"Sigma":0.017752805324610946,"Taucorr":0.29251333572775196},"EnergyVariance":{"Mean":0.23762653523227675,"Sigma":0.0397741133606723,"Taucorr":-0.08744836155338304},"Iteration":162},
{"Acceptance":[0.3183884297520661],"Energy":{"Mean":-39.11183836629892,"Sigma":0.013997151046336581,"Taucorr":-0.027092562746621585},"EnergyVariance":{"Mean":0.2585567121298672,"Sigma":0.03301553243093376,"Taucorr":0.11400171163240558},"Iteration":163},
{"Acceptance":[0.32330578512396696],"Energy":{"Mean":-39.10394762251715,"Sigma":0.015016731493825687,"Taucorr":0.0726767777470797},"EnergyVariance":{"Mean":0.2533179084358788,"Sigma":0.026984714417106186,"Taucorr":-0.034892283222864195},"Iteration":164},
{"Acceptance":[0.3237190082644628],"Energy":{"Mean":-39.14759160836777,"Sigma":0.015034463504080092,"Taucorr":0.10341209759006931},"EnergyVariance":{"Mean":0.23643186012769746,"Sigma":0.026711845825189203,"Taucorr":0.08654439642079659},"Iteration":165},
{"Acceptance":[0.3297107438016529],"Energy":{"Mean":-39.15126381924585,"Sigma":0.016489098625975102,"Taucorr":0.058933630550964455},"EnergyVariance":{"Mean":0.3494680206875505,"Sigma":0.07430761900557845,"Taucorr":-0.041288458393205885},"Iteration":166},
{"Acceptance":[0.32698347107438014],"Energy":{"Mean":-39.11822454510367,"Sigma":0.014868223690388194,"Taucorr":0.0038761210968646376},"EnergyVariance":{"Mean":0.27907669652415396,"Sigma":0.03647961214334538,"Taucorr":0.19424804979109966},"Iteration":167},
{"Acceptance":[0.3229338842975207],"Energy":{"Mean":-39.138506195199625,"Sigma":0.01375362486214594,"Taucorr":-0.018928307681732537},"EnergyVariance":{"Mean":0.2407106744150528,"Sigma":0.061059877051098256,"Taucorr":0.16093750758586345},"Iteration":168},
{"Acceptance":[0.3310743801652893],"Energy":{"Mean":-39.146603844861865,"Sigma":0.019122720022130623,"Taucorr":0.2564022503918376},"EnergyVariance":{"Mean":0.3199328034252784,"Sigma":0.11496625228254063,"Taucorr":0.5519706367566855},"Iteration":169},
{"Acceptance":[0.3200413223140496],"Energy":{"Mean":-39.11661190320047,"Sigma":0.01657862286035707,"Taucorr":0.17116018575545489},"EnergyVariance":{"Mean":0.26640719149009356,"Sigma":0.05392692379465455,"Taucorr":0.13464470704386278},"Iteration":170},
{"Acceptance":[0.3283884297520661],"Energy":{"Mean":-39.10284175796064,"Sigma":0.019874864653095205,"Taucorr":0.3475218175962269},"EnergyVariance":{"Mean":0.3013360443054654,"Sigma":0.04394768470318296,"Taucorr":0.6481732135130127},"Iteration":171},
{"Acceptance":[0.32252066115702477],"Energy":{"Mean":-39.12469565305737,"Sigma":0.014357364836835113,"Taucorr":0.043567014808304605},"EnergyVariance":{"Mean":0.24875314483565866,"Sigma":0.029775213973427864,"Taucorr":0.12258460445722097},"Iteration":172},
{"Acceptance":[0.3176859504132231],"Energy":{"Mean":-39.133488235604744,"Sigma":0.012198981659859644,"Taucorr":-0.031053287536776386},"EnergyVariance":{"Mean":0.20395930876031718,"Sigma":0.02528454077610755,"Taucorr":0.11801697293000535},"Iteration":173},
{"Acceptance":[0.32359504132231404],"Energy":{"Mean":-39.11895954397338,"Sigma":0.014421617259651921,"Taucorr":-0.060164352619311745},"EnergyVariance":{"Mean":0.2896589122781795,"Sigma":0.057250865098827035,"Taucorr":0.3639233564336868},"Iteration":174},
{"Acceptance":[0.3271487603305785],"Energy":{"Mean":-39.11723385606692,"Sigma":0.016017293620881803,"Taucorr":0.01615537491627228},"EnergyVariance":{"Mean":0.35873161720961955,"Sigma":0.07899279117788258,"Taucorr":0.2227535051569295},"Iteration":175},
{"Acceptance":[0.32008264462809916],"Energy":{"Mean":-39.14556083785212,"Sigma":0.011322018577720642,"Taucorr":-0.11884927195593448},"EnergyVariance":{"Mean":0.23465178950519072,"Sigma":0.03278462628005881,"Taucorr":0.09949061993340846},"Iteration":176},
{"Acceptance":[0.3259090909090909],"Energy":{"Mean":-39.120760743166905,"Sigma":0.012804017917456282,"Taucorr":-0.08926809305786049},"EnergyVariance":{"Mean":0.26115273764579766,"Sigma":0.05116083142692526,"Taucorr":0.12062109197227822},"Iteration":177},
{"Acceptance":[0.3306611570247934],"Energy":{"Mean":-39.14426202397551,"Sigma":0.0147259479024733,"Taucorr":0.13076994488200033},"EnergyVariance":{"Mean":0.21624210952005868,"Sigma":0.03031056221950477,"Taucorr":0.16412476246657703},"Iteration":178},
{"Acceptance":[0.32702479338842977],"Energy":{"Mean":-39.12897497975327,"Sigma":0.015416433933846013,"Taucorr":0.021273894736818066},"EnergyVariance":{"Mean":0.2721777934744835,"Sigma":0.06348575197885971,"Taucorr":0.308515437815551},"Iteration":179},
{"Acceptance":[0.32516528925619836],"Energy":{"Mean":-39.1122296126188,"Sigma":0.013096945132336994,"Taucorr":0.01194258485010291},"EnergyVariance":{"Mean":0.22839084229549161,"Sigma":0.031917847070488364,"Taucorr":0.18378087789897057},"Iteration":180},
{"Acceptance":[0.32962809917355373],"Energy":{"Mean":-39.11478382974859,"Sigma":0.018570185669111675,"Taucorr":0.2553927228013031},"EnergyVariance":{"Mean":0.29008423122112786,"Sigma":0.053970975295222476,"Taucorr":0.006289299977623064},"Iteration":181},
{"Acceptance":[0.3240909090909091],"Energy":{"Mean":-39.13620732923658,"Sigma":0.011330761354786775,"Taucorr":-0.14961002957552816},"EnergyVariance":{"Mean":0.25211686306309006,"Sigma":0.05133453334047658,"Taucorr":0.24364219935036102},"Iteration":182},
{"Acceptance":[0.31855371900826446],"Energy":{"Mean":-39.14118036928265,"Sigma":0.014339402730932666,"Taucorr":0.15486362055081893},"EnergyVariance":{"Mean":0.21215392930526175,"Sigma":0.035717751681294284,"Taucorr":0.25115274470109095},"Iteration":183},
{"Acceptance":[0.32169421487603306],"Energy":{"Mean":-39.13895219658839,"Sigma":0.01233974581463522,"Taucorr":-0.1681498045408209},"EnergyVariance":{"Mean":0.29759257238726217,"Sigma":0.048635815096907065,"Taucorr":0.18417783911078467},"Iteration":184},
{"Acceptance":[0.32483471074380166],"Energy":{"Mean":-39.131971419617244,"Sigma":0.01095939317840532,"Taucorr":-0.19795149911149268},"EnergyVariance":{"Mean":0.29523424821904454,"Sigma":0.048469315376909156,"Taucorr":0.057888818640747686},"Iteration":185},
{"Acceptance":[0.32764462809917355],"Energy":{"Mean":-39.150160255530025,"Sigma":0.01397736379459121,"Taucorr":0.08856483478738453},"EnergyVariance":{"Mean":0.21707147970198637,"Sigma":0.027233363775530765,"Taucorr":-0.020512301976226888},"Iteration":186},
{"Acceptance":[0.32326446280991733],"Energy":{"Mean":-39.129467990924084,"Sigma":0.01609468647460051,"Taucorr":0.20637448218894816},"EnergyVariance":{"Mean":0.24001350642081967,"Sigma":0.03947010249859567,"Taucorr":0.07285899958919906},"Iteration":187},
{"Acceptance":[0.32615702479338843],"Energy":{"Mean":-39.12024519979423,"Sigma":0.01810871453006534,"Taucorr":0.35604504755036104},"EnergyVariance":{"Mean":0.2378719236366407,"Sigma":0.05115374540128538,"Taucorr":0.2957336656372085},"Iteration":188},
{"Acceptance":[0.3172314049586777],"Energy":{"Mean":-39.10778886314318,"Sigma":0.010867998418354249,"Taucorr":-0.14867704860858522},"EnergyVariance":{"Mean":0.22834861344465657,"Sigma":0.023138905366381714,"Taucorr":-0.11440396029089328},"Iteration":189},
{"Acceptance":[0.33012396694214874],"Energy":{"Mean":-39.12097438296872,"Sigma":0.016391437633080274,"Taucorr":0.10110462385923213},"EnergyVariance":{"Mean":0.30837962676167746,"Sigma":0.04765118403283317,"Taucorr":-0.06345996942763726},"Iteration":190},
{"Acceptance":[0.3255785123966942],"Energy":{"Mean":-39.134188408322,"Sigma":0.015926646930579255,"Taucorr":0.08197096197172815},"EnergyVariance":{"Mean":0.2967741346822984,"Sigma":0.06952065358752943,"Taucorr":0.06529517708833132},"Iteration":191},
{"Acceptance":[0.3243801652892562],"Energy":{"Mean":-39.11445981037778,"Sigma":0.013799561129770342,"Taucorr":0.106287831421497},"EnergyVariance":{"Mean":0.20923887423311774,"Sigma":0.029522386841816114,"Taucorr":0.4078873504318761},"Iteration":192},
{"Acceptance":[0.3290495867768595],"Energy":{"Mean":-39.15904434897807,"Sigma":0.01865894324399214,"Taucorr":0.09942352682632816},"EnergyVariance":{"Mean":0.3547311225839955,"Sigma":0.09975783415263542,"Taucorr":-0.03829028315530558},"Iteration":193},
{"Acceptance":[0.32380165289256196],"Energy":{"Mean":-39.13024251094942,"Sigma":0.01416800698234702,"Taucorr":0.264907610084665},"EnergyVariance":{"Mean":0.1758075322854894,"Sigma":0.014805920654415656,"Taucorr":-0.09792493739269431},"Iteration":194},
{"Acceptance":[0.3202479338842975],"Energy":{"Mean":-39.11344591115467,"Sigma":0.012771016209309767,"Taucorr":-0.013530481366588798},"EnergyVariance":{"Mean":0.21964836995116138,"Sigma":0.02512956010919356,"Taucorr":0.017167193104051015},"Iteration":195},
{"Acceptance":[0.32669421487603306],"Energy":{"Mean":-39.10919800030933,"Sigma":0.019463891650070952,"Taucorr":0.5272826960226751},"EnergyVariance":{"Mean":0.23210074430933236,"Sigma":0.045290669688493525,"Taucorr":0.8737714912630967},"Iteration":196},
{"Acceptance":[0.3267768595041322],"Energy":{"Mean":-39.120352474586575,"Sigma":0.010193084280089592,"Taucorr":-0.09772112556289636},"EnergyVariance":{"Mean":0.17403716737022948,"Sigma":0.0199298984570335,"Taucorr":0.26584984246127763},"Iteration":197},
{"Acceptance":[0.32987603305785124],"Energy":{"Mean":-39.137176679814665,"Sigma":0.014501141589161081,"Taucorr":0.010088122826022339},"EnergyVariance":{"Mean":0.25886540881587206,"Sigma":0.041164832421789095,"Taucorr":0.12157003799078481},"Iteration":198},
{"Acceptance":[0.31983471074380165],"Energy":{"Mean":-39.12983191793639,"Sigma":0.015250072570528255,"Taucorr":-0.096074145707573},"EnergyVariance":{"Mean":0.3784626047113114,"Sigma":0.13950516417612893,"Taucorr":-0.005742746485482397},"Iteration":199},
{"Acceptance":[0.3292148760330578],"Energy":{"Mean":-39.11603129042849,"Sigma":0.012274993006821902,"Taucorr":-0.0488722150121228},"EnergyVariance":{"Mean":0.20420907020034482,"Sigma":0.025966463168071077,"Taucorr":0.013842617674087121},"Iteration":200},
{"Acceptance":[0.3180165289256198],"Energy":{"Mean":-39.14574834436506,"Sigma":0.01218435741774857,"Taucorr":-0.016065955029049284},"EnergyVariance":{"Mean":0.202059266184039,"Sigma":0.027295817306137136,"Taucorr":0.2921717480100555},"Iteration":201},
{"Acceptance":[0.3275619834710744],"Energy":{"Mean":-39.12288212258901,"Sigma":0.016865704485889452,"Taucorr":-0.037667529134210176},"EnergyVariance":{"Mean":0.36535926344953273,"Sigma":0.16493640193229223,"Taucorr":0.007982369482872786},"Iteration":202},
{"Acceptance":[0.3165702479338843],"Energy":{"Mean":-39.11717236662476,"Sigma":0.015453359812038131,"Taucorr":0.11751833640791043},"EnergyVariance":{"Mean":0.2559674142242571,"Sigma":0.05937880297351265,"Taucorr":0.22564660747138987},"Iteration":203},
{"Acceptance":[0.3225619834710744],"Energy":{"Mean":-39.11784391597564,"Sigma":0.011319675498390958,"Taucorr":-0.07653657007210246},"EnergyVariance":{"Mean":0.18837283479998165,"Sigma":0.018203284533000286,"Taucorr":0.12458416046592213},"Iteration":204},
{"Acceptance":[0.328099173553719],"Energy":{"Mean":-39.11946228190421,"Sigma":0.014975088604430089,"Taucorr":0.07180051014326971},"EnergyVariance":{"Mean":0.2435708028403768,"Sigma":0.033177354123641874,"Taucorr":0.08160635628387969},"Iteration":205},
{"Acceptance":[0.3237603305785124],"Energy":{"Mean":-39.12268436346142,"Sigma":0.011359185652672129,"Taucorr":-0.10034479500049481},"EnergyVariance":{"Mean":0.21466500814935052,"Sigma":0.019255199793955298,"Taucorr":-0.18490348048775213},"Iteration":206},
{"Acceptance":[0.32826446280991733],"Energy":{"Mean":-39.11775937262803,"Sigma":0.012271518850418646,"Taucorr":-0.03190893306299469},"EnergyVariance":{"Mean":0.21672003593459266,"Sigma":0.04107044625625223,"Taucorr":0.3454524145974035},"Iteration":207},
{"Acceptance":[0.3202892561983471],"Energy":{"Mean":-39.14529830358502,"Sigma":0.0160646486250912,"Taucorr":0.2014272000225481},"EnergyVariance":{"Mean":0.24558223147632374,"Sigma":0.058958497980777604,"Taucorr":0.10753497876049423},"Iteration":208},
{"Acceptance":[0.32648760330578513],"Energy":{"Mean":-39.1256741399483,"Sigma":0.015486087651110944,"Taucorr":0.23711123316442861},"EnergyVariance":{"Mean":0.23684513810695357,"Sigma":0.03309738845407286,"Taucorr":0.17286318382508947},"Iteration":209},
{"Acceptance":[0.32636363636363636],"Energy":{"Mean":-39.127845306605344,"Sigma":0.013598073727546059,"Taucorr":0.34669590648422655},"EnergyVariance":{"Mean":0.1448437235599422,"Sigma":0.016841825220495828,"Taucorr":0.6553606718768048},"Iteration":210},
{"Acceptance":[0.32458677685950416],"Energy":{"Mean":-39.13704186936728,"Sigma":0.013884039286657499,"Taucorr":0.1461079815412346},"EnergyVariance":{"Mean":0.2129452017392678,"Sigma":0.0438542686285947,"Taucorr":0.055036282325022334},"Iteration":211},
{"Acceptance":[0.32450413223140495],"Energy":{"Mean":-39.144744596682166,"Sigma":0.01681123768328833,"Taucorr":0.15840926784309195},"EnergyVariance":{"Mean":0.29760859230957687,"Sigma":0.08793194814585131,"Taucorr":0.21070077630016137},"Iteration":212},
{"Acceptance":[0.3286363636363636],"Energy":{"Mean":-39.124376810970325,"Sigma":0.011748095800427096,"Taucorr":-0.14278447537732847},"EnergyVariance":{"Mean":0.26663135904330476,"Sigma":0.0419294200808462,"Taucorr":0.014110178408148766},"Iteration":213},
{"Acceptance":[0.31636363636363635],"Energy":{"Mean":-39.1132097107219,"Sigma":0.010641188560924511,"Taucorr":-0.123898633107838},"EnergyVariance":{"Mean":0.19553694626658094,"Sigma":0.01970045734211016,"Taucorr":0.16299978070682042},"Iteration":214},
{"Acceptance":[0.32834710743801654],"Energy":{"Mean":-39.140997083602564,"Sigma":0.014383836986565942,"Taucorr":0.05846818437618284},"EnergyVariance":{"Mean":0.2553675962236711,"Sigma":0.040301784376986796,"Taucorr":0.09358249887661763},"Iteration":215},
{"Acceptance":[0.3228099173553719],"Energy":{"Mean":-39.13008572557367,"Sigma":0.014661509837911351,"Taucorr":0.07172349355738605},"EnergyVariance":{"Mean":0.23608776982803784,"Sigma":0.03250223926164964,"Taucorr":0.07757261777234259},"Iteration":216},
{"Acceptance":[0.32578512396694215],"Energy":{"Mean":-39.138921007350355,"Sigma":0.014825267743325748,"Taucorr":0.14032806495815875},"EnergyVariance":{"Mean":0.22638450324529102,"Sigma":0.030256907354656887,"Taucorr":-0.015049726873482328},"Iteration":217},
{"Acceptance":[0.32962809917355373],"Energy":{"Mean":-39.13005263056043,"Sigma":0.008275585598331721,"Taucorr":-0.2672267788379087},"EnergyVariance":{"Mean":0.19866824658490584,"Sigma":0.03269991475812565,"Taucorr":0.14706799401237647},"Iteration":218},
{"Acceptance":[0.32235537190082647],"Energy":{"Mean":-39.12553993530477,"Sigma":0.012625738010846238,"Taucorr":0.22765766488743822},"EnergyVariance":{"Mean":0.14790695701293746,"Sigma":0.017489614821675065,"Taucorr":0.13091764951391283},"Iteration":219},
{"Acceptance":[0.3196694214876033],"Energy":{"Mean":-39.13184590898106,"Sigma":0.011752446817330316,"Taucorr":0.14267934602251064},"EnergyVariance":{"Mean":0.15862334584038126,"Sigma":0.01969465621689057,"Taucorr":0.22005458067752093},"Iteration":220},
{"Acceptance":[0.32640495867768593],"Energy":{"Mean":-39.13687152083411,"Sigma":0.012128252225903339,"Taucorr":-0.03972077025285997},"EnergyVariance":{"Mean":0.20962295911246803,"Sigma":0.03515115530036049,"Taucorr":0.6421136100441094},"Iteration":221},
{"Acceptance":[0.3258677685950413],"Energy":{"Mean":-39.115661586228946,"Sigma":0.01012224382621118,"Taucorr":-0.12274361623462804},"EnergyVariance":{"Mean":0.17955298906364095,"Sigma":0.016458767480622895,"Taucorr":0.07116975775324264},"Iteration":222},
{"Acceptance":[0.31508264462809915],"Energy":{"Mean":-39.13035186089389,"Sigma":0.009070559120227433,"Taucorr":-0.17400973296654842},"EnergyVariance":{"Mean":0.18879731355763535,"Sigma":0.024762016815779046,"Taucorr":0.06926968348060103},"Iteration":223},
{"Acceptance":[0.3183884297520661],"Energy":{"Mean":-39.15878316752618,"Sigma":0.017214055985954838,"Taucorr":0.24035235406991262},"EnergyVariance":{"Mean":0.2763157493103745,"Sigma":0.07390504667906946,"Taucorr":0.4822916985598874},"Iteration":224},
{"Acceptance":[0.32322314049586776],"Energy":{"Mean":-39.12621149361227,"Sigma":0.012405325412706116,"Taucorr":0.015962020636610563},"EnergyVariance":{"Mean":0.20505071983683434,"Sigma":0.03190345459018583,"Taucorr":0.2882134527449146},"Iteration":225},
{"Acceptance":[0.32202479338842976],"Energy":{"Mean":-39.14113023604836,"Sigma":0.01210060536948894,"Taucorr":-0.0528413239540258},"EnergyVariance":{"Mean":0.2191255772438159,"Sigma":0.04510131937100709,"Taucorr":0.03918372036424522},"Iteration":226},
{"Acceptance":[0.3271074380165289],"Energy":{"Mean":-39.15859467334793,"Sigma":0.010570795156025724,"Taucorr":-0.16797762875382327},"EnergyVariance":{"Mean":0.23414251205424078,"Sigma":0.03675046252203742,"Taucorr":0.26998554695815213},"Iteration":227},
{"Acceptance":[0.32776859504132233],"Energy":{"Mean":-39.1511467358948,"Sigma":0.0131561989801653,"Taucorr":0.019436394309735983},"EnergyVariance":{"Mean":0.23008155914786735,"Sigma":0.0390856877335167,"Taucorr":0.4617081401202664},"Iteration":228},
{"Acceptance":[0.32826446280991733],"Energy":{"Mean":-39.122274629517065,"Sigma":0.013947894109690063,"Taucorr":0.4567903560750972},"EnergyVariance":{"Mean":0.14989927556557928,"Sigma":0.01719643554886144,"Taucorr":0.2145705945960168},"Iteration":229},
{"Acceptance":[0.3189669421487603],"Energy":{"Mean":-39.12461349689108,"Sigma":0.012512101451558396,"Taucorr":0.11387035848076632},"EnergyVariance":{"Mean":0.16742728184949107,"Sigma":0.0251698663489029,"Taucorr":0.2160596916028511},"Iteration":230},
{"Acceptance":[0.3199173553719008],"Energy":{"Mean":-39.160298503366676,"Sigma":0.014431846711823232,"Taucorr":-0.010239230717909165},"EnergyVariance":{"Mean":0.3147493862010498,"Sigma":0.08752747154399163,"Taucorr":0.3535117026401462},"Iteration":231},
{"Acceptance":[0.3253305785123967],"Energy":{"Mean":-39.12025076393451,"Sigma":0.013659381804566295,"Taucorr":0.10167162605659641},"EnergyVariance":{"Mean":0.20703683113531518,"Sigma":0.025038622983179503,"Taucorr":0.0027909692125407393},"Iteration":232},
{"Acceptance":[0.3329338842975207],"Energy":{"Mean":-39.14458267606106,"Sigma":0.021016776214849608,"Taucorr":0.6029487901294361},"EnergyVariance":{"Mean":0.26120333348951724,"Sigma":0.07518577704029808,"Taucorr":1.1134887377329887},"Iteration":233},
{"Acceptance":[0.32661157024793386],"Energy":{"Mean":-39.14976213611186,"Sigma":0.013144831211620862,"Taucorr":0.1360588716117611},"EnergyVariance":{"Mean":0.18879983366452008,"Sigma":0.028660903548612855,"Taucorr":0.1932933557871993},"Iteration":234},
{"Acceptance":[0.3240909090909091],"Energy":{"Mean":-39.1292164895163,"Sigma":0.012305335627421712,"Taucorr":0.0323205536620248},"EnergyVariance":{"Mean":0.1850256615806173,"Sigma":0.026906236805889362,"Taucorr":0.03588116958052556},"Iteration":235},
{"Acceptance":[0.3280578512396694],"Energy":{"Mean":-39.13127064735606,"Sigma":0.01712015069426196,"Taucorr":0.19816961417895806},"EnergyVariance":{"Mean":0.2659952220195157,"Sigma":0.05422350261666138,"Taucorr":0.06093787303194165},"Iteration":236},
{"Acceptance":[0.32847107438016526],"Energy":{"Mean":-39.12093998341385,"Sigma":0.013408610682523003,"Taucorr":-0.10480226871787746},"EnergyVariance":{"Mean":0.32218085031089216,"Sigma":0.1248104254497375,"Taucorr":-0.012351675662132244},"Iteration":237},
{"Acceptance":[0.3279338842975207],"Energy":{"Mean":-39.12654933802463,"Sigma":0.010885797150549454,"Taucorr":-0.08623268925013061},"EnergyVariance":{"Mean":0.1883850510918399,"Sigma":0.022752800951463856,"Taucorr":-0.023829754747653142},"Iteration":238},
{"Acceptance":[0.32425619834710745],"Energy":{"Mean":-39.131902285607865,"Sigma":0.01449760516928346,"Taucorr":0.13562728281131653},"EnergyVariance":{"Mean":0.21984769100713866,"Sigma":0.029039539264766934,"Taucorr":0.09165401293849373},"Iteration":239},
{"Acceptance":[0.3259090909090909],"Energy":{"Mean":-39.12683834798987,"Sigma":0.012484529880350068,"Taucorr":0.12966446194117398},"EnergyVariance":{"Mean":0.18398470398088693,"Sigma":0.03797660579835943,"Taucorr":0.597221482675574},"Iteration":240},
{"Acceptance":[0.33008264462809916],"Energy":{"Mean":-39.121420986680086,"Sigma":0.011749735187601518,"Taucorr":-0.0559324640490908},"EnergyVariance":{"Mean":0.19506547333635016,"Sigma":0.04313208092020254,"Taucorr":-0.008818937831907958},"Iteration":241},
{"Acceptance":[0.32289256198347105],"Energy":{"Mean":-39.11861258297359,"Sigma":0.010518584477045931,"Taucorr":0.018341338895227266},"EnergyVariance":{"Mean":0.15140434798858818,"Sigma":0.01539578972901639,"Taucorr":-0.060110023598500595},"Iteration":242},
{"Acceptance":[0.3299173553719008],"Energy":{"Mean":-39.1269615451855,"Sigma":0.013698772676504373,"Taucorr":0.22809514736043612},"EnergyVariance":{"Mean":0.19354543195333893,"Sigma":0.02843125651046969,"Taucorr":0.03494939760781868},"Iteration":243},
{"Acceptance":[0.31607438016528927],"Energy":{"Mean":-39.115256772108914,"Sigma":0.009298772405971616,"Taucorr":-0.05438453827837336},"EnergyVariance":{"Mean":0.1848599125355236,"Sigma":0.05074811580779121,"Taucorr":0.0009918091654287364},"Iteration":244},
{"Acceptance":[0.32148760330578513],"Energy":{"Mean":-39.139545366347726,"Sigma":0.022080631970942496,"Taucorr":0.23136678332274363},"EnergyVariance":{"Mean":0.39813162818314457,"Sigma":0.25290744316740066,"Taucorr":0.001179255907087673},"Iteration":245},
{"Acceptance":[0.31950413223140495],"Energy":{"Mean":-39.13950028867067,"Sigma":0.01675151655656213,"Taucorr":0.2841234789872008},"EnergyVariance":{"Mean":0.24405636834078753,"Sigma":0.03170832763901585,"Taucorr":0.05361221360396329},"Iteration":246},
{"Acceptance":[0.3200413223140496],"Energy":{"Mean":-39.14379298043517,"Sigma":0.015590379224595689,"Taucorr":0.15042551293860507},"EnergyVariance":{"Mean":0.2795377617352163,"Sigma":0.07800930834354654,"Taucorr":0.15717237482188184},"Iteration":247},
{"Acceptance":[0.32020661157024793],"Energy":{"Mean":-39.13508637396155,"Sigma":0.0095408375042353,"Taucorr":-0.11768236212134331},"EnergyVariance":{"Mean":0.15677811780497683,"Sigma":0.025834203404731835,"Taucorr":0.37364795496804304},"Iteration":248},
{"Acceptance":[0.32450413223140495],"Energy":{"Mean":-39.129144230736884,"Sigma":0.011027584803141624,"Taucorr":0.001580687983723017},"EnergyVariance":{"Mean":0.17183725993571944,"Sigma":0.022642614888344827,"Taucorr":0.0018991423413320385},"Iteration":249},
{"Acceptance":[0.32603305785123965],"Energy":{"Mean":-39.12950014519863,"Sigma":0.010619193350914482,"Taucorr":-0.09975215865625392},"EnergyVariance":{"Mean":0.20599806248627373,"Sigma":0.03584879690904986,"Taucorr":0.3039558575961413},"Iteration":250},
{"Acceptance":[0.32020661157024793],"Energy":{"Mean":-39.137219070728996,"Sigma":0.013984812713808177,"Taucorr":0.07766214862058496},"EnergyVariance":{"Mean":0.26992436648021334,"Sigma":0.04067368067795156,"Taucorr":-0.08025084429248386},"Iteration":251},
{"Acceptance":[0.324297520661157],"Energy":{"Mean":-39.1429623024104,"Sigma":0.023964931575687395,"Taucorr":0.06861786989479468},"EnergyVariance":{"Mean":0.5870676577523414,"Sigma":0.3348719176830879,"Taucorr":-0.0016725176102638795},"Iteration":252},
{"Acceptance":[0.32520661157024794],"Energy":{"Mean":-39.133832734722986,"Sigma":0.014093647275976319,"Taucorr":0.07193523858968187},"EnergyVariance":{"Mean":0.2880294104096878,"Sigma":0.06346141019996462,"Taucorr":0.051738958845231275},"Iteration":253},
{"Acceptance":[0.3308264462809917],"Energy":{"Mean":-39.12256940388186,"Sigma":0.014419917164263819,"Taucorr":0.02008675136408178},"EnergyVariance":{"Mean":0.24863301705298105,"Sigma":0.07346426121709396,"Taucorr":-0.023666437358528747},"Iteration":254},
{"Acceptance":[0.32483471074380166],"Energy":{"Mean":-39.11856519727727,"Sigma":0.009333966429113461,"Taucorr":-0.057502927690651406},"EnergyVariance":{"Mean":0.14800948308929104,"Sigma":0.01946186748442541,"Taucorr":0.28946040881253077},"Iteration":255},
{"Acceptance":[0.31859504132231403],"Energy":{"Mean":-39.147758907536286,"Sigma":0.015443557249637392,"Taucorr":0.04166201766866329},"EnergyVariance":{"Mean":0.2775758202086676,"Sigma":0.08104592214187503,"Taucorr":0.027850255261877788},"Iteration":256},
{"Acceptance":[0.3215702479338843],"Energy":{"Mean":-39.12676113659945,"Sigma":0.01308472981512458,"Taucorr":0.031981111798173645},"EnergyVariance":{"Mean":0.20253125762477434,"Sigma":0.04611412313794765,"Taucorr":0.0913885133590272},"Iteration":257},
{"Acceptance":[0.32086776859504135],"Energy":{"Mean":-39.141978049029575,"Sigma":0.013787015487207966,"Taucorr":0.017811871146860336},"EnergyVariance":{"Mean":0.27979833428010664,"Sigma":0.07553999823272181,"Taucorr":0.08196514350736528},"Iteration":258},
{"Acceptance":[0.32520661157024794],"Energy":{"Mean":-39.13061060113158,"Sigma":0.012123031032507302,"Taucorr":-0.05001748945166845},"EnergyVariance":{"Mean":0.21837419106362363,"Sigma":0.03416683955688532,"Taucorr":-0.02473579595880876},"Iteration":259},
{"Acceptance":[0.33198347107438014],"Energy":{"Mean":-39.10644986984158,"Sigma":0.010020537159019958,"Taucorr":-0.056004582164774164},"EnergyVariance":{"Mean":0.16741521357921496,"Sigma":0.01910062190013416,"Taucorr":0.04062485826333684},"Iteration":260},
{"Acceptance":[0.3176859504132231],"Energy":{"Mean":-39.14338699722047,"Sigma":0.010515766580116952,"Taucorr":-0.1678181617248421},"EnergyVariance":{"Mean":0.2061522265750225,"Sigma":0.038763997736845024,"Taucorr":-0.05973461689922377},"Iteration":261},
{"Acceptance":[0.3195454545454545],"Energy":{"Mean":-39.13474225742624,"Sigma":0.011101500726621317,"Taucorr":0.07990313347808675},"EnergyVariance":{"Mean":0.15012966817988435,"Sigma":0.02464165931369016,"Taucorr":0.2748062055758702},"Iteration":262},
{"Acceptance":[0.31202479338842976],"Energy":{"Mean":-39.13676875126912,"Sigma":0.012655177648954874,"Taucorr":0.11785615876833067},"EnergyVariance":{"Mean":0.1769974867651225,"Sigma":0.020062169862914172,"Taucorr":-0.06325628895705215},"Iteration":263},
{"Acceptance":[0.3165702479338843],"Energy":{"Mean":-39.13214609127955,"Sigma":0.010954060241209056,"Taucorr":0.03684974467027835},"EnergyVariance":{"Mean":0.14948046948147978,"Sigma":0.02186545315792483,"Taucorr":0.21202970691942546},"Iteration":264},
{"Acceptance":[0.3249173553719008],"Energy":{"Mean":-39.14715383159867,"Sigma":0.011341470724574693,"Taucorr":-0.11029509686102607},"EnergyVariance":{"Mean":0.21883933745311757,"Sigma":0.04216499747423988,"Taucorr":0.07053055385166596},"Iteration":265},
{"Acceptance":[0.32541322314049587],"Energy":{"Mean":-39.13080457644403,"Sigma":0.01077985252805025,"Taucorr":0.07451150030007625},"EnergyVariance":{"Mean":0.14995688064232418,"Sigma":0.019378911870729966,"Taucorr":-0.0483636832216372},"Iteration":266},
{"Acceptance":[0.31809917355371903],"Energy":{"Mean":-39.110527689332834,"Sigma":0.009481212075315628,"Taucorr":-0.09285601095260182},"EnergyVariance":{"Mean":0.1539195977784235,"Sigma":0.015538904264285676,"Taucorr":0.07628337271632968},"Iteration":267},
{"Acceptance":[0.31392561983471073],"Energy":{"Mean":-39.131475860102164,"Sigma":0.015091372199413013,"Taucorr":0.39890444699732674},"EnergyVariance":{"Mean":0.16753013512436346,"Sigma":0.049568997614849765,"Taucorr":0.19164602659696617},"Iteration":268},
{"Acceptance":[0.3222314049586777],"Energy":{"Mean":-39.11654250612618,"Sigma":0.01144217587835768,"Taucorr":0.18378936191375084},"EnergyVariance":{"Mean":0.14522570596030515,"Sigma":0.022183566354105805,"Taucorr":0.2201284365831162},"Iteration":269},
{"Acceptance":[0.31607438016528927],"Energy":{"Mean":-39.14421839748939,"Sigma":0.01520683973152037,"Taucorr":0.3771752447408987},"EnergyVariance":{"Mean":0.2000810152110686,"Sigma":0.060414157381421564,"Taucorr":0.4499084969333931},"Iteration":270},
{"Acceptance":[0.31867768595041324],"Energy":{"Mean":-39.12496670642083,"Sigma":0.010337395075239784,"Taucorr":0.02986360071616656},"EnergyVariance":{"Mean":0.1313717001698398,"Sigma":0.02873100597387268,"Taucorr":0.01384906752202364},"Iteration":271},
{"Acceptance":[0.33268595041322313],"Energy":{"Mean":-39.132233196316555,"Sigma":0.01220741962262389,"Taucorr":-0.12830205310062448},"EnergyVariance":{"Mean":0.25424927764125016,"Sigma":0.07044738758795115,"Taucorr":0.25281828717976207},"Iteration":272},
{"Acceptance":[0.3178925619834711],"Energy":{"Mean":-39.14586883516116,"Sigma":0.016726791053398107,"Taucorr":0.30149145867850047},"EnergyVariance":{"Mean":0.2511342276857005,"Sigma":0.06224825547798484,"Taucorr":0.30776594087767206},"Iteration":273},
{"Acceptance":[0.3224380165289256],"Energy":{"Mean":-39.133511688374455,"Sigma":0.011049385842532358,"Taucorr":0.09679637038501554},"EnergyVariance":{"Mean":0.14585321599756315,"Sigma":0.014556865281204817,"Taucorr":-0.06098586538609724},"Iteration":274},
{"Acceptance":[0.32322314049586776],"Energy":{"Mean":-39.13563040895316,"Sigma":0.012726160862712946,"Taucorr":0.21797492964031295},"EnergyVariance":{"Mean":0.1631379662280458,"Sigma":0.019241991967522836,"Taucorr":0.045980319170001116},"Iteration":275},
{"Acceptance":[0.3202892561983471],"Energy":{"Mean":-39.12913092804572,"Sigma":0.01160380448436346,"Taucorr":-0.09417950435480738},"EnergyVariance":{"Mean":0.23120456150198265,"Sigma":0.04874547644912226,"Taucorr":0.18149561337976783},"Iteration":276},
{"Acceptance":[0.32392561983471074],"Energy":{"Mean":-39.120861817890834,"Sigma":0.011008700370314668,"Taucorr":0.24565189551084388},"EnergyVariance":{"Mean":0.13376000216564482,"Sigma":0.016601853495949757,"Taucorr":-0.05565247301034287},"Iteration":277},
{"Acceptance":[0.31611570247933884],"Energy":{"Mean":-39.14260138198306,"Sigma":0.01236274038555639,"Taucorr":0.19311548281870206},"EnergyVariance":{"Mean":0.16092443141151855,"Sigma":0.049180177782829626,"Taucorr":0.503108927980974},"Iteration":278},
{"Acceptance":[0.32330578512396696],"Energy":{"Mean":-39.142812097145374,"Sigma":0.009511675893082293,"Taucorr":-0.19707985637557268},"EnergyVariance":{"Mean":0.2016269532152007,"Sigma":0.03337667651672643,"Taucorr":0.008472366732597436},"Iteration":279},
{"Acceptance":[0.3259917355371901],"Energy":{"Mean":-39.15982015857331,"Sigma":0.017299339014770793,"Taucorr":0.09242257107003837},"EnergyVariance":{"Mean":0.3371516886353057,"Sigma":0.11665188631431485,"Taucorr":-0.02092720855394653},"Iteration":280},
{"Acceptance":[0.32074380165289257],"Energy":{"Mean":-39.12722230711535,"Sigma":0.009500750830084989,"Taucorr":0.040404617934373666},"EnergyVariance":{"Mean":0.1323383292938565,"Sigma":0.016239731735283564,"Taucorr":-0.08135573039120908},"Iteration":281},
{"Acceptance":[0.3228512396694215],"Energy":{"Mean":-39.154157850307904,"Sigma":0.011408214756310776,"Taucorr":0.022667339091063998},"EnergyVariance":{"Mean":0.16304419936660036,"Sigma":0.032817558708324264,"Taucorr":0.24537984574755667},"Iteration":282},
{"Acceptance":[0.32231404958677684],"Energy":{"Mean":-39.1190170674481,"Sigma":0.009432716310105666,"Taucorr":-0.04826321984417942},"EnergyVariance":{"Mean":0.1446011875205961,"Sigma":0.018385935918375087,"Taucorr":0.28282141424742646},"Iteration":283},
{"Acceptance":[0.32367768595041324],"Energy":{"Mean":-39.13942252589834,"Sigma":0.01100125722738531,"Taucorr":-0.0847829718390064},"EnergyVariance":{"Mean":0.18355817670027655,"Sigma":0.058102864635346155,"Taucorr":0.5409090180729661},"Iteration":284},
{"Acceptance":[0.3293801652892562],"Energy":{"Mean":-39.12193708827364,"Sigma":0.01054452880799845,"Taucorr":-0.07591140613566483},"EnergyVariance":{"Mean":0.16825697624144315,"Sigma":0.03233695699971755,"Taucorr":0.2693486714026263},"Iteration":285},
{"Acceptance":[0.32797520661157026],"Energy":{"Mean":-39.104499349555134,"Sigma":0.009997809078355067,"Taucorr":-0.08775021871292288},"EnergyVariance":{"Mean":0.23911199023500382,"Sigma":0.08837358209620746,"Taucorr":0.1027936996334724},"Iteration":286},
{"Acceptance":[0.3259504132231405],"Energy":{"Mean":-39.145603848644406,"Sigma":0.01152845869801053,"Taucorr":-0.07030192763940268},"EnergyVariance":{"Mean":0.22648354486925365,"Sigma":0.08011878458329849,"Taucorr":0.01962070995397236},"Iteration":287},
{"Acceptance":[0.3201239669421488],"Energy":{"Mean":-39.137367716113054,"Sigma":0.011236635448004873,"Taucorr":0.006568435913934079},"EnergyVariance":{"Mean":0.1577427665679767,"Sigma":0.02570204807808222,"Taucorr":0.11792945547992195},"Iteration":288},
{"Acceptance":[0.3290082644628099],"Energy":{"Mean":-39.12348311343779,"Sigma":0.011552789526116521,"Taucorr":0.13329329540067447},"EnergyVariance":{"Mean":0.15462162647136263,"Sigma":0.019434423365343997,"Taucorr":0.05142376210141608},"Iteration":289},
{"Acceptance":[0.3237603305785124],"Energy":{"Mean":-39.11819315366714,"Sigma":0.01066887507866855,"Taucorr":0.12317575253281532},"EnergyVariance":{"Mean":0.13673248383839004,"Sigma":0.0131635643643261,"Taucorr":-0.04428045297412836},"Iteration":290},
{"Acceptance":[0.3179338842975207],"Energy":{"Mean":-39.139083699894925,"Sigma":0.010326630809210367,"Taucorr":0.0173827751058645},"EnergyVariance":{"Mean":0.13960113987137193,"Sigma":0.01835253765574648,"Taucorr":0.01647237487703912},"Iteration":291},
{"Acceptance":[0.3216528925619835],"Energy":{"Mean":-39.129961187607705,"Sigma":0.011041933219056728,"Taucorr":0.015168189210639227},"EnergyVariance":{"Mean":0.17614593285375685,"Sigma":0.026286463170368996,"Taucorr":0.013190386678315846},"Iteration":292},
{"Acceptance":[0.32086776859504135],"Energy":{"Mean":-39.14303410236719,"Sigma":0.011415586023477394,"Taucorr":-0.03212225478663017},"EnergyVariance":{"Mean":0.18843351271397063,"Sigma":0.04530525822654142,"Taucorr":-0.02470871467288127},"Iteration":293},
{"Acceptance":[0.3221074380165289],"Energy":{"Mean":-39.13367979768285,"Sigma":0.011530710391345825,"Taucorr":0.09924737566103381},"EnergyVariance":{"Mean":0.16107031290491844,"Sigma":0.03910955436951663,"Taucorr":0.07499867917482739},"Iteration":294},
{"Acceptance":[0.32235537190082647],"Energy":{"Mean":-39.135126302169795,"Sigma":0.012098541767827441,"Taucorr":0.13441056383483252},"EnergyVariance":{"Mean":0.17632967078146908,"Sigma":0.022848801572791285,"Taucorr":0.037095437190101554},"Iteration":295},
{"Acceptance":[0.32078512396694214],"Energy":{"Mean":-39.1134913525576,"Sigma":0.009895056799095307,"Taucorr":-0.04524424348341649},"EnergyVariance":{"Mean":0.14679781383486676,"Sigma":0.023191483362298173,"Taucorr":0.2184393587636353},"Iteration":296},
{"Acceptance":[0.32289256198347105],"Energy":{"Mean":-39.13946766328992,"Sigma":0.018897213269655797,"Taucorr":0.5018632662319387},"EnergyVariance":{"Mean":0.22749896851814422,"Sigma":0.06839602557950339,"Taucorr":0.3373690909384661},"Iteration":297},
{"Acceptance":[0.3209090909090909],"Energy":{"Mean":-39.13642677689081,"Sigma":0.010927436966777547,"Taucorr":0.11449083453820674},"EnergyVariance":{"Mean":0.14068453219699173,"Sigma":0.021344367021467393,"Taucorr":0.19510503816809888},"Iteration":298},
{"Acceptance":[0.32301652892561983],"Energy":{"Mean":-39.11843160023763,"Sigma":0.011935364133634989,"Taucorr":0.18415913045279975},"EnergyVariance":{"Mean":0.1739670288416974,"Sigma":0.03551827613782364,"Taucorr":-0.040750388908272095},"Iteration":299} 
]}