{"Output": [
{"Acceptance":[0.4646694214876033],"Energy":{"Mean":-22.193841548566763,"Sigma":0.48100855769954354,"Taucorr":0.7519625421702705},"EnergyVariance":{"Mean":93.21321289643411,"Sigma":3.485292801874598,"Taucorr":-0.12259846846781158},"Iteration":0},
{"Acceptance":[0.43132231404958676],"Energy":{"Mean":-35.642921525808504,"Sigma":0.2523082258194227,"Taucorr":0.9589632295373378},"EnergyVariance":{"Mean":21.78308803427927,"Sigma":1.2947720303926584,"Taucorr":0.20030166208310352},"Iteration":1},
{"Acceptance":[0.39454545454545453],"Energy":{"Mean":-37.48646269410543,"Sigma":0.1931421543791055,"Taucorr":1.5705916385460919},"EnergyVariance":{"Mean":8.940564235819224,"Sigma":0.7996854170431115,"Taucorr":0.6529631964228124},"Iteration":2},
{"Acceptance":[0.3768595041322314],"Energy":{"Mean":-38.03266907588323,"Sigma":0.1817247129390095,"Taucorr":2.6801286398806443},"EnergyVariance":{"Mean":5.151006905477273,"Sigma":0.8499355423250897,"Taucorr":2.129637767300974},"Iteration":3},
{"Acceptance":[0.3690495867768595],"Energy":{"Mean":-38.79421916135794,"Sigma":0.09125424084468738,"Taucorr":1.2669937659825465},"EnergyVariance":{"Mean":2.3369451885013994,"Sigma":0.24835839028528497,"Taucorr":0.827008113096035},"Iteration":4},
{"Acceptance":[0.3591322314049587],"Energy":{"Mean":-38.77143360943101,"Sigma":0.10109056297439256,"Taucorr":1.8107699053905635},"EnergyVariance":{"Mean":2.192437826969585,"Sigma":0.4578997942740881,"Taucorr":2.9099639231596846},"Iteration":5},
{"Acceptance":[0.3534710743801653],"Energy":{"Mean":-38.764863173023826,"Sigma":0.07056347924971852,"Taucorr":0.919960824402231},"EnergyVariance":{"Mean":1.7379746812651944,"Sigma":0.2008932124451266,"Taucorr":0.710886448764728},"Iteration":6},
{"Acceptance":[0.35301652892561985],"Energy":{"Mean":-38.6964501496386,"Sigma":0.08561801186212989,"Taucorr":1.3260383408716878},"EnergyVariance":{"Mean":1.989437760720793,"Sigma":0.20203719549610022,"Taucorr":0.6366816313252459},"Iteration":7},
{"Acceptance":[0.34764462809917357],"Energy":{"Mean":-39.000823300148646,"Sigma":0.04036424397843817,"Taucorr":0.29857421389760885},"EnergyVariance":{"Mean":1.0111586825857524,"Sigma":0.0918092350932663,"Taucorr":0.3889815211303639},"Iteration":8},
{"Acceptance":[0.34756198347107436],"Energy":{"Mean":-38.957377769997834,"Sigma":0.04644655508341998,"Taucorr":0.4776319687203424},"EnergyVariance":{"Mean":1.0935523041743656,"Sigma":0.10065007669384461,"Taucorr":0.3129143752883411},"Iteration":9},
{"Acceptance":[0.34388429752066113],"Energy":{"Mean":-38.92743120658097,"Sigma":0.05887834580148017,"Taucorr":1.179905993356002},"EnergyVariance":{"Mean":1.0226329421747211,"Sigma":0.09160103446805667,"Taucorr":0.2666946339802502},"Iteration":10},
{"Acceptance":[0.3434710743801653],"Energy":{"Mean":-38.99223824185943,"Sigma":0.03835992080103906,"Taucorr":0.35294358814654925},"EnergyVariance":{"Mean":0.8549272454045456,"Sigma":0.09733169311670298,"Taucorr":0.6690024245533048},"Iteration":11},
{"Acceptance":[0.3427272727272727],"Energy":{"Mean":-38.97133400003319,"Sigma":0.04721684041556385,"Taucorr":0.7859839766016083},"EnergyVariance":{"Mean":0.8590826286559196,"Sigma":0.08747062240445622,"Taucorr":0.47647548170578613},"Iteration":12},
{"Acceptance":[0.33917355371900826],"Energy":{"Mean":-38.998843805032614,"Sigma":0.04750073358513008,"Taucorr":0.9208394492100138},"EnergyVariance":{"Mean":0.7869118514593793,"Sigma":0.10285421012922905,"Taucorr":0.8133196275514014},"Iteration":13},
{"Acceptance":[0.3408677685950413],"Energy":{"Mean":-39.10391424055965,"Sigma":0.034082282331740106,"Taucorr":0.42304752894559927},"EnergyVariance":{"Mean":0.6235906082308846,"Sigma":0.05447451192664991,"Taucorr":0.059018159702299955},"Iteration":14},
{"Acceptance":[0.33942148760330576],"Energy":{"Mean":-39.00411669136317,"Sigma":0.03459006985790054,"Taucorr":0.33294341417614404},"EnergyVariance":{"Mean":0.7117982899771627,"Sigma":0.07153027307330032,"Taucorr":0.2967524807376325},"Iteration":15},
{"Acceptance":[0.3399586776859504],"Energy":{"Mean":-39.05875073019543,"Sigma":0.03236000418982946,"Taucorr":0.4988207332455282},"EnergyVariance":{"Mean":0.5195183765908804,"Sigma":0.048053255487165034,"Taucorr":0.24411436953820764},"Iteration":16},
{"Acceptance":[0.3378512396694215],"Energy":{"Mean":-39.06357568551405,"Sigma":0.026478212837198565,"Taucorr":0.0942151085287184},"EnergyVariance":{"Mean":0.5846601776485798,"Sigma":0.05891571916806017,"Taucorr":0.35951123825007425},"Iteration":17},
{"Acceptance":[0.3362396694214876],"Energy":{"Mean":-39.075358375046214,"Sigma":0.03251669078500366,"Taucorr":0.6169214624791399},"EnergyVariance":{"Mean":0.46909403502914965,"Sigma":0.04865132342974071,"Taucorr":0.38417752747049405},"Iteration":18},
{"Acceptance":[0.33425619834710746],"Energy":{"Mean":-39.09166651051506,"Sigma":0.03390990844449616,"Taucorr":0.6776145356914471},"EnergyVariance":{"Mean":0.48385745228746063,"Sigma":0.05369885053583846,"Taucorr":0.5469655017681687},"Iteration":19},
{"Acceptance":[0.33264462809917356],"Energy":{"Mean":-39.07748334025291,"Sigma":0.023824158983461866,"Taucorr":0.04983459213153074},"EnergyVariance":{"Mean":0.5115175067796378,"Sigma":0.048951012206393356,"Taucorr":0.1783139107308913},"Iteration":20},
{"Acceptance":[0.3422314049586777],"Energy":{"Mean":-39.02585096902857,"Sigma":0.02651259336130299,"Taucorr":0.23203133576372736},"EnergyVariance":{"Mean":0.47581641849705475,"Sigma":0.04315534610427387,"Taucorr":0.15935239009676128},"Iteration":21},
{"Acceptance":[0.3405371900826446],"Energy":{"Mean":-39.042115884198225,"Sigma":0.02432200489057375,"Taucorr":0.19255668306562945},"EnergyVariance":{"Mean":0.4232656262573977,"Sigma":0.041410787631947846,"Taucorr":0.32946045864915663},"Iteration":22},
{"Acceptance":[0.3356611570247934],"Energy":{"Mean":-39.083373152802835,"Sigma":0.02346558453041429,"Taucorr":0.2333359295871814},"EnergyVariance":{"Mean":0.37206343629824473,"Sigma":0.03294984458220124,"Taucorr":0.02722063940125763},"Iteration":23},
{"Acceptance":[0.33276859504132233],"Energy":{"Mean":-39.08986645956383,"Sigma":0.02472719910512939,"Taucorr":0.27748364024333205},"EnergyVariance":{"Mean":0.38969097090709914,"Sigma":0.028037161594360007,"Taucorr":0.06981158685110878},"Iteration":24},
{"Acceptance":[0.3368181818181818],"Energy":{"Mean":-39.08777169515992,"Sigma":0.020068556348067687,"Taucorr":0.0024873999423631332},"EnergyVariance":{"Mean":0.39715755003303516,"Sigma":0.03313574628513066,"Taucorr":0.07430146801959903},"Iteration":25},
{"Acceptance":[0.33008264462809916],"Energy":{"Mean":-39.1254581814202,"Sigma":0.02116788651995264,"Taucorr":0.21323922561087094},"EnergyVariance":{"Mean":0.311303882450475,"Sigma":0.02657837599643781,"Taucorr":0.079208133874346},"Iteration":26},
{"Acceptance":[0.3400413223140496],"Energy":{"Mean":-39.09146011053317,"Sigma":0.024208277278651824,"Taucorr":0.35693216446784826},"EnergyVariance":{"Mean":0.33887278160199047,"Sigma":0.03356892632599899,"Taucorr":0.24278545978363564},"Iteration":27},
{"Acceptance":[0.3380578512396694],"Energy":{"Mean":-39.12413444522737,"Sigma":0.01909134189900815,"Taucorr":0.010303490709885343},"EnergyVariance":{"Mean":0.35391442893233244,"Sigma":0.032028834648552114,"Taucorr":0.23449161964132226},"Iteration":28},
{"Acceptance":[0.3386363636363636],"Energy":{"Mean":-39.08985902449278,"Sigma":0.02277532761665862,"Taucorr":0.23227088766437987},"EnergyVariance":{"Mean":0.3510038321890741,"Sigma":0.027613478378022614,"Taucorr":0.002411222385549361},"Iteration":29},
{"Acceptance":[0.3362809917355372],"Energy":{"Mean":-39.13755146567383,"Sigma":0.02456405002493542,"Taucorr":0.39311277190438454},"EnergyVariance":{"Mean":0.3347724483400101,"Sigma":0.026474307843457796,"Taucorr":0.019553606713396232},"Iteration":30},
{"Acceptance":[0.3321074380165289],"Energy":{"Mean":-39.119255966294794,"Sigma":0.01993581582850809,"Taucorr":0.1479397106462671},"EnergyVariance":{"Mean":0.30393702735219613,"Sigma":0.03466436648775591,"Taucorr":0.5091872334336349},"Iteration":31},
{"Acceptance":[0.3345867768595041],"Energy":{"Mean":-39.120134351212876,"Sigma":0.022720900975348245,"Taucorr":0.3079016761060921},"EnergyVariance":{"Mean":0.3166269431906215,"Sigma":0.02615631146083487,"Taucorr":0.038311814452992476},"Iteration":32},
{"Acceptance":[0.3362809917355372],"Energy":{"Mean":-39.149271036259925,"Sigma":0.022578826824783876,"Taucorr":0.24048749163609817},"EnergyVariance":{"Mean":0.3411558444999293,"Sigma":0.03612544564856884,"Taucorr":0.4466852788697657},"Iteration":33},
{"Acceptance":[0.3306611570247934],"Energy":{"Mean":-39.140490595171755,"Sigma":0.02062717745505778,"Taucorr":0.167085440556361},"EnergyVariance":{"Mean":0.31604536659722904,"Sigma":0.025343278618327428,"Taucorr":0.10205062653267705},"Iteration":34},
{"Acceptance":[0.3237603305785124],"Energy":{"Mean":-39.11522596776388,"Sigma":0.022730721472000993,"Taucorr":0.3112516100607311},"EnergyVariance":{"Mean":0.3155881366828405,"Sigma":0.026484766537936848,"Taucorr":-0.010265456247919691},"Iteration":35},
{"Acceptance":[0.33925619834710746],"Energy":{"Mean":-39.12426679906987,"Sigma":0.02104099941670206,"Taucorr":0.1914153412671593},"EnergyVariance":{"Mean":0.3172803398436438,"Sigma":0.02870097654675452,"Taucorr":0.12364499555362296},"Iteration":36},
{"Acceptance":[0.33768595041322313],"Energy":{"Mean":-39.11913914145793,"Sigma":0.019860665082194022,"Taucorr":0.17299678185512313},"EnergyVariance":{"Mean":0.2904179004273317,"Sigma":0.026172238455927362,"Taucorr":0.18172843680308004},"Iteration":37},
{"Acceptance":[0.34243801652892564],"Energy":{"Mean":-39.08233265783808,"Sigma":0.020153630599178317,"Taucorr":0.20040291454446035},"EnergyVariance":{"Mean":0.28734824391423963,"Sigma":0.030136001660057938,"Taucorr":0.45267762836336023},"Iteration":38},
{"Acceptance":[0.3305785123966942],"Energy":{"Mean":-39.10772741849902,"Sigma":0.018637251868558483,"Taucorr":0.10076638322455067},"EnergyVariance":{"Mean":0.28648759086590636,"Sigma":0.034622758337892814,"Taucorr":0.8063440169026108},"Iteration":39},
{"Acceptance":[0.32797520661157026],"Energy":{"Mean":-39.136527230890685,"Sigma":0.018219620968403308,"Taucorr":0.08206944023953922},"EnergyVariance":{"Mean":0.2825865503377477,"Sigma":0.024674019638702246,"Taucorr":0.10990318830787371},"Iteration":40},
{"Acceptance":[0.3296694214876033],"Energy":{"Mean":-39.14521283797265,"Sigma":0.017770803998981774,"Taucorr":0.12010420743819117},"EnergyVariance":{"Mean":0.2523473325467973,"Sigma":0.021229528467640955,"Taucorr":0.31522788094405385},"Iteration":41},
{"Acceptance":[0.33008264462809916],"Energy":{"Mean":-39.084707319373635,"Sigma":0.021793988384539758,"Taucorr":0.33584561525947176},"EnergyVariance":{"Mean":0.28157614359929045,"Sigma":0.020893106889707743,"Taucorr":0.04300779151802292},"Iteration":42},
{"Acceptance":[0.33297520661157026],"Energy":{"Mean":-39.12292371413589,"Sigma":0.01561738490564515,"Taucorr":-0.08807880220897946},"EnergyVariance":{"Mean":0.2933930574658761,"Sigma":0.021175523647101523,"Taucorr":-0.09354989835188349},"Iteration":43},
{"Acceptance":[0.3383884297520661],"Energy":{"Mean":-39.133489269933754,"Sigma":0.01743908780938105,"Taucorr":0.018471340171602346},"EnergyVariance":{"Mean":0.29065544361600626,"Sigma":0.028732422404222968,"Taucorr":0.2049680090044721},"Iteration":44},
{"Acceptance":[0.33103305785123965],"Energy":{"Mean":-39.113233412705036,"Sigma":0.021741654061713373,"Taucorr":0.4293727571046151},"EnergyVariance":{"Mean":0.25202469919900944,"Sigma":0.018643891687384596,"Taucorr":0.0252296684088531},"Iteration":45},
{"Acceptance":[0.3322727272727273],"Energy":{"Mean":-39.12944189354976,"Sigma":0.018158207157796966,"Taucorr":0.11529069793051128},"EnergyVariance":{"Mean":0.26553096341366195,"Sigma":0.024720859658469083,"Taucorr":0.40779758096758567},"Iteration":46},
{"Acceptance":[0.33103305785123965],"Energy":{"Mean":-39.10146630148568,"Sigma":0.018071178278412644,"Taucorr":0.14830674351696915},"EnergyVariance":{"Mean":0.24959692434584,"Sigma":0.024861620078062894,"Taucorr":0.45174912876745565},"Iteration":47},
{"Acceptance":[0.3371900826446281],"Energy":{"Mean":-39.13715685876385,"Sigma":0.019431212652917713,"Taucorr":0.21440643150442484},"EnergyVariance":{"Mean":0.26187987381417627,"Sigma":0.020326939068935544,"Taucorr":0.02879279647668498},"Iteration":48},
{"Acceptance":[0.33450413223140496],"Energy":{"Mean":-39.1211408754242,"Sigma":0.01547038223697594,"Taucorr":-0.08808438714036637},"EnergyVariance":{"Mean":0.28789963670817426,"Sigma":0.03754317349497017,"Taucorr":0.09562698460517016},"Iteration":49},
{"Acceptance":[0.32917355371900825],"Energy":{"Mean":-39.13653454402038,"Sigma":0.02048788155723607,"Taucorr":0.23588092834311514},"EnergyVariance":{"Mean":0.2826393432375104,"Sigma":0.027527406128786437,"Taucorr":0.14081250559639347},"Iteration":50},
{"Acceptance":[0.3265702479338843],"Energy":{"Mean":-39.11781704316052,"Sigma":0.018369603748194643,"Taucorr":0.214495394000341},"EnergyVariance":{"Mean":0.23401621195086308,"Sigma":0.0219956055794191,"Taucorr":0.46679430216793716},"Iteration":51},
{"Acceptance":[0.341198347107438],"Energy":{"Mean":-39.13293992470275,"Sigma":0.018284717343240817,"Taucorr":0.08472843767072435},"EnergyVariance":{"Mean":0.2833143842326362,"Sigma":0.02467119810741905,"Taucorr":0.1803067398880439},"Iteration":52},
{"Acceptance":[0.32297520661157025],"Energy":{"Mean":-39.145496168131324,"Sigma":0.019553717977503663,"Taucorr":0.2553952108564925},"EnergyVariance":{"Mean":0.25080273757244737,"Sigma":0.016592405546665315,"Taucorr":-0.06919847109114058},"Iteration":53},
{"Acceptance":[0.330495867768595],"Energy":{"Mean":-39.120780443053484,"Sigma":0.021099763330481348,"Taucorr":0.2743422819962821},"EnergyVariance":{"Mean":0.2848841393179188,"Sigma":0.02538530376624807,"Taucorr":0.0840294592007913},"Iteration":54},
{"Acceptance":[0.32929752066115703],"Energy":{"Mean":-39.166185492594416,"Sigma":0.016630288006576708,"Taucorr":0.05637480590820121},"EnergyVariance":{"Mean":0.24630761380785138,"Sigma":0.017463624603785532,"Taucorr":-0.0002158597820267616},"Iteration":55},
{"Acceptance":[0.3339669421487603],"Energy":{"Mean":-39.11304845526578,"Sigma":0.014672831997040451,"Taucorr":-0.09333482057269993},"EnergyVariance":{"Mean":0.26233855348954094,"Sigma":0.019729998465084775,"Taucorr":-0.060018788284683544},"Iteration":56},
{"Acceptance":[0.3296694214876033],"Energy":{"Mean":-39.16069742370369,"Sigma":0.01982679501657499,"Taucorr":0.34778248460535577},"EnergyVariance":{"Mean":0.2297558761954181,"Sigma":0.024358327332977422,"Taucorr":0.5280173790266502},"Iteration":57},
{"Acceptance":[0.3303719008264463],"Energy":{"Mean":-39.09974553069071,"Sigma":0.02130636321985544,"Taucorr":0.3471937057698584},"EnergyVariance":{"Mean":0.26551015628899094,"Sigma":0.023924519350517055,"Taucorr":0.15296676204931348},"Iteration":58},
{"Acceptance":[0.33392561983471075],"Energy":{"Mean":-39.11577498934943,"Sigma":0.014979404775585993,"Taucorr":-0.043082496122149094},"EnergyVariance":{"Mean":0.24333830801991568,"Sigma":0.018023516642948215,"Taucorr":0.013006777483624887},"Iteration":59},
{"Acceptance":[0.33384297520661155],"Energy":{"Mean":-39.149776769008525,"Sigma":0.020301520792408146,"Taucorr":0.25821071876476853},"EnergyVariance":{"Mean":0.2693673469718616,"Sigma":0.023342573863865006,"Taucorr":0.27768049859749533},"Iteration":60},
{"Acceptance":[0.32487603305785123],"Energy":{"Mean":-39.13420359848455,"Sigma":0.020911031124240708,"Taucorr":0.33262408416321376},"EnergyVariance":{"Mean":0.260224087617185,"Sigma":0.022999225658471182,"Taucorr":0.05771316132182813},"Iteration":61},
{"Acceptance":[0.33487603305785124],"Energy":{"Mean":-39.15953351608692,"Sigma":0.017917589147365413,"Taucorr":0.006257317494695713},"EnergyVariance":{"Mean":0.3142192927209017,"Sigma":0.030030316480988566,"Taucorr":0.09497338668805388},"Iteration":62},
{"Acceptance":[0.3334297520661157],"Energy":{"Mean":-39.105609860043785,"Sigma":0.014505133425448558,"Taucorr":-0.06121821001433997},"EnergyVariance":{"Mean":0.23761305110682981,"Sigma":0.015356100925198101,"Taucorr":-0.01102020087757749},"Iteration":63},
{"Acceptance":[0.33045454545454545],"Energy":{"Mean":-39.10488600530431,"Sigma":0.018727514549710313,"Taucorr":0.13893050998647416},"EnergyVariance":{"Mean":0.2719891368906874,"Sigma":0.022454959875864405,"Taucorr":0.2107936898838937},"Iteration":64},
{"Acceptance":[0.33847107438016527],"Energy":{"Mean":-39.10285627943403,"Sigma":0.01815999145828048,"Taucorr":0.08567092357129236},"EnergyVariance":{"Mean":0.27901230116353654,"Sigma":0.018235391075957237,"Taucorr":-0.08355427624450501},"Iteration":65},
{"Acceptance":[0.33045454545454545],"Energy":{"Mean":-39.11727399576676,"Sigma":0.018081288757942123,"Taucorr":0.10803548530915663},"EnergyVariance":{"Mean":0.26642534790412636,"Sigma":0.018146775033564197,"Taucorr":-0.060389469147690944},"Iteration":66},
{"Acceptance":[0.3308264462809917],"Energy":{"Mean":-39.13573230825761,"Sigma":0.017163364251112583,"Taucorr":0.07075277979202765},"EnergyVariance":{"Mean":0.2557417116334168,"Sigma":0.018173439967935284,"Taucorr":0.052393394925664194},"Iteration":67},
{"Acceptance":[0.33289256198347106],"Energy":{"Mean":-39.1022116128922,"Sigma":0.01714372955644885,"Taucorr":0.09790350379173962},"EnergyVariance":{"Mean":0.24357743157134973,"Sigma":0.01825988483478406,"Taucorr":0.047615345058156344},"Iteration":68},
{"Acceptance":[0.3289669421487603],"Energy":{"Mean":-39.143533182885974,"Sigma":0.021792107845958957,"Taucorr":0.3257729964651518},"EnergyVariance":{"Mean":0.28495916181523456,"Sigma":0.0410672617911664,"Taucorr":0.22746566293480874},"Iteration":69},
{"Acceptance":[0.33450413223140496],"Energy":{"Mean":-39.09509636442298,"Sigma":0.017202482903401775,"Taucorr":0.08996798770891423},"EnergyVariance":{"Mean":0.2485426010572071,"Sigma":0.01864157256253444,"Taucorr":0.23390794032989048},"Iteration":70},
{"Acceptance":[0.3381818181818182],"Energy":{"Mean":-39.151669186068375,"Sigma":0.01616577354710417,"Taucorr":0.06836882353855966},"EnergyVariance":{"Mean":0.22784139016923693,"Sigma":0.017384038016321247,"Taucorr":0.27700487274116137},"Iteration":71},
{"Acceptance":[0.34045454545454545],"Energy":{"Mean":-39.11007391497655,"Sigma":0.014955962451693675,"Taucorr":-0.03516200572300432},"EnergyVariance":{"Mean":0.23843663861174388,"Sigma":0.01664417168041738,"Taucorr":-0.038820531792982116},"Iteration":72},
{"Acceptance":[0.3303719008264463],"Energy":{"Mean":-39.15569726907154,"Sigma":0.01850876638536746,"Taucorr":0.14612791994281282},"EnergyVariance":{"Mean":0.2627140997670777,"Sigma":0.024193176539413774,"Taucorr":0.37717178754193703},"Iteration":73},
{"Acceptance":[0.3260743801652893],"Energy":{"Mean":-39.106943124220535,"Sigma":0.013002392074611768,"Taucorr":-0.14693722996770847},"EnergyVariance":{"Mean":0.23726831303465437,"Sigma":0.0212119111647791,"Taucorr":0.22964635641080178},"Iteration":74},
{"Acceptance":[0.3302892561983471],"Energy":{"Mean":-39.12357537520492,"Sigma":0.01743658701042941,"Taucorr":0.02563173731226731},"EnergyVariance":{"Mean":0.28661514681530015,"Sigma":0.02052449218182334,"Taucorr":-0.048649749459956815},"Iteration":75},
{"Acceptance":[0.33045454545454545],"Energy":{"Mean":-39.11881286648469,"Sigma":0.014944766128308702,"Taucorr":-0.06983398176487648},"EnergyVariance":{"Mean":0.257269291101527,"Sigma":0.022703814965810906,"Taucorr":0.06432832824118628},"Iteration":76},
{"Acceptance":[0.3286363636363636],"Energy":{"Mean":-39.12573495768228,"Sigma":0.017967076348845916,"Taucorr":0.14414951953848243},"EnergyVariance":{"Mean":0.24832033480406207,"Sigma":0.020956847360709067,"Taucorr":0.23734337633000802},"Iteration":77},
{"Acceptance":[0.33301652892561984],"Energy":{"Mean":-39.09548346708514,"Sigma":0.015191856124388435,"Taucorr":0.07658714653685728},"EnergyVariance":{"Mean":0.1983356942472457,"Sigma":0.018451794417153108,"Taucorr":0.4687417883463343},"Iteration":78},
{"Acceptance":[0.3385123966942149],"Energy":{"Mean":-39.119182671297295,"Sigma":0.015316390567564016,"Taucorr":0.05061105334999283},"EnergyVariance":{"Mean":0.21111664369098906,"Sigma":0.015701832681102833,"Taucorr":0.08153055607058424},"Iteration":79},
{"Acceptance":[0.33582644628099173],"Energy":{"Mean":-39.10819452160299,"Sigma":0.015935419479841124,"Taucorr":-0.026409247601196784},"EnergyVariance":{"Mean":0.26569071577608555,"Sigma":0.022152461590841183,"Taucorr":0.17748528737083802},"Iteration":80},
{"Acceptance":[0.3347933884297521],"Energy":{"Mean":-39.132100502183285,"Sigma":0.01880681065784953,"Taucorr":0.21392698299940982},"EnergyVariance":{"Mean":0.2454849300359109,"Sigma":0.022463017777259748,"Taucorr":0.25164324159807017},"Iteration":81},
{"Acceptance":[0.32727272727272727],"Energy":{"Mean":-39.096554338870035,"Sigma":0.018238139087199935,"Taucorr":0.1685600169012602},"EnergyVariance":{"Mean":0.24653059102564417,"Sigma":0.02430403340065577,"Taucorr":0.23906647600358144},"Iteration":82},
{"Acceptance":[0.33706611570247935],"Energy":{"Mean":-39.12917654929851,"Sigma":0.016331663506912945,"Taucorr":0.017257814890940915},"EnergyVariance":{"Mean":0.2555074825160655,"Sigma":0.028538206432902204,"Taucorr":0.6518384090796769},"Iteration":83},
{"Acceptance":[0.3295867768595041],"Energy":{"Mean":-39.13853725963286,"Sigma":0.01994353046447245,"Taucorr":0.23401444210899125},"EnergyVariance":{"Mean":0.2685011112856462,"Sigma":0.023945180847564234,"Taucorr":0.0927580627461535},"Iteration":84},
{"Acceptance":[0.3263223140495868],"Energy":{"Mean":-39.1241319563631,"Sigma":0.015049205887023001,"Taucorr":-0.014638745307316958},"EnergyVariance":{"Mean":0.23121082938266266,"Sigma":0.01628902131768789,"Taucorr":0.053159951877660205},"Iteration":85},
{"Acceptance":[0.3277272727272727],"Energy":{"Mean":-39.13910488508251,"Sigma":0.016885584045231165,"Taucorr":0.03136779313975657},"EnergyVariance":{"Mean":0.2658774936570715,"Sigma":0.018253440816109606,"Taucorr":0.0023869412911569077},"Iteration":86},
{"Acceptance":[0.3396694214876033],"Energy":{"Mean":-39.114360849433595,"Sigma":0.013285673779035893,"Taucorr":-0.11147422217509473},"EnergyVariance":{"Mean":0.22511451640125812,"Sigma":0.017391019673314266,"Taucorr":0.14115279069719622},"Iteration":87},
{"Acceptance":[0.3315289256198347],"Energy":{"Mean":-39.10172516007924,"Sigma":0.013865832823344212,"Taucorr":-0.10524766078960285},"EnergyVariance":{"Mean":0.24133112228473,"Sigma":0.01803138515941766,"Taucorr":-0.03291018588746092},"Iteration":88},
{"Acceptance":[0.3271074380165289],"Energy":{"Mean":-39.12484745241125,"Sigma":0.013008614355153084,"Taucorr":-0.19231659473632828},"EnergyVariance":{"Mean":0.2725222162930713,"Sigma":0.02115260365096508,"Taucorr":-0.0038819622822384714},"Iteration":89},
{"Acceptance":[0.3333884297520661],"Energy":{"Mean":-39.08994378738365,"Sigma":0.015703324631147875,"Taucorr":0.01142276413674026},"EnergyVariance":{"Mean":0.2389177816309655,"Sigma":0.020183269679304058,"Taucorr":0.2355588894719549},"Iteration":90},
{"Acceptance":[0.32983471074380166],"Energy":{"Mean":-39.12036602164183,"Sigma":0.018226301476146695,"Taucorr":0.21252708187713043},"EnergyVariance":{"Mean":0.23101538602397226,"Sigma":0.017224380757843855,"Taucorr":0.14480524458884103},"Iteration":91},
{"Acceptance":[0.32776859504132233],"Energy":{"Mean":-39.11609526820159,"Sigma":0.015884955660022095,"Taucorr":0.03638132962840612},"EnergyVariance":{"Mean":0.23309994320105007,"Sigma":0.013766107498709698,"Taucorr":-0.1387048184342899},"Iteration":92},
{"Acceptance":[0.32987603305785124],"Energy":{"Mean":-39.14155891998945,"Sigma":0.02032712223612657,"Taucorr":0.32374347170953954},"EnergyVariance":{"Mean":0.24854672664507724,"Sigma":0.018792078504418868,"Taucorr":0.0788461037846413},"Iteration":93},
{"Acceptance":[0.32413223140495867],"Energy":{"Mean":-39.11672261061024,"Sigma":0.014543091607955149,"Taucorr":-0.0642682566077058},"EnergyVariance":{"Mean":0.24051802994330693,"Sigma":0.02301308782201772,"Taucorr":0.34179566485592827},"Iteration":94},
{"Acceptance":[0.3201239669421488],"Energy":{"Mean":-39.135230465527975,"Sigma":0.015761316445782006,"Taucorr":0.029470333649698643},"EnergyVariance":{"Mean":0.23248570012942352,"Sigma":0.016159620100293905,"Taucorr":0.07607404982669441},"Iteration":95},
{"Acceptance":[0.3350413223140496],"Energy":{"Mean":-39.1157574113434,"Sigma":0.015399285410772135,"Taucorr":0.059468118492284616},"EnergyVariance":{"Mean":0.21002471041208054,"Sigma":0.016033812789278734,"Taucorr":0.23712265537022492},"Iteration":96},
{"Acceptance":[0.3321074380165289],"Energy":{"Mean":-39.14817946412003,"Sigma":0.015941310707369614,"Taucorr":0.004853938977024463},"EnergyVariance":{"Mean":0.24942456098595658,"Sigma":0.014499893606636881,"Taucorr":-0.010431755560440903},"Iteration":97},
{"Acceptance":[0.3337190082644628],"Energy":{"Mean":-39.110944541542096,"Sigma":0.018656333416924666,"Taucorr":0.15320395763697325},"EnergyVariance":{"Mean":0.2640268225318198,"Sigma":0.02208876817513569,"Taucorr":0.35231912032814194},"Iteration":98},
{"Acceptance":[0.3252892561983471],"Energy":{"Mean":-39.14477880464753,"Sigma":0.018931731460258956,"Taucorr":0.1561605169496113},"EnergyVariance":{"Mean":0.2706539430000104,"Sigma":0.02725434916081688,"Taucorr":0.22610190445764455},"Iteration":99},
{"Acceptance":[0.3399586776859504],"Energy":{"Mean":-39.11954393674973,"Sigma":0.01932722400096192,"Taucorr":0.3239086535863641},"EnergyVariance":{"Mean":0.22464895037221966,"Sigma":0.017735520396343796,"Taucorr":0.14622967873503834},"Iteration":100},
{"Acceptance":[0.3221487603305785],"Energy":{"Mean":-39.15734880732267,"Sigma":0.014328569857770595,"Taucorr":-0.053532296142230484},"EnergyVariance":{"Mean":0.22785569275045314,"Sigma":0.016493481596943887,"Taucorr":0.07872738996187223},"Iteration":101},
{"Acceptance":[0.3335123966942149],"Energy":{"Mean":-39.115001017832405,"Sigma":0.015092292814127007,"Taucorr":0.07902324728011678},"EnergyVariance":{"Mean":0.19492082460464225,"Sigma":0.013654189209956057,"Taucorr":0.09811046265657797},"Iteration":102},
{"Acceptance":[0.3302479338842975],"Energy":{"Mean":-39.12694267698163,"Sigma":0.0130693705599688,"Taucorr":-0.1434017981032154},"EnergyVariance":{"Mean":0.2373422561764428,"Sigma":0.019048125356218217,"Taucorr":0.05745024538415555},"Iteration":103},
{"Acceptance":[0.33289256198347106],"Energy":{"Mean":-39.127620297031044,"Sigma":0.014518674161166211,"Taucorr":-0.032825098880822245},"EnergyVariance":{"Mean":0.22357356791652644,"Sigma":0.016685986151793328,"Taucorr":0.10615421016493554},"Iteration":104},
{"Acceptance":[0.324297520661157],"Energy":{"Mean":-39.11808611629691,"Sigma":0.019476264088175026,"Taucorr":0.3105239589011036},"EnergyVariance":{"Mean":0.23189720893867957,"Sigma":0.015994810553674205,"Taucorr":0.12250452131300449},"Iteration":105},
{"Acceptance":[0.3307438016528926],"Energy":{"Mean":-39.1163204331577,"Sigma":0.020652519490370284,"Taucorr":0.29238517644708273},"EnergyVariance":{"Mean":0.2667189695967785,"Sigma":0.024641556250353924,"Taucorr":0.16827775793017252},"Iteration":106},
{"Acceptance":[0.3278099173553719],"Energy":{"Mean":-39.11350956443439,"Sigma":0.01680681938921898,"Taucorr":0.07604194414836984},"EnergyVariance":{"Mean":0.24297477416720148,"Sigma":0.018805716438372935,"Taucorr":0.17118752286419603},"Iteration":107},
{"Acceptance":[0.3312809917355372],"Energy":{"Mean":-39.14808310171394,"Sigma":0.016695998339024135,"Taucorr":0.08896211991800618},"EnergyVariance":{"Mean":0.23452113893542018,"Sigma":0.01801359923998117,"Taucorr":0.02537159201774719},"Iteration":108},
{"Acceptance":[0.324297520661157],"Energy":{"Mean":-39.149071664655395,"Sigma":0.01682311322395078,"Taucorr":0.15772212964045695},"EnergyVariance":{"Mean":0.21321389622060213,"Sigma":0.015619965533422396,"Taucorr":0.11150040140965822},"Iteration":109},
{"Acceptance":[0.32764462809917355],"Energy":{"Mean":-39.14981064520629,"Sigma":0.014713783429632034,"Taucorr":-0.06036375407460315},"EnergyVariance":{"Mean":0.24400789855542102,"Sigma":0.0171466589058893,"Taucorr":-0.06850337207407875},"Iteration":110},
{"Acceptance":[0.3299586776859504],"Energy":{"Mean":-39.13086698064053,"Sigma":0.01691642851922824,"Taucorr":0.017557227534599984},"EnergyVariance":{"Mean":0.27397360021076733,"Sigma":0.02064293853497816,"Taucorr":0.07913959812706206},"Iteration":111},
{"Acceptance":[0.3287603305785124],"Energy":{"Mean":-39.11659155464328,"Sigma":0.02009400196294452,"Taucorr":0.2816887125186801},"EnergyVariance":{"Mean":0.25594549809996026,"Sigma":0.015704416101630814,"Taucorr":-0.07879053600884561},"Iteration":112},
{"Acceptance":[0.33144628099173556],"Energy":{"Mean":-39.12170081045205,"Sigma":0.019729050152575058,"Taucorr":0.24344081424860275},"EnergyVariance":{"Mean":0.2594240724576546,"Sigma":0.02304771615241281,"Taucorr":0.27465411876807644},"Iteration":113},
{"Acceptance":[0.3322314049586777],"Energy":{"Mean":-39.11984378795313,"Sigma":0.01523513133571476,"Taucorr":-0.053672969884424215},"EnergyVariance":{"Mean":0.25768132605930777,"Sigma":0.0215636312555386,"Taucorr":0.12639233491695867},"Iteration":114},
{"Acceptance":[0.32611570247933885],"Energy":{"Mean":-39.11819233422119,"Sigma":0.02087012514107966,"Taucorr":0.3875173637320062},"EnergyVariance":{"Mean":0.24317457168752984,"Sigma":0.018168849730605976,"Taucorr":0.24117114374983595},"Iteration":115},
{"Acceptance":[0.3305785123966942],"Energy":{"Mean":-39.132874464289976,"Sigma":0.01770263772921665,"Taucorr":0.19884285752371733},"EnergyVariance":{"Mean":0.2221985561539813,"Sigma":0.01824297989966123,"Taucorr":0.2864243329821061},"Iteration":116},
{"Acceptance":[0.3308677685950413],"Energy":{"Mean":-39.126090758807436,"Sigma":0.017467471621272178,"Taucorr":0.0663330957799878},"EnergyVariance":{"Mean":0.2669524918598341,"Sigma":0.021638043778327856,"Taucorr":0.07607246213713026},"Iteration":117},
{"Acceptance":[0.33743801652892563],"Energy":{"Mean":-39.10852486637736,"Sigma":0.01606509667006298,"Taucorr":0.04272728924712765},"EnergyVariance":{"Mean":0.2356289859529943,"Sigma":0.01553409583589047,"Taucorr":0.1533429096915514},"Iteration":118},
{"Acceptance":[0.3310743801652893],"Energy":{"Mean":-39.12856749451918,"Sigma":0.01705657260600503,"Taucorr":0.06258360545566533},"EnergyVariance":{"Mean":0.25623791524628,"Sigma":0.021854444484171547,"Taucorr":0.3189496725314911},"Iteration":119},
{"Acceptance":[0.32545454545454544],"Energy":{"Mean":-39.151834108823806,"Sigma":0.013062429714452721,"Taucorr":-0.13244580146452384},"EnergyVariance":{"Mean":0.23002321383686072,"Sigma":0.023253949548887983,"Taucorr":0.5595008724417667},"Iteration":120},
{"Acceptance":[0.3280578512396694],"Energy":{"Mean":-39.151879615424036,"Sigma":0.017451083165828045,"Taucorr":0.17700111940395735},"EnergyVariance":{"Mean":0.22289481079472118,"Sigma":0.016075413713247194,"Taucorr":0.027511971419638237},"Iteration":121},
{"Acceptance":[0.3288842975206612],"Energy":{"Mean":-39.15435134799787,"Sigma":0.01874655130516948,"Taucorr":0.17890814389204657},"EnergyVariance":{"Mean":0.2564932172054209,"Sigma":0.024884354307120708,"Taucorr":0.42775674616843984},"Iteration":122},
{"Acceptance":[0.32929752066115703],"Energy":{"Mean":-39.123076371367574,"Sigma":0.02005774267041149,"Taucorr":0.2983906453408899},"EnergyVariance":{"Mean":0.24968571873327933,"Sigma":0.01494399255079944,"Taucorr":-0.026867588411981724},"Iteration":123},
{"Acceptance":[0.33367768595041325],"Energy":{"Mean":-39.12059148484612,"Sigma":0.017001246190699367,"Taucorr":0.05976008612138972},"EnergyVariance":{"Mean":0.2558634286406413,"Sigma":0.025012491212391994,"Taucorr":0.31868167178750495},"Iteration":124},
{"Acceptance":[0.33367768595041325],"Energy":{"Mean":-39.103302630771836,"Sigma":0.020485724148391837,"Taucorr":0.33723237869679046},"EnergyVariance":{"Mean":0.24837102370487224,"Sigma":0.021424756021987876,"Taucorr":0.13255161154456685},"Iteration":125},
{"Acceptance":[0.32764462809917355],"Energy":{"Mean":-39.12799062888546,"Sigma":0.016554744820713833,"Taucorr":0.017422085202886906},"EnergyVariance":{"Mean":0.2624588154621054,"Sigma":0.023044780368164087,"Taucorr":0.36025413500849535},"Iteration":126},
{"Acceptance":[0.33169421487603307],"Energy":{"Mean":-39.09854054387165,"Sigma":0.01566803221535469,"Taucorr":0.054565522314099946},"EnergyVariance":{"Mean":0.21934113313250647,"Sigma":0.015707296411401037,"Taucorr":0.11288598461384347},"Iteration":127},
{"Acceptance":[0.33169421487603307],"Energy":{"Mean":-39.119293150179864,"Sigma":0.015465447255775852,"Taucorr":-0.0030061906951103223},"EnergyVariance":{"Mean":0.23846248231311304,"Sigma":0.015640145195998954,"Taucorr":-0.030156942295150424},"Iteration":128},
{"Acceptance":[0.3244628099173554],"Energy":{"Mean":-39.10296355661029,"Sigma":0.019875058507314844,"Taucorr":0.31041083914095813},"EnergyVariance":{"Mean":0.24152463919762726,"Sigma":0.014794934651077151,"Taucorr":-0.13470416213377107},"Iteration":129},
{"Acceptance":[0.32698347107438014],"Energy":{"Mean":-39.112004428308126,"Sigma":0.017892624377878273,"Taucorr":0.21034672849671177},"EnergyVariance":{"Mean":0.2233167913152965,"Sigma":0.016242549942075708,"Taucorr":0.06448200684334382},"Iteration":130},
{"Acceptance":[0.332603305785124],"Energy":{"Mean":-39.14824751994611,"Sigma":0.017067807940466913,"Taucorr":0.1525833745617139},"EnergyVariance":{"Mean":0.2211892367522085,"Sigma":0.01275557256022813,"Taucorr":-0.09091220424992635},"Iteration":131},
{"Acceptance":[0.32508264462809916],"Energy":{"Mean":-39.13454616191968,"Sigma":0.017555116111859084,"Taucorr":0.17821652866367843},"EnergyVariance":{"Mean":0.22515665105039506,"Sigma":0.01595129873812422,"Taucorr":0.13630356463368298},"Iteration":132},
{"Acceptance":[0.3294214876033058],"Energy":{"Mean":-39.12902462987507,"Sigma":0.01756330872147611,"Taucorr":0.08126471738640506},"EnergyVariance":{"Mean":0.2629595020345123,"Sigma":0.02049457567166689,"Taucorr":-0.026263953718921818},"Iteration":133},
{"Acceptance":[0.3306611570247934],"Energy":{"Mean":-39.12754734129331,"Sigma":0.021266314424674304,"Taucorr":0.43770989696226037},"EnergyVariance":{"Mean":0.2389796100649757,"Sigma":0.018751294375816997,"Taucorr":0.06236756428650714},"Iteration":134},
{"Acceptance":[0.3194628099173554],"Energy":{"Mean":-39.12594249769683,"Sigma":0.017667664184862226,"Taucorr":0.16834509471669468},"EnergyVariance":{"Mean":0.23142123040354734,"Sigma":0.019350749024747257,"Taucorr":0.4277382192851792},"Iteration":135},
{"Acceptance":[0.32987603305785124],"Energy":{"Mean":-39.1205048097226,"Sigma":0.01853505170487981,"Taucorr":0.1183625188530325},"EnergyVariance":{"Mean":0.27529074926518776,"Sigma":0.021391105399527578,"Taucorr":0.15598644614709611},"Iteration":136},
{"Acceptance":[0.33533057851239667],"Energy":{"Mean":-39.119808337399476,"Sigma":0.01603896344194827,"Taucorr":-0.007803605054337692},"EnergyVariance":{"Mean":0.2589761267553484,"Sigma":0.018890505095713186,"Taucorr":0.066963976362302},"Iteration":137},
{"Acceptance":[0.33206611570247935],"Energy":{"Mean":-39.10847692358382,"Sigma":0.01844660450533732,"Taucorr":0.17493632717918328},"EnergyVariance":{"Mean":0.2498143682163136,"Sigma":0.022885268948162573,"Taucorr":0.12511301626669047},"Iteration":138},
{"Acceptance":[0.33045454545454545],"Energy":{"Mean":-39.13864458257845,"Sigma":0.018736560942307644,"Taucorr":0.22077253666709817},"EnergyVariance":{"Mean":0.24133774926760965,"Sigma":0.0156580947811572,"Taucorr":-0.06828904198280655},"Iteration":139},
{"Acceptance":[0.3312809917355372],"Energy":{"Mean":-39.158983708712604,"Sigma":0.018294838925883045,"Taucorr":0.16701605092704774},"EnergyVariance":{"Mean":0.24863688988284233,"Sigma":0.019766084939575154,"Taucorr":0.2081817876183848},"Iteration":140},
{"Acceptance":[0.33148760330578514],"Energy":{"Mean":-39.13363752380527,"Sigma":0.01646637630733449,"Taucorr":0.07863571888892085},"EnergyVariance":{"Mean":0.2321859502274352,"Sigma":0.02056860028094628,"Taucorr":0.2533964579856075},"Iteration":141},
{"Acceptance":[0.33020661157024794],"Energy":{"Mean":-39.129084930416155,"Sigma":0.01648563144098188,"Taucorr":0.08480088594706248},"EnergyVariance":{"Mean":0.23027504798553816,"Sigma":0.01201507934744748,"Taucorr":-0.03538501060265947},"Iteration":142},
{"Acceptance":[0.32797520661157026],"Energy":{"Mean":-39.13005118657291,"Sigma":0.012968646107492056,"Taucorr":-0.19927068763581812},"EnergyVariance":{"Mean":0.27711575913141007,"Sigma":0.03276629437941128,"Taucorr":0.31016884036122383},"Iteration":143},
{"Acceptance":[0.33016528925619837],"Energy":{"Mean":-39.12169849576994,"Sigma":0.01758966251707013,"Taucorr":0.06823449895450606},"EnergyVariance":{"Mean":0.2697980279075947,"Sigma":0.01767304372590172,"Taucorr":0.032273776885405114},"Iteration":144},
{"Acceptance":[0.32925619834710745],"Energy":{"Mean":-39.130382475203504,"Sigma":0.014123847178305712,"Taucorr":-0.09900453712251339},"EnergyVariance":{"Mean":0.246496302228877,"Sigma":0.016501436301321053,"Taucorr":0.10993389543360099},"Iteration":145},
{"Acceptance":[0.336900826446281],"Energy":{"Mean":-39.123548943542076,"Sigma":0.013505778079823269,"Taucorr":-0.17190360542743288},"EnergyVariance":{"Mean":0.27547497151214045,"Sigma":0.02500770056515198,"Taucorr":0.2811628493364636},"Iteration":146},
{"Acceptance":[0.3323553719008264],"Energy":{"Mean":-39.129385564326896,"Sigma":0.02172102679757684,"Taucorr":0.36096998081953946},"EnergyVariance":{"Mean":0.2715291737634773,"Sigma":0.019754592858899963,"Taucorr":0.11868839469566506},"Iteration":147},
{"Acceptance":[0.3307438016528926],"Energy":{"Mean":-39.13431793927706,"Sigma":0.0191349334237535,"Taucorr":0.25183454550465856},"EnergyVariance":{"Mean":0.24131277767426673,"Sigma":0.019904874642594123,"Taucorr":0.15740771589062152},"Iteration":148},
{"Acceptance":[0.33429752066115703],"Energy":{"Mean":-39.132209505144004,"Sigma":0.019549984488986833,"Taucorr":0.253433088688117},"EnergyVariance":{"Mean":0.2513579266487517,"Sigma":0.018921978718887428,"Taucorr":0.1327108004779305},"Iteration":149},
{"Acceptance":[0.3296694214876033],"Energy":{"Mean":-39.115169260885395,"Sigma":0.017679763722838367,"Taucorr":0.10369563494481449},"EnergyVariance":{"Mean":0.25655687348818723,"Sigma":0.022904499980660818,"Taucorr":0.30139776084435166},"Iteration":150},
{"Acceptance":[0.32545454545454544],"Energy":{"Mean":-39.15792914030257,"Sigma":0.015087194933985906,"Taucorr":-0.07980031360401013},"EnergyVariance":{"Mean":0.26842029533857326,"Sigma":0.02712752243005574,"Taucorr":0.22277639633980362},"Iteration":151},
{"Acceptance":[0.32929752066115703],"Energy":{"Mean":-39.14435524303841,"Sigma":0.015649530681935607,"Taucorr":0.03370771959755792},"EnergyVariance":{"Mean":0.2273753957394874,"Sigma":0.018211897600220135,"Taucorr":0.13511853734692392},"Iteration":152},
{"Acceptance":[0.32487603305785123],"Energy":{"Mean":-39.12991177827214,"Sigma":0.014052578316317387,"Taucorr":-0.0978381624250893},"EnergyVariance":{"Mean":0.24330753842133646,"Sigma":0.026986347972351,"Taucorr":0.2541420758758748},"Iteration":153},
{"Acceptance":[0.3362809917355372],"Energy":{"Mean":-39.1228137227462,"Sigma":0.012809388492008595,"Taucorr":-0.19520074067202642},"EnergyVariance":{"Mean":0.2667402510201889,"Sigma":0.02202236046196974,"Taucorr":0.004600509794287944},"Iteration":154},
{"Acceptance":[0.32669421487603306],"Energy":{"Mean":-39.13969137542265,"Sigma":0.01466239520097774,"Taucorr":-0.0810600654184701},"EnergyVariance":{"Mean":0.25427924061998364,"Sigma":0.015911926339363093,"Taucorr":-0.08357469993232436},"Iteration":155},
{"Acceptance":[0.3219834710743802],"Energy":{"Mean":-39.1450949301626,"Sigma":0.01789528076189791,"Taucorr":0.19099846251904862},"EnergyVariance":{"Mean":0.2296384263898569,"Sigma":0.015480497995343748,"Taucorr":0.053349539143062064},"Iteration":156},
{"Acceptance":[0.33578512396694216],"Energy":{"Mean":-39.11796587586822,"Sigma":0.013569557134689079,"Taucorr":-0.07671262420826508},"EnergyVariance":{"Mean":0.21556010309742446,"Sigma":0.015666573403693485,"Taucorr":0.05156151404431353},"Iteration":157},
{"Acceptance":[0.3287603305785124],"Energy":{"Mean":-39.11067783957304,"Sigma":0.018330433364161035,"Taucorr":0.1846651092238485},"EnergyVariance":{"Mean":0.2431714547773584,"Sigma":0.023711837530345992,"Taucorr":0.46814485885626145},"Iteration":158},
{"Acceptance":[0.3320247933884298],"Energy":{"Mean":-39.12125773332308,"Sigma":0.019570706490905174,"Taucorr":0.22462989557228852},"EnergyVariance":{"Mean":0.261904747748286,"Sigma":0.019861035061611545,"Taucorr":0.07543483812447471},"Iteration":159},
{"Acceptance":[0.33421487603305783],"Energy":{"Mean":-39.10245495529224,"Sigma":0.01847883852965446,"Taucorr":0.15352595032694705},"EnergyVariance":{"Mean":0.2588991445192173,"Sigma":0.023542642012374125,"Taucorr":0.2865952990102225},"Iteration":160},
{"Acceptance":[0.3344628099173554],"Energy":{"Mean":-39.14356495750944,"Sigma":0.016607073646929947,"Taucorr":0.08402925646350268},"EnergyVariance":{"Mean":0.23398945721106928,"Sigma":0.014837882067047664,"Taucorr":-0.014980691293019044},"Iteration":161},
{"Acceptance":[0.33603305785123966],"Energy":{"Mean":-39.10135206588335,"Sigma":0.015049459147502827,"Taucorr":-0.023139465580713336},"EnergyVariance":{"Mean":0.23533921180838055,"Sigma":0.014344520385159912,"Taucorr":-0.052716474337586194},"Iteration":162},
{"Acceptance":[0.3243388429752066],"Energy":{"Mean":-39.15082732365607,"Sigma":0.012293080985774094,"Taucorr":-0.21516089566428914},"EnergyVariance":{"Mean":0.26288558918138394,"Sigma":0.027780401677961655,"Taucorr":0.599214323315761},"Iteration":163},
{"Acceptance":[0.3321487603305785],"Energy":{"Mean":-39.11583942400244,"Sigma":0.016867485172295745,"Taucorr":0.04085410809647061},"EnergyVariance":{"Mean":0.2606539312005543,"Sigma":0.019879109490355193,"Taucorr":0.11947537179120704},"Iteration":164},
{"Acceptance":[0.33140495867768593],"Energy":{"Mean":-39.12167620571022,"Sigma":0.022821694460855052,"Taucorr":0.5364152366617321},"EnergyVariance":{"Mean":0.24900441163386447,"Sigma":0.020575994334191834,"Taucorr":0.21306036145590557},"Iteration":165},
{"Acceptance":[0.32892561983471075],"Energy":{"Mean":-39.10119435622842,"Sigma":0.018174261355818195,"Taucorr":0.16928162764922094},"EnergyVariance":{"Mean":0.24454401698490855,"Sigma":0.014779837388393237,"Taucorr":-0.099325436294454},"Iteration":166},
{"Acceptance":[0.3228512396694215],"Energy":{"Mean":-39.16884149749381,"Sigma":0.02100427140908208,"Taucorr":0.38785447710549426},"EnergyVariance":{"Mean":0.24621743026005505,"Sigma":0.01725757424442426,"Taucorr":0.06820613650824947},"Iteration":167},
{"Acceptance":[0.33454545454545453],"Energy":{"Mean":-39.10811099613635,"Sigma":0.015252217467036467,"Taucorr":0.03442266120638371},"EnergyVariance":{"Mean":0.21568767523611057,"Sigma":0.014126322476032202,"Taucorr":-0.03382562182970089},"Iteration":168},
{"Acceptance":[0.33033057851239667],"Energy":{"Mean":-39.08974897335341,"Sigma":0.015132618102088822,"Taucorr":-0.04040289379718903},"EnergyVariance":{"Mean":0.24688706168609517,"Sigma":0.024308885026758854,"Taucorr":0.2546499566373617},"Iteration":169},
{"Acceptance":[0.3257438016528926],"Energy":{"Mean":-39.095409972666104,"Sigma":0.02075372747644165,"Taucorr":0.4153371970175316},"EnergyVariance":{"Mean":0.23316475984550977,"Sigma":0.018853339570611236,"Taucorr":0.21691468671516367},"Iteration":170},
{"Acceptance":[0.3330578512396694],"Energy":{"Mean":-39.11831850917327,"Sigma":0.02229128359262986,"Taucorr":0.3718271085515269},"EnergyVariance":{"Mean":0.2824209363497321,"Sigma":0.02499962658686145,"Taucorr":0.302382831439829},"Iteration":171},
{"Acceptance":[0.32731404958677685],"Energy":{"Mean":-39.10180230482375,"Sigma":0.015474932527536133,"Taucorr":0.0215239914356099},"EnergyVariance":{"Mean":0.22752384305092646,"Sigma":0.01767325153508752,"Taucorr":0.19621184432031846},"Iteration":172},
{"Acceptance":[0.33243801652892563],"Energy":{"Mean":-39.11654146590273,"Sigma":0.016957645390675423,"Taucorr":0.07629202628949538},"EnergyVariance":{"Mean":0.24725014894388722,"Sigma":0.017098537498816006,"Taucorr":-0.027293558041203703},"Iteration":173},
{"Acceptance":[0.32983471074380166],"Energy":{"Mean":-39.13531745815883,"Sigma":0.0199967579850999,"Taucorr":0.3449012454091114},"EnergyVariance":{"Mean":0.23450759638139995,"Sigma":0.012646645035042467,"Taucorr":0.0035541235517823067},"Iteration":174},
{"Acceptance":[0.33533057851239667],"Energy":{"Mean":-39.13935406799496,"Sigma":0.01687751353932752,"Taucorr":0.06891897039069006},"EnergyVariance":{"Mean":0.24809091145067977,"Sigma":0.020057705397402478,"Taucorr":0.15359730471729838},"Iteration":175},
{"Acceptance":[0.33161157024793386],"Energy":{"Mean":-39.11056096183632,"Sigma":0.01976922224947603,"Taucorr":0.31482363568413585},"EnergyVariance":{"Mean":0.23766622114706826,"Sigma":0.01808679298007266,"Taucorr":0.2952760869112576},"Iteration":176},
{"Acceptance":[0.3312396694214876],"Energy":{"Mean":-39.1196403134785,"Sigma":0.014150497995221025,"Taucorr":-0.0747846988946862},"EnergyVariance":{"Mean":0.23333564042513705,"Sigma":0.01630812155136494,"Taucorr":0.0606108722714791},"Iteration":177},
{"Acceptance":[0.33103305785123965],"Energy":{"Mean":-39.11781267046124,"Sigma":0.016652669406075453,"Taucorr":0.14192873433953812},"EnergyVariance":{"Mean":0.21405474153117288,"Sigma":0.0129133774609729,"Taucorr":0.08986405293942856},"Iteration":178},
{"Acceptance":[0.3285123966942149],"Energy":{"Mean":-39.13221607529986,"Sigma":0.01719291796445929,"Taucorr":0.09796948188011778},"EnergyVariance":{"Mean":0.24494808487687175,"Sigma":0.017807545555969508,"Taucorr":0.03429686228594209},"Iteration":179},
{"Acceptance":[0.3337190082644628],"Energy":{"Mean":-39.12365409404263,"Sigma":0.016323731312555163,"Taucorr":0.025320803949487103},"EnergyVariance":{"Mean":0.2513378853524256,"Sigma":0.01964505547573616,"Taucorr":0.18752304422813493},"Iteration":180},
{"Acceptance":[0.3268595041322314],"Energy":{"Mean":-39.133266691329304,"Sigma":0.02018536464404556,"Taucorr":0.41283642701207546},"EnergyVariance":{"Mean":0.22116889224465808,"Sigma":0.013464867427241716,"Taucorr":-0.040690682885927365},"Iteration":181},
{"Acceptance":[0.3278512396694215],"Energy":{"Mean":-39.11414893608684,"Sigma":0.016640598087809436,"Taucorr":0.12856754745704024},"EnergyVariance":{"Mean":0.21828787807636707,"Sigma":0.01698254340347443,"Taucorr":0.1099959622405956},"Iteration":182},
{"Acceptance":[0.3299586776859504],"Energy":{"Mean":-39.120676698238015,"Sigma":0.02057373664494183,"Taucorr":0.38881952348175486},"EnergyVariance":{"Mean":0.23596984304127133,"Sigma":0.01858203940411914,"Taucorr":0.1724348794560192},"Iteration":183},
{"Acceptance":[0.3224793388429752],"Energy":{"Mean":-39.127734746504004,"Sigma":0.015013506997490402,"Taucorr":-0.049087577244769864},"EnergyVariance":{"Mean":0.24770400422439406,"Sigma":0.01840550951771793,"Taucorr":0.09528069384250315},"Iteration":184},
{"Acceptance":[0.332603305785124],"Energy":{"Mean":-39.119151935322996,"Sigma":0.018462285677888112,"Taucorr":0.15966600992826718},"EnergyVariance":{"Mean":0.2560298381343813,"Sigma":0.022206494069908395,"Taucorr":0.1793414877154227},"Iteration":185},
{"Acceptance":[0.3247933884297521],"Energy":{"Mean":-39.14043436454961,"Sigma":0.018632943968527497,"Taucorr":0.11197819337596926},"EnergyVariance":{"Mean":0.28110636276438594,"Sigma":0.0320362835334306,"Taucorr":0.27638830395514535},"Iteration":186},
{"Acceptance":[0.33053719008264465],"Energy":{"Mean":-39.11279630528084,"Sigma":0.0179028659742252,"Taucorr":0.15651230778096015},"EnergyVariance":{"Mean":0.2419186845992389,"Sigma":0.013134543240780514,"Taucorr":-0.08883168076471698},"Iteration":187},
{"Acceptance":[0.3299173553719008],"Energy":{"Mean":-39.13679795240589,"Sigma":0.02474504417953329,"Taucorr":0.7400827712536668},"EnergyVariance":{"Mean":0.2446639140930687,"Sigma":0.03138625362025124,"Taucorr":0.3441618254062745},"Iteration":188},
{"Acceptance":[0.33243801652892563],"Energy":{"Mean":-39.103089813808666,"Sigma":0.02218046049137719,"Taucorr":0.5421218442276974},"EnergyVariance":{"Mean":0.2339249923403224,"Sigma":0.015285309817102386,"Taucorr":0.06141340413514684},"Iteration":189},
{"Acceptance":[0.32884297520661154],"Energy":{"Mean":-39.14532965387083,"Sigma":0.013209078766483015,"Taucorr":-0.08979450632247593},"EnergyVariance":{"Mean":0.2107605460886087,"Sigma":0.013351701400386011,"Taucorr":-0.08442521116956092},"Iteration":190},
{"Acceptance":[0.33045454545454545],"Energy":{"Mean":-39.145613837132785,"Sigma":0.01601003278287149,"Taucorr":0.06872089808966142},"EnergyVariance":{"Mean":0.22332078683946766,"Sigma":0.01322186811764693,"Taucorr":-0.13509529987376595},"Iteration":191},
{"Acceptance":[0.33301652892561984],"Energy":{"Mean":-39.12715724916541,"Sigma":0.014528873179846602,"Taucorr":-0.017778972541258986},"EnergyVariance":{"Mean":0.21690368936901328,"Sigma":0.01006750088560263,"Taucorr":-0.16816489412525776},"Iteration":192},
{"Acceptance":[0.33392561983471075],"Energy":{"Mean":-39.10402594397478,"Sigma":0.01781641414474054,"Taucorr":0.09718662740318773},"EnergyVariance":{"Mean":0.2633747843173759,"Sigma":0.018798543910191794,"Taucorr":0.12198894640320712},"Iteration":193},
{"Acceptance":[0.3274793388429752],"Energy":{"Mean":-39.083255704225294,"Sigma":0.01680673235842131,"Taucorr":0.01600586857074837},"EnergyVariance":{"Mean":0.27124456764639765,"Sigma":0.028229449856882985,"Taucorr":0.3716633419510137},"Iteration":194},
{"Acceptance":[0.33557851239669423],"Energy":{"Mean":-39.115055036617235,"Sigma":0.016481558540299753,"Taucorr":-0.026009684874844452},"EnergyVariance":{"Mean":0.2839745737467696,"Sigma":0.023001331246726053,"Taucorr":0.09568587765351955},"Iteration":195},
{"Acceptance":[0.33136363636363636],"Energy":{"Mean":-39.10879415597278,"Sigma":0.017152508828691224,"Taucorr":0.11157406074705012},"EnergyVariance":{"Mean":0.23836938481859765,"Sigma":0.015996788147817895,"Taucorr":-0.014552277401959912},"Iteration":196},
{"Acceptance":[0.3371074380165289],"Energy":{"Mean":-39.10866684649799,"Sigma":0.018154089163162343,"Taucorr":0.15174511162498983},"EnergyVariance":{"Mean":0.250567141536104,"Sigma":0.02322597965002095,"Taucorr":0.5490753306406824},"Iteration":197},
{"Acceptance":[0.3178099173553719],"Energy":{"Mean":-39.12632519479054,"Sigma":0.01793024192870509,"Taucorr":0.24450737004566958},"EnergyVariance":{"Mean":0.21397264370139493,"Sigma":0.014758573290774702,"Taucorr":0.09822888179026301},"Iteration":198},
{"Acceptance":[0.3240082644628099],"Energy":{"Mean":-39.121572031286014,"Sigma":0.014428375202985597,"Taucorr":-0.04994017942458173},"EnergyVariance":{"Mean":0.2291975988978991,"Sigma":0.019028719937417386,"Taucorr":0.06353304526135983},"Iteration":199},
{"Acceptance":[0.32867768595041325],"Energy":{"Mean":-39.107233135362215,"Sigma":0.01957652763252675,"Taucorr":0.19761077633719548},"EnergyVariance":{"Mean":0.2722091895697625,"Sigma":0.02798228833883269,"Taucorr":0.3895895808484715},"Iteration":200},
{"Acceptance":[0.3233884297520661],"Energy":{"Mean":-39.12637830539965,"Sigma":0.019122168052017063,"Taucorr":0.0810973324034745},"EnergyVariance":{"Mean":0.3117964389650852,"Sigma":0.032045756103449605,"Taucorr":0.27760428373301205},"Iteration":201},
{"Acceptance":[0.3287603305785124],"Energy":{"Mean":-39.122331984397555,"Sigma":0.015688470350769576,"Taucorr":-0.06348397075644502},"EnergyVariance":{"Mean":0.279386046571725,"Sigma":0.022457648902771573,"Taucorr":-0.011646168736511586},"Iteration":202},
{"Acceptance":[0.32545454545454544],"Energy":{"Mean":-39.12255462080519,"Sigma":0.017917792439587774,"Taucorr":0.15203850460159962},"EnergyVariance":{"Mean":0.24397646399380982,"Sigma":0.019589044278216405,"Taucorr":0.16808739919293303},"Iteration":203},
{"Acceptance":[0.3291322314049587],"Energy":{"Mean":-39.10046000521057,"Sigma":0.01827865688740953,"Taucorr":0.1099295331531418},"EnergyVariance":{"Mean":0.2714293740319279,"Sigma":0.027810996108565026,"Taucorr":0.42835859614930305},"Iteration":204},
{"Acceptance":[0.33669421487603307],"Energy":{"Mean":-39.13077497280449,"Sigma":0.021394636058334863,"Taucorr":0.31712979753588255},"EnergyVariance":{"Mean":0.27756396554710616,"Sigma":0.024697062171374237,"Taucorr":0.15207672153925944},"Iteration":205},
{"Acceptance":[0.32388429752066117],"Energy":{"Mean":-39.14625921670594,"Sigma":0.01761099306554191,"Taucorr":0.08218948369889978},"EnergyVariance":{"Mean":0.26396568931132536,"Sigma":0.02444332811710282,"Taucorr":-0.01496745518218534},"Iteration":206},
{"Acceptance":[0.3309504132231405],"Energy":{"Mean":-39.1241607044676,"Sigma":0.017492354364694554,"Taucorr":0.14351043913842243},"EnergyVariance":{"Mean":0.23560600106428445,"Sigma":0.016272054000523443,"Taucorr":0.020562847490070424},"Iteration":207},
{"Acceptance":[0.3253305785123967],"Energy":{"Mean":-39.1325599689465,"Sigma":0.01818614750206182,"Taucorr":0.17071218634285867},"EnergyVariance":{"Mean":0.2443401007798554,"Sigma":0.01784809276250809,"Taucorr":0.1581274526275881},"Iteration":208},
{"Acceptance":[0.330702479338843],"Energy":{"Mean":-39.10968905986306,"Sigma":0.016956924833580418,"Taucorr":0.07485106156694199},"EnergyVariance":{"Mean":0.24784704493208298,"Sigma":0.018709359365732477,"Taucorr":0.10848474185653834},"Iteration":209},
{"Acceptance":[0.32425619834710745],"Energy":{"Mean":-39.10154541343458,"Sigma":0.016319740559314386,"Taucorr":0.05830864233744215},"EnergyVariance":{"Mean":0.23637210431331188,"Sigma":0.015048081552796404,"Taucorr":-0.03912363030678534},"Iteration":210},
{"Acceptance":[0.3322314049586777],"Energy":{"Mean":-39.11979667012023,"Sigma":0.016951026792301864,"Taucorr":0.10202253162018982},"EnergyVariance":{"Mean":0.23649933913942228,"Sigma":0.01726493715294875,"Taucorr":0.16159485691133824},"Iteration":211},
{"Acceptance":[0.33392561983471075],"Energy":{"Mean":-39.09489182145808,"Sigma":0.020328427953195848,"Taucorr":0.18819490984946963},"EnergyVariance":{"Mean":0.29753920781682847,"Sigma":0.031941638664520496,"Taucorr":0.6380540062530875},"Iteration":212},
{"Acceptance":[0.3313223140495868],"Energy":{"Mean":-39.11617125048411,"Sigma":0.01701745598252217,"Taucorr":0.02164678137956999},"EnergyVariance":{"Mean":0.2750783659914205,"Sigma":0.023274681519442043,"Taucorr":-0.006754237709040989},"Iteration":213},
{"Acceptance":[0.3274380165289256],"Energy":{"Mean":-39.15600450406709,"Sigma":0.01884750905645242,"Taucorr":0.1935640904642726},"EnergyVariance":{"Mean":0.253795072702475,"Sigma":0.03182895156483763,"Taucorr":0.6803366550576555},"Iteration":214},
{"Acceptance":[0.3372727272727273],"Energy":{"Mean":-39.16662783638631,"Sigma":0.014247227412999086,"Taucorr":-0.12942502422787044},"EnergyVariance":{"Mean":0.2714121989985958,"Sigma":0.021768712139983534,"Taucorr":0.15414890581457585},"Iteration":215},
{"Acceptance":[0.33297520661157026],"Energy":{"Mean":-39.1367964365911,"Sigma":0.01927432641282399,"Taucorr":0.24370776134060024},"EnergyVariance":{"Mean":0.24751435780962797,"Sigma":0.020311922179616654,"Taucorr":0.2029879567674272},"Iteration":216},
{"Acceptance":[0.32309917355371903],"Energy":{"Mean":-39.13616875020532,"Sigma":0.01851284552288625,"Taucorr":0.15595822558806605},"EnergyVariance":{"Mean":0.25889009534241547,"Sigma":0.018664547313585068,"Taucorr":0.0574865615464637},"Iteration":217},
{"Acceptance":[0.3274380165289256],"Energy":{"Mean":-39.11393242154027,"Sigma":0.019210216987563415,"Taucorr":0.32610268814853904},"EnergyVariance":{"Mean":0.22134802050602975,"Sigma":0.01276392689716073,"Taucorr":-0.13852601199037834},"Iteration":218},
{"Acceptance":[0.332603305785124],"Energy":{"Mean":-39.09908904388842,"Sigma":0.0208053126906145,"Taucorr":0.5040519434420352},"EnergyVariance":{"Mean":0.21361998476848743,"Sigma":0.01871451229419534,"Taucorr":0.301682976082457},"Iteration":219},
{"Acceptance":[0.3275619834710744],"Energy":{"Mean":-39.131423166186735,"Sigma":0.018941764910632757,"Taucorr":0.20266771765182334},"EnergyVariance":{"Mean":0.2530137307699907,"Sigma":0.020465820144552636,"Taucorr":0.013468208183318398},"Iteration":220},
{"Acceptance":[0.32661157024793386],"Energy":{"Mean":-39.163309995522106,"Sigma":0.016799730055135766,"Taucorr":0.03181222347129442},"EnergyVariance":{"Mean":0.2629605971601369,"Sigma":0.01798552642736957,"Taucorr":-0.021890647769154448},"Iteration":221},
{"Acceptance":[0.32681818181818184],"Energy":{"Mean":-39.12703638091566,"Sigma":0.01606912621436765,"Taucorr":0.017571541405088653},"EnergyVariance":{"Mean":0.24720731375357938,"Sigma":0.017572070201735394,"Taucorr":0.128875740717581},"Iteration":222},
{"Acceptance":[0.3277272727272727],"Energy":{"Mean":-39.12647010176213,"Sigma":0.017301772457712628,"Taucorr":0.0311304024607435},"EnergyVariance":{"Mean":0.2792713476383535,"Sigma":0.025552090219045243,"Taucorr":0.2894327418685736},"Iteration":223},
{"Acceptance":[0.335495867768595],"Energy":{"Mean":-39.113973025447414,"Sigma":0.015899093223474537,"Taucorr":-0.038970162457029445},"EnergyVariance":{"Mean":0.2716824905626854,"Sigma":0.022448780861149053,"Taucorr":0.19395372876248773},"Iteration":224},
{"Acceptance":[0.3238429752066116],"Energy":{"Mean":-39.11990707678779,"Sigma":0.01712588530355452,"Taucorr":0.12058861934536391},"EnergyVariance":{"Mean":0.23417812281864855,"Sigma":0.01562790452842028,"Taucorr":-0.10669708733228556},"Iteration":225},
{"Acceptance":[0.3271074380165289],"Energy":{"Mean":-39.10849387767537,"Sigma":0.014764232880939797,"Taucorr":-0.04065764773444841},"EnergyVariance":{"Mean":0.23514513179470123,"Sigma":0.014733295169316358,"Taucorr":0.09096721043586842},"Iteration":226},
{"Acceptance":[0.32566115702479337],"Energy":{"Mean":-39.12638255416894,"Sigma":0.011459275840271304,"Taucorr":-0.22877544014199347},"EnergyVariance":{"Mean":0.23990176130415614,"Sigma":0.017839180691530815,"Taucorr":0.05520535276848271},"Iteration":227},
{"Acceptance":[0.33078512396694215],"Energy":{"Mean":-39.13283022216418,"Sigma":0.01803582637971439,"Taucorr":0.15543744528774361},"EnergyVariance":{"Mean":0.24591953771104594,"Sigma":0.024358167096755527,"Taucorr":0.22907270104097177},"Iteration":228},
{"Acceptance":[0.325702479338843],"Energy":{"Mean":-39.14614426105987,"Sigma":0.01851257170673687,"Taucorr":0.07364748115180009},"EnergyVariance":{"Mean":0.29602813204476736,"Sigma":0.03360072272923257,"Taucorr":0.26513063628704403},"Iteration":229},
{"Acceptance":[0.33359504132231405],"Energy":{"Mean":-39.126188802008414,"Sigma":0.016123004017056363,"Taucorr":-0.020590577057393755},"EnergyVariance":{"Mean":0.26867882979016044,"Sigma":0.019350083406592725,"Taucorr":0.03831122919807517},"Iteration":230},
{"Acceptance":[0.33925619834710746],"Energy":{"Mean":-39.10534698970476,"Sigma":0.016472364406781955,"Taucorr":0.04330425481342515},"EnergyVariance":{"Mean":0.24746886621085745,"Sigma":0.0162857717587892,"Taucorr":0.0722798239119945},"Iteration":231},
{"Acceptance":[0.3378099173553719],"Energy":{"Mean":-39.12288799472893,"Sigma":0.019861428261796845,"Taucorr":0.35269962272422906},"EnergyVariance":{"Mean":0.22922878080845768,"Sigma":0.01569908231760467,"Taucorr":0.02504633110652832},"Iteration":232},
{"Acceptance":[0.33297520661157026],"Energy":{"Mean":-39.094352290877154,"Sigma":0.016487090207694118,"Taucorr":0.027590986804631568},"EnergyVariance":{"Mean":0.25529129594893124,"Sigma":0.01632882438822486,"Taucorr":-0.019585141107542392},"Iteration":233},
{"Acceptance":[0.3202892561983471],"Energy":{"Mean":-39.12149093980055,"Sigma":0.01327767852429685,"Taucorr":-0.1198911275295419},"EnergyVariance":{"Mean":0.2298158772050414,"Sigma":0.02082056892344665,"Taucorr":0.12177695802329791},"Iteration":234},
{"Acceptance":[0.3289669421487603],"Energy":{"Mean":-39.1620657147804,"Sigma":0.013272686966530218,"Taucorr":-0.1425799435928235},"EnergyVariance":{"Mean":0.2442226917207693,"Sigma":0.026260232693336077,"Taucorr":0.749551227609367},"Iteration":235},
{"Acceptance":[0.32954545454545453],"Energy":{"Mean":-39.10606038756509,"Sigma":0.016265702291778688,"Taucorr":0.0827608107634451},"EnergyVariance":{"Mean":0.22495684642657152,"Sigma":0.014250544573726476,"Taucorr":0.05362338098285513},"Iteration":236},
{"Acceptance":[0.333099173553719],"Energy":{"Mean":-39.12800045285398,"Sigma":0.01368209663367031,"Taucorr":-0.11643643116463681},"EnergyVariance":{"Mean":0.24183352452511253,"Sigma":0.02501527983219524,"Taucorr":0.4457726586057146},"Iteration":237},
{"Acceptance":[0.3340909090909091],"Energy":{"Mean":-39.08774628059163,"Sigma":0.019983249586481316,"Taucorr":0.3132201826872919},"EnergyVariance":{"Mean":0.24331634865408047,"Sigma":0.01736495826798538,"Taucorr":-0.03114580148680407},"Iteration":238},
{"Acceptance":[0.3231818181818182],"Energy":{"Mean":-39.10283163604682,"Sigma":0.01723734178472472,"Taucorr":0.21142277365898143},"EnergyVariance":{"Mean":0.20694596753486658,"Sigma":0.018289789539064,"Taucorr":0.36671353825148223},"Iteration":239},
{"Acceptance":[0.33053719008264465],"Energy":{"Mean":-39.14241245911248,"Sigma":0.02008773081410891,"Taucorr":0.2789901871367524},"EnergyVariance":{"Mean":0.256676822673445,"Sigma":0.02264701951045708,"Taucorr":0.1399923532128856},"Iteration":240},
{"Acceptance":[0.3340909090909091],"Energy":{"Mean":-39.114198365211834,"Sigma":0.016138425279998706,"Taucorr":0.02890908005801862},"EnergyVariance":{"Mean":0.24400031743274023,"Sigma":0.0192523841185301,"Taucorr":0.17060006389206284},"Iteration":241},
{"Acceptance":[0.3268595041322314],"Energy":{"Mean":-39.13910541564275,"Sigma":0.01392398985369476,"Taucorr":-0.08096527885317056},"EnergyVariance":{"Mean":0.2292573544431813,"Sigma":0.02044150165020444,"Taucorr":0.4249538207007465},"Iteration":242},
{"Acceptance":[0.3359504132231405],"Energy":{"Mean":-39.09373505202152,"Sigma":0.013890439924185873,"Taucorr":-0.12303294820086796},"EnergyVariance":{"Mean":0.25361389756767855,"Sigma":0.01679834839595443,"Taucorr":-0.019175091340482175},"Iteration":243},
{"Acceptance":[0.3281818181818182],"Energy":{"Mean":-39.14552960370249,"Sigma":0.011502330629564685,"Taucorr":-0.20079528044186973},"EnergyVariance":{"Mean":0.21910260506923926,"Sigma":0.016460478741806072,"Taucorr":0.008747271260943434},"Iteration":244},
{"Acceptance":[0.33148760330578514],"Energy":{"Mean":-39.12797023109706,"Sigma":0.01885234773858729,"Taucorr":0.192599911517631},"EnergyVariance":{"Mean":0.25427254313679404,"Sigma":0.02233330727284505,"Taucorr":0.2809284826281301},"Iteration":245},
{"Acceptance":[0.32516528925619836],"Energy":{"Mean":-39.11381203938857,"Sigma":0.015988399915830218,"Taucorr":0.06499109032202433},"EnergyVariance":{"Mean":0.22418788849217994,"Sigma":0.020088447954196047,"Taucorr":0.22428726317733405},"Iteration":246},
{"Acceptance":[0.3307438016528926],"Energy":{"Mean":-39.10763136849776,"Sigma":0.019360962441297452,"Taucorr":0.34394002272378166},"EnergyVariance":{"Mean":0.22008291109075648,"Sigma":0.015385923543243947,"Taucorr":-0.026033523559814753},"Iteration":247},
{"Acceptance":[0.3252479338842975],"Energy":{"Mean":-39.15646525391325,"Sigma":0.02032107221629848,"Taucorr":0.17688757962611934},"EnergyVariance":{"Mean":0.3022886957054926,"Sigma":0.0539763073009881,"Taucorr":0.32078082847885314},"Iteration":248},
{"Acceptance":[0.32661157024793386],"Energy":{"Mean":-39.11380623160797,"Sigma":0.016244237608676958,"Taucorr":0.08358544891608566},"EnergyVariance":{"Mean":0.22404676889881084,"Sigma":0.014227653376083067,"Taucorr":-0.04767407548158192},"Iteration":249},
{"Acceptance":[0.33148760330578514],"Energy":{"Mean":-39.07537306344067,"Sigma":0.01417132006051746,"Taucorr":-0.0814901381181865},"EnergyVariance":{"Mean":0.23777374297503093,"Sigma":0.017987666600538837,"Taucorr":0.23206622268910382},"Iteration":250},
{"Acceptance":[0.3299586776859504],"Energy":{"Mean":-39.13198517779124,"Sigma":0.015927935815484778,"Taucorr":0.037810549346423916},"EnergyVariance":{"Mean":0.233741023975176,"Sigma":0.016941022051530065,"Taucorr":0.28558339277426503},"Iteration":251},
{"Acceptance":[0.3287190082644628],"Energy":{"Mean":-39.13846630655192,"Sigma":0.020054280444290327,"Taucorr":0.29244650724607857},"EnergyVariance":{"Mean":0.2514710693286386,"Sigma":0.0176069040738155,"Taucorr":-0.028510560916625738},"Iteration":252},
{"Acceptance":[0.3350413223140496],"Energy":{"Mean":-39.11727360548908,"Sigma":0.013595927067654879,"Taucorr":-0.14481004810428444},"EnergyVariance":{"Mean":0.25787053621365397,"Sigma":0.022132223242900043,"Taucorr":-0.001164729076549631},"Iteration":253},
{"Acceptance":[0.3260743801652893],"Energy":{"Mean":-39.141743311017564,"Sigma":0.020080691713433955,"Taucorr":0.26217374626983736},"EnergyVariance":{"Mean":0.262161588230478,"Sigma":0.025755898004886695,"Taucorr":0.43265131257410017},"Iteration":254},
{"Acceptance":[0.33136363636363636],"Energy":{"Mean":-39.08862408152391,"Sigma":0.01850737740334938,"Taucorr":0.15231680930984715},"EnergyVariance":{"Mean":0.2601820564036397,"Sigma":0.024111625248933937,"Taucorr":0.2567303786086176},"Iteration":255},
{"Acceptance":[0.3279338842975207],"Energy":{"Mean":-39.167838431655824,"Sigma":0.019908836568130153,"Taucorr":0.22228334000437577},"EnergyVariance":{"Mean":0.27192425904850936,"Sigma":0.02690218214128742,"Taucorr":0.4109936297897403},"Iteration":256},
{"Acceptance":[0.3257438016528926],"Energy":{"Mean":-39.13654605068845,"Sigma":0.015212575395302585,"Taucorr":-0.043964096381688356},"EnergyVariance":{"Mean":0.251451383054268,"Sigma":0.015595745143419937,"Taucorr":0.008251534610642652},"Iteration":257},
{"Acceptance":[0.3275619834710744],"Energy":{"Mean":-39.128771618920524,"Sigma":0.012484825774134959,"Taucorr":-0.1297739245685327},"EnergyVariance":{"Mean":0.2086151268834684,"Sigma":0.015641139717940095,"Taucorr":0.1611628670191857},"Iteration":258},
{"Acceptance":[0.3258264462809917],"Energy":{"Mean":-39.12750927261532,"Sigma":0.017821830660622793,"Taucorr":0.2051275665961244},"EnergyVariance":{"Mean":0.22319311436316316,"Sigma":0.013129680622979496,"Taucorr":-0.03894322495332503},"Iteration":259},
{"Acceptance":[0.32702479338842977],"Energy":{"Mean":-39.130516719963055,"Sigma":0.017898150529287872,"Taucorr":0.19312835690123376},"EnergyVariance":{"Mean":0.2290057926450536,"Sigma":0.01953210174421185,"Taucorr":0.18992480364655795},"Iteration":260},
{"Acceptance":[0.3292148760330578],"Energy":{"Mean":-39.11674350679417,"Sigma":0.015067232300226364,"Taucorr":-0.0067992183620380064},"EnergyVariance":{"Mean":0.2280798480611222,"Sigma":0.01919391624656275,"Taucorr":0.3531668670625985},"Iteration":261},
{"Acceptance":[0.33475206611570246],"Energy":{"Mean":-39.11606076247216,"Sigma":0.01629732676095898,"Taucorr":0.014777977083897942},"EnergyVariance":{"Mean":0.25565659769225524,"Sigma":0.01501894041815995,"Taucorr":-0.10995029663362083},"Iteration":262},
{"Acceptance":[0.33483471074380167],"Energy":{"Mean":-39.10463144157757,"Sigma":0.016111302064551747,"Taucorr":0.032311889300443375},"EnergyVariance":{"Mean":0.24162332008720416,"Sigma":0.019052227052467747,"Taucorr":0.22559818272073107},"Iteration":263},
{"Acceptance":[0.3293388429752066],"Energy":{"Mean":-39.12173896584477,"Sigma":0.018798668882702697,"Taucorr":0.15661496107282757},"EnergyVariance":{"Mean":0.26667980444215894,"Sigma":0.019931857839463097,"Taucorr":0.17083986187055722},"Iteration":264},
{"Acceptance":[0.33169421487603307],"Energy":{"Mean":-39.12489246258761,"Sigma":0.016140657904892046,"Taucorr":-0.007088727394158056},"EnergyVariance":{"Mean":0.2618890705479696,"Sigma":0.022770713675789266,"Taucorr":0.23216893016692197},"Iteration":265},
{"Acceptance":[0.3324793388429752],"Energy":{"Mean":-39.124998286867445,"Sigma":0.016712354408492194,"Taucorr":0.007702565856824384},"EnergyVariance":{"Mean":0.2725901856822247,"Sigma":0.022796885265093794,"Taucorr":-0.031499567572817855},"Iteration":266},
{"Acceptance":[0.33198347107438014],"Energy":{"Mean":-39.09626647179526,"Sigma":0.017807690832637044,"Taucorr":0.10020522062479575},"EnergyVariance":{"Mean":0.2617947989917562,"Sigma":0.0266126117915932,"Taucorr":0.3010598082711896},"Iteration":267},
{"Acceptance":[0.32987603305785124],"Energy":{"Mean":-39.111876963477236,"Sigma":0.019244506209173787,"Taucorr":0.135579121677879},"EnergyVariance":{"Mean":0.2887274601496334,"Sigma":0.032181637297742614,"Taucorr":0.2653798823907815},"Iteration":268},
{"Acceptance":[0.32834710743801654],"Energy":{"Mean":-39.14667837808027,"Sigma":0.01672608012577696,"Taucorr":-0.015145155652323217},"EnergyVariance":{"Mean":0.28590420764333146,"Sigma":0.02799252982924017,"Taucorr":0.4897511478090093},"Iteration":269},
{"Acceptance":[0.3260743801652893],"Energy":{"Mean":-39.12819165841029,"Sigma":0.020682328166202156,"Taucorr":0.32839602824736447},"EnergyVariance":{"Mean":0.2558612407287326,"Sigma":0.017920806565571993,"Taucorr":0.00036274460151264343},"Iteration":270},
{"Acceptance":[0.32603305785123965],"Energy":{"Mean":-39.10369531357858,"Sigma":0.012363122498040547,"Taucorr":-0.18078358171211617},"EnergyVariance":{"Mean":0.2372548890087497,"Sigma":0.016062908797658815,"Taucorr":-0.08745648403445933},"Iteration":271},
{"Acceptance":[0.3299173553719008],"Energy":{"Mean":-39.120716055876485,"Sigma":0.019831022248257314,"Taucorr":0.1844938518348067},"EnergyVariance":{"Mean":0.28468509377935763,"Sigma":0.023396335545926034,"Taucorr":0.017144611409544597},"Iteration":272},
{"Acceptance":[0.33743801652892563],"Energy":{"Mean":-39.138612333906984,"Sigma":0.017798026391965885,"Taucorr":0.06445191940756634},"EnergyVariance":{"Mean":0.2780740311006178,"Sigma":0.031238340083595478,"Taucorr":0.05603364845555525},"Iteration":273},
{"Acceptance":[0.3334297520661157],"Energy":{"Mean":-39.128554530580296,"Sigma":0.025353202534055458,"Taucorr":0.7868917130489645},"EnergyVariance":{"Mean":0.2475026703324165,"Sigma":0.021698451042469417,"Taucorr":0.20444056100234997},"Iteration":274},
{"Acceptance":[0.3306198347107438],"Energy":{"Mean":-39.148404903759946,"Sigma":0.017262900686139296,"Taucorr":0.10132137205064684},"EnergyVariance":{"Mean":0.2455656815545784,"Sigma":0.020990445604157047,"Taucorr":0.03620865442092158},"Iteration":275},
{"Acceptance":[0.3351652892561984],"Energy":{"Mean":-39.12325771488818,"Sigma":0.015488071758217665,"Taucorr":-0.00042996458793242986},"EnergyVariance":{"Mean":0.2379281720423583,"Sigma":0.015682864937565075,"Taucorr":0.022572512170921932},"Iteration":276},
{"Acceptance":[0.3371900826446281],"Energy":{"Mean":-39.12222862398524,"Sigma":0.020953585820722914,"Taucorr":0.36799820560677066},"EnergyVariance":{"Mean":0.2506350873762873,"Sigma":0.019022708733146803,"Taucorr":0.11602074893641923},"Iteration":277},
{"Acceptance":[0.33194214876033057],"Energy":{"Mean":-39.108380660976366,"Sigma":0.02048464037486129,"Taucorr":0.2788088364621074},"EnergyVariance":{"Mean":0.2669746102775415,"Sigma":0.01996677642221911,"Taucorr":0.03240466477333448},"Iteration":278},
{"Acceptance":[0.3258677685950413],"Energy":{"Mean":-39.135765496115376,"Sigma":0.017676667835570897,"Taucorr":0.23383373638559557},"EnergyVariance":{"Mean":0.2109859120963435,"Sigma":0.015366481323079561,"Taucorr":0.13611768379175138},"Iteration":279},
{"Acceptance":[0.3306198347107438],"Energy":{"Mean":-39.150347632717875,"Sigma":0.018038963760793184,"Taucorr":0.15974013006527055},"EnergyVariance":{"Mean":0.24439764003741546,"Sigma":0.018214360645013597,"Taucorr":0.227303771092916},"Iteration":280},
{"Acceptance":[0.33392561983471075],"Energy":{"Mean":-39.12780786047087,"Sigma":0.01398620642564211,"Taucorr":-0.07690122237096597},"EnergyVariance":{"Mean":0.2290880721272083,"Sigma":0.0156064339546707,"Taucorr":0.11373053158137103},"Iteration":281},
{"Acceptance":[0.33483471074380167],"Energy":{"Mean":-39.12249615921636,"Sigma":0.013948072772349697,"Taucorr":-0.04977333083627444},"EnergyVariance":{"Mean":0.21411242578072912,"Sigma":0.018137161227808046,"Taucorr":0.23280960855659494},"Iteration":282},
{"Acceptance":[0.3190909090909091],"Energy":{"Mean":-39.12263705738717,"Sigma":0.016658232791355407,"Taucorr":0.13377577644061067},"EnergyVariance":{"Mean":0.21695511127384137,"Sigma":0.02070507569796223,"Taucorr":0.3436529871564511},"Iteration":283},
{"Acceptance":[0.33140495867768593],"Energy":{"Mean":-39.0968855767996,"Sigma":0.01748513688187135,"Taucorr":0.12099541658336432},"EnergyVariance":{"Mean":0.24395062832438733,"Sigma":0.01983136395948935,"Taucorr":0.26640506885658677},"Iteration":284},
{"Acceptance":[0.34070247933884296],"Energy":{"Mean":-39.10644951052526,"Sigma":0.021899038545091128,"Taucorr":0.28947916367944626},"EnergyVariance":{"Mean":0.30099375510628695,"Sigma":0.018190406590487325,"Taucorr":-0.013684305848404021},"Iteration":285},
{"Acceptance":[0.3274380165289256],"Energy":{"Mean":-39.09858695163318,"Sigma":0.017768553605310176,"Taucorr":0.11757379105284738},"EnergyVariance":{"Mean":0.2533138764781167,"Sigma":0.01963151349917831,"Taucorr":0.008836806835460509},"Iteration":286},
{"Acceptance":[0.3271487603305785],"Energy":{"Mean":-39.09358874394807,"Sigma":0.01755893867397646,"Taucorr":0.05433415601044045},"EnergyVariance":{"Mean":0.2755945064247542,"Sigma":0.02617093696861857,"Taucorr":0.44252447692580266},"Iteration":287},
{"Acceptance":[0.33140495867768593],"Energy":{"Mean":-39.117362965796545,"Sigma":0.013782279292932444,"Taucorr":-0.09163052287256934},"EnergyVariance":{"Mean":0.23048013711558102,"Sigma":0.015436641289368648,"Taucorr":0.06079536924018647},"Iteration":288},
{"Acceptance":[0.3271074380165289],"Energy":{"Mean":-39.1222925664332,"Sigma":0.017464447247383826,"Taucorr":0.20179348743989822},"EnergyVariance":{"Mean":0.21535125293701887,"Sigma":0.015615583978130995,"Taucorr":-0.018949558896240504},"Iteration":289},
{"Acceptance":[0.3278099173553719],"Energy":{"Mean":-39.139353319089686,"Sigma":0.017837407844947206,"Taucorr":0.11342204830582958},"EnergyVariance":{"Mean":0.2570092626089353,"Sigma":0.01623179922135869,"Taucorr":-0.002226453011921925},"Iteration":290},
{"Acceptance":[0.32987603305785124],"Energy":{"Mean":-39.13825543709619,"Sigma":0.021216209468845337,"Taucorr":0.45063559176867796},"EnergyVariance":{"Mean":0.23462037808269556,"Sigma":0.016877973212650017,"Taucorr":0.11667672988093591},"Iteration":291},
{"Acceptance":[0.3253305785123967],"Energy":{"Mean":-39.126029622467705,"Sigma":0.01678344726140603,"Taucorr":0.030919552838389652},"EnergyVariance":{"Mean":0.26289496839677823,"Sigma":0.035135699080274245,"Taucorr":0.4425917469755333},"Iteration":292},
{"Acceptance":[0.32764462809917355],"Energy":{"Mean":-39.12829246954523,"Sigma":0.01716896706004878,"Taucorr":0.04635508570851121},"EnergyVariance":{"Mean":0.2673359761023535,"Sigma":0.01674133500714296,"Taucorr":0.015792282249649348},"Iteration":293},
{"Acceptance":[0.3313223140495868],"Energy":{"Mean":-39.13135029920819,"Sigma":0.01819914077008957,"Taucorr":0.11973066883342987},"EnergyVariance":{"Mean":0.2648167528355688,"Sigma":0.029333401192988745,"Taucorr":0.42872637216215104},"Iteration":294},
{"Acceptance":[0.3289669421487603],"Energy":{"Mean":-39.10675358553287,"Sigma":0.02037866729241595,"Taucorr":0.2361105800682195},"EnergyVariance":{"Mean":0.2795452853373535,"Sigma":0.02820564386368698,"Taucorr":0.6958052857800265},"Iteration":295},
{"Acceptance":[0.3293801652892562],"Energy":{"Mean":-39.10740740156784,"Sigma":0.016110458489878916,"Taucorr":0.056249885871958116},"EnergyVariance":{"Mean":0.23120262613956943,"Sigma":0.015318128571162009,"Taucorr":-0.020356337505627153},"Iteration":296},
{"Acceptance":[0.3293388429752066],"Energy":{"Mean":-39.14609710091833,"Sigma":0.020490483020185947,"Taucorr":0.31650848876045234},"EnergyVariance":{"Mean":0.2547952963212642,"Sigma":0.0158803989291162,"Taucorr":0.018927631366910225},"Iteration":297},
{"Acceptance":[0.32495867768595044],"Energy":{"Mean":-39.152158025845615,"Sigma":0.019994292971307934,"Taucorr":0.387032577555697},"EnergyVariance":{"Mean":0.2233150798398174,"Sigma":0.015082569833098,"Taucorr":0.06756233898196096},"Iteration":298},
{"Acceptance":[0.32545454545454544],"Energy":{"Mean":-39.13707198058076,"Sigma":0.01546874538137274,"Taucorr":0.024445307863815602},"EnergyVariance":{"Mean":0.22607624879878532,"Sigma":0.017983058541783316,"Taucorr":0.07474545322009629},"Iteration":299} 
]}