{"Output": [
{"Acceptance":[0.5197933884297521],"Energy":{"Mean":-24.206222734602704,"Sigma":0.5051032477961664,"Taucorr":0.9092555897689452},"EnergyVariance":{"Mean":89.71857989926085,"Sigma":3.4151225205200504,"Taucorr":-0.08541991032263169},"Iteration":0},
{"Acceptance":[0.025785123966942148],"Energy":{"Mean":-28.77203197190678,"Sigma":0.4796553375820551,"Taucorr":1.0019293124147173},"EnergyVariance":{"Mean":86.42395351769393,"Sigma":7.586718212874924,"Taucorr":0.624004051289784},"Iteration":1},
{"Acceptance":[0.07710743801652893],"Energy":{"Mean":-31.85800167183879,"Sigma":0.41557753190542235,"Taucorr":1.4825740202250675},"EnergyVariance":{"Mean":45.77482190658834,"Sigma":3.5446143694067858,"Taucorr":1.1523503839635878},"Iteration":2},
{"Acceptance":[0.12789256198347107],"Energy":{"Mean":-35.77006184234397,"Sigma":0.22887927733141644,"Taucorr":0.7673167649620654},"EnergyVariance":{"Mean":21.730071907611034,"Sigma":3.042012230509414,"Taucorr":0.1530411555820438},"Iteration":3},
{"Acceptance":[0.21227272727272728],"Energy":{"Mean":-38.018044519665715,"Sigma":0.13796256968749712,"Taucorr":0.3543568579444022},"EnergyVariance":{"Mean":12.463489400605177,"Sigma":1.0249356076294927,"Taucorr":0.5050733153418834},"Iteration":4},
{"Acceptance":[0.23991735537190081],"Energy":{"Mean":-38.27511454495062,"Sigma":0.09461401246856053,"Taucorr":0.2149352723803739},"EnergyVariance":{"Mean":7.5365480916825645,"Sigma":1.26314946513942,"Taucorr":0.43361687088431833},"Iteration":5},
{"Acceptance":[0.25516528925619836],"Energy":{"Mean":-38.57067898566309,"Sigma":0.111368844943211,"Taucorr":0.4730294600569487},"EnergyVariance":{"Mean":9.2744694386525,"Sigma":2.0923561346752146,"Taucorr":0.06052065181326127},"Iteration":6},
{"Acceptance":[0.27987603305785125],"Energy":{"Mean":-38.81290012943626,"Sigma":0.06926768350107984,"Taucorr":0.03551720411586834},"EnergyVariance":{"Mean":5.608963738969621,"Sigma":0.8988287598321171,"Taucorr":0.1950211862088863},"Iteration":7},
{"Acceptance":[0.29235537190082644],"Energy":{"Mean":-38.76137324535593,"Sigma":0.05409777382176629,"Taucorr":0.005794441920608406},"EnergyVariance":{"Mean":4.024985158131053,"Sigma":0.39520294271700546,"Taucorr":0.11669242584099249},"Iteration":8},
{"Acceptance":[0.2965702479338843],"Energy":{"Mean":-38.84902253014445,"Sigma":0.057585810459759613,"Taucorr":0.0376848569173186},"EnergyVariance":{"Mean":3.7364884054296996,"Sigma":0.5248000807005685,"Taucorr":0.019620429639104375},"Iteration":9},
{"Acceptance":[0.2940495867768595],"Energy":{"Mean":-38.81885055532244,"Sigma":0.057791484391694806,"Taucorr":0.001637893772222787},"EnergyVariance":{"Mean":4.125468021272755,"Sigma":0.8299230440475445,"Taucorr":0.03167489508373478},"Iteration":10},
{"Acceptance":[0.30260330578512395],"Energy":{"Mean":-38.890412699172906,"Sigma":0.06813422797566888,"Taucorr":0.24242388048488217},"EnergyVariance":{"Mean":3.915373306643922,"Sigma":0.6372340356636026,"Taucorr":0.248305588327557},"Iteration":11},
{"Acceptance":[0.30400826446280993],"Energy":{"Mean":-38.97634002611009,"Sigma":0.054929367110833925,"Taucorr":-0.010221956386121722},"EnergyVariance":{"Mean":3.7946277921890044,"Sigma":0.6190227937026189,"Taucorr":-0.004441576396604918},"Iteration":12},
{"Acceptance":[0.3131818181818182],"Energy":{"Mean":-38.89218303120574,"Sigma":0.12640281542964646,"Taucorr":0.010663559048315174},"EnergyVariance":{"Mean":16.26993921892336,"Sigma":13.013303235629998,"Taucorr":0.0002162872906715796},"Iteration":13},
{"Acceptance":[0.2977685950413223],"Energy":{"Mean":-38.890824628818486,"Sigma":0.05976577649299838,"Taucorr":0.19840163793027543},"EnergyVariance":{"Mean":3.4940221137227794,"Sigma":0.3293299505416301,"Taucorr":-0.043737900181105516},"Iteration":14},
{"Acceptance":[0.3040909090909091],"Energy":{"Mean":-38.932430343798224,"Sigma":0.0530501856175361,"Taucorr":0.0007943467815009209},"EnergyVariance":{"Mean":3.2477936852130043,"Sigma":0.3169699760134349,"Taucorr":-0.02969332341409958},"Iteration":15},
{"Acceptance":[0.30450413223140493],"Energy":{"Mean":-38.92258538968018,"Sigma":0.0414909702227572,"Taucorr":0.01546666391731577},"EnergyVariance":{"Mean":2.0674953827545237,"Sigma":0.2266005711609744,"Taucorr":0.12802778126154046},"Iteration":16},
{"Acceptance":[0.31194214876033055],"Energy":{"Mean":-39.07595921514105,"Sigma":0.038872626837164276,"Taucorr":-0.11351760551563128},"EnergyVariance":{"Mean":2.3226469388899487,"Sigma":0.25050693958525366,"Taucorr":0.1996057811399009},"Iteration":17},
{"Acceptance":[0.31322314049586775],"Energy":{"Mean":-38.97220834260211,"Sigma":0.04576058825848225,"Taucorr":-0.05276636640082605},"EnergyVariance":{"Mean":4.795503927684743,"Sigma":2.052413444933943,"Taucorr":0.006033684734871092},"Iteration":18},
{"Acceptance":[0.31425619834710744],"Energy":{"Mean":-38.897363326411586,"Sigma":0.04270715574537382,"Taucorr":-0.0022517883516571247},"EnergyVariance":{"Mean":2.3612085514611407,"Sigma":0.16095921123816884,"Taucorr":-0.18698609350700868},"Iteration":19},
{"Acceptance":[0.3084297520661157],"Energy":{"Mean":-39.01562669261444,"Sigma":0.05513114052954244,"Taucorr":0.12505514658061778},"EnergyVariance":{"Mean":3.063716439162155,"Sigma":0.5315287825372911,"Taucorr":0.2031274445093154},"Iteration":20},
{"Acceptance":[0.31809917355371903],"Energy":{"Mean":-38.97263964927375,"Sigma":0.04936935685227094,"Taucorr":0.02314489713946155},"EnergyVariance":{"Mean":2.8650981901950505,"Sigma":0.511400712868377,"Taucorr":0.022616705162100126},"Iteration":21},
{"Acceptance":[0.3274793388429752],"Energy":{"Mean":-39.02263033804452,"Sigma":0.04330272403901038,"Taucorr":0.016505113041368036},"EnergyVariance":{"Mean":2.3811549037546813,"Sigma":0.3362019393727084,"Taucorr":0.2767956626102628},"Iteration":22},
{"Acceptance":[0.3199173553719008],"Energy":{"Mean":-38.978360714891274,"Sigma":0.045875056074467534,"Taucorr":0.0684682943447148},"EnergyVariance":{"Mean":2.2950250878990763,"Sigma":0.32118143546009104,"Taucorr":-0.037222961758113016},"Iteration":23},
{"Acceptance":[0.316198347107438],"Energy":{"Mean":-38.995856126048686,"Sigma":0.042521229048987155,"Taucorr":0.011269284238800026},"EnergyVariance":{"Mean":2.418853721925263,"Sigma":0.4099575292408966,"Taucorr":0.09575674033728532},"Iteration":24},
{"Acceptance":[0.32322314049586776],"Energy":{"Mean":-39.11081272856133,"Sigma":0.04302740718290894,"Taucorr":0.19997546066070393},"EnergyVariance":{"Mean":1.9070979573069156,"Sigma":0.24409919968648647,"Taucorr":0.03179878033082706},"Iteration":25},
{"Acceptance":[0.3174380165289256],"Energy":{"Mean":-39.064901947465465,"Sigma":0.034721286588035874,"Taucorr":0.03329523945710533},"EnergyVariance":{"Mean":1.8547432129307508,"Sigma":0.33537735317775086,"Taucorr":0.04762731611536675},"Iteration":26},
{"Acceptance":[0.3121900826446281],"Energy":{"Mean":-39.05045142736591,"Sigma":0.04007274569298743,"Taucorr":0.08159344171182648},"EnergyVariance":{"Mean":1.9590153645791737,"Sigma":0.328926054951066,"Taucorr":0.2714276936636909},"Iteration":27},
{"Acceptance":[0.3233884297520661],"Energy":{"Mean":-39.0715541314543,"Sigma":0.02489062327715391,"Taucorr":-0.16533882340692607},"EnergyVariance":{"Mean":1.2763909048699074,"Sigma":0.1445800379163838,"Taucorr":0.0034116091573487273},"Iteration":28},
{"Acceptance":[0.3243388429752066],"Energy":{"Mean":-39.06201570110303,"Sigma":0.026521287957482556,"Taucorr":-0.09511016095520558},"EnergyVariance":{"Mean":1.7272837122793405,"Sigma":0.9576077193047191,"Taucorr":0.18153373383458615},"Iteration":29},
{"Acceptance":[0.32884297520661154],"Energy":{"Mean":-39.069305821761155,"Sigma":0.024443385109625893,"Taucorr":-0.02451351486271175},"EnergyVariance":{"Mean":0.9345453493799836,"Sigma":0.13853750208561594,"Taucorr":-0.029563196879093867},"Iteration":30},
{"Acceptance":[0.3252479338842975],"Energy":{"Mean":-39.084153772317705,"Sigma":0.025675955831069946,"Taucorr":0.004690854774386688},"EnergyVariance":{"Mean":0.9064744002347837,"Sigma":0.12049606088160025,"Taucorr":0.12696067234332786},"Iteration":31},
{"Acceptance":[0.32673553719008264],"Energy":{"Mean":-39.08175579817606,"Sigma":0.03158576526287622,"Taucorr":0.15526472567434213},"EnergyVariance":{"Mean":1.0171244121640042,"Sigma":0.35613703784436623,"Taucorr":0.2517643920645528},"Iteration":32},
{"Acceptance":[0.3247933884297521],"Energy":{"Mean":-39.098745447907454,"Sigma":0.025355977389346755,"Taucorr":0.2863246702574862},"EnergyVariance":{"Mean":0.5275979705992155,"Sigma":0.08077489865532117,"Taucorr":0.019902277840397775},"Iteration":33},
{"Acceptance":[0.3187190082644628],"Energy":{"Mean":-39.14836352189769,"Sigma":0.03448551271449577,"Taucorr":0.1591872048663473},"EnergyVariance":{"Mean":1.461791588728709,"Sigma":1.0065483346875497,"Taucorr":0.06388267661367575},"Iteration":34},
{"Acceptance":[0.31574380165289256],"Energy":{"Mean":-39.08788345317008,"Sigma":0.02704568359588163,"Taucorr":0.10320114383911105},"EnergyVariance":{"Mean":0.7649417412718917,"Sigma":0.20854897243287243,"Taucorr":-0.04255975357334124},"Iteration":35},
{"Acceptance":[0.3310743801652893],"Energy":{"Mean":-39.08937123879552,"Sigma":0.023534936489657474,"Taucorr":0.14848513334175595},"EnergyVariance":{"Mean":0.5120547262584012,"Sigma":0.13663473702185883,"Taucorr":-0.014293937509376353},"Iteration":36},
{"Acceptance":[0.316198347107438],"Energy":{"Mean":-39.122920760872105,"Sigma":0.021475391759946845,"Taucorr":0.3643311643460734},"EnergyVariance":{"Mean":0.31221067074364,"Sigma":0.03712999264906145,"Taucorr":0.02517688315942168},"Iteration":37},
{"Acceptance":[0.3197933884297521],"Energy":{"Mean":-39.11403831336458,"Sigma":0.017138037672214133,"Taucorr":-0.030225051927231184},"EnergyVariance":{"Mean":0.3893735752119561,"Sigma":0.12331191847621512,"Taucorr":-0.016018086571027323},"Iteration":38},
{"Acceptance":[0.33033057851239667],"Energy":{"Mean":-39.128514274879024,"Sigma":0.01999740255035441,"Taucorr":-0.04363089011569221},"EnergyVariance":{"Mean":0.5898923206613452,"Sigma":0.20858994591606406,"Taucorr":-0.03839676285126109},"Iteration":39},
{"Acceptance":[0.3325206611570248],"Energy":{"Mean":-39.11504674582427,"Sigma":0.01755365371622731,"Taucorr":0.22722675997218478},"EnergyVariance":{"Mean":0.2339996798377614,"Sigma":0.0355257302641943,"Taucorr":0.18519738437251854},"Iteration":40},
{"Acceptance":[0.33322314049586776],"Energy":{"Mean":-39.122130336445444,"Sigma":0.016023288377959754,"Taucorr":-0.11439652012485046},"EnergyVariance":{"Mean":0.4109263997077474,"Sigma":0.16432566063937865,"Taucorr":-0.020663702883106372},"Iteration":41},
{"Acceptance":[0.3202479338842975],"Energy":{"Mean":-39.098290242770894,"Sigma":0.025431733038245374,"Taucorr":0.3565389776051823},"EnergyVariance":{"Mean":0.46873594722423584,"Sigma":0.282675273014349,"Taucorr":0.1260657001522456},"Iteration":42},
{"Acceptance":[0.32458677685950416],"Energy":{"Mean":-39.1256878496855,"Sigma":0.019445672799468766,"Taucorr":0.11338175798381223},"EnergyVariance":{"Mean":0.3585945516018039,"Sigma":0.10316388443299306,"Taucorr":0.22484144857588062},"Iteration":43},
{"Acceptance":[0.3193801652892562],"Energy":{"Mean":-39.11771514075904,"Sigma":0.016180132335725038,"Taucorr":0.15907985865201046},"EnergyVariance":{"Mean":0.21834814074456566,"Sigma":0.026488819654144714,"Taucorr":0.0045293449404952835},"Iteration":44},
{"Acceptance":[0.3257438016528926],"Energy":{"Mean":-39.13083871621573,"Sigma":0.015177026392458066,"Taucorr":-0.12240821467018198},"EnergyVariance":{"Mean":0.36248396159631785,"Sigma":0.10870282692585215,"Taucorr":0.1878412632812103},"Iteration":45},
{"Acceptance":[0.3275206611570248],"Energy":{"Mean":-39.09807710675597,"Sigma":0.01475039989888041,"Taucorr":-0.06665135808028277},"EnergyVariance":{"Mean":0.30339414639643003,"Sigma":0.07055536367046625,"Taucorr":0.07786126750351885},"Iteration":46},
{"Acceptance":[0.32380165289256196],"Energy":{"Mean":-39.11002193410174,"Sigma":0.012847236157330752,"Taucorr":-0.029729781115706067},"EnergyVariance":{"Mean":0.20840919295848762,"Sigma":0.041361681176281376,"Taucorr":0.07319816357087017},"Iteration":47},
{"Acceptance":[0.3237603305785124],"Energy":{"Mean":-39.133375413827835,"Sigma":0.016253225539271346,"Taucorr":0.0817469328859326},"EnergyVariance":{"Mean":0.26808297757064276,"Sigma":0.05556322725298264,"Taucorr":-0.06197706390443536},"Iteration":48},
{"Acceptance":[0.33078512396694215],"Energy":{"Mean":-39.12717964302315,"Sigma":0.01522964818958587,"Taucorr":0.20340652072908771},"EnergyVariance":{"Mean":0.21077826574555214,"Sigma":0.036482681849191935,"Taucorr":-0.0737891593613722},"Iteration":49},
{"Acceptance":[0.3202479338842975],"Energy":{"Mean":-39.10398691435578,"Sigma":0.010757036812968114,"Taucorr":-0.08925612765239654},"EnergyVariance":{"Mean":0.1615278595275533,"Sigma":0.029362880526402194,"Taucorr":0.2975773802607192},"Iteration":50},
{"Acceptance":[0.32669421487603306],"Energy":{"Mean":-39.13301138322687,"Sigma":0.013174633265403362,"Taucorr":0.022712222373795554},"EnergyVariance":{"Mean":0.25882365840028587,"Sigma":0.09145917488291001,"Taucorr":0.3604882172537871},"Iteration":51},
{"Acceptance":[0.32252066115702477],"Energy":{"Mean":-39.151654388550426,"Sigma":0.009332539445931437,"Taucorr":-0.0747721315805363},"EnergyVariance":{"Mean":0.12520153278741067,"Sigma":0.01250629956629561,"Taucorr":0.11326221459956831},"Iteration":52},
{"Acceptance":[0.3287190082644628],"Energy":{"Mean":-39.142661771808,"Sigma":0.01073919814405717,"Taucorr":0.06659198824820645},"EnergyVariance":{"Mean":0.12660461990152383,"Sigma":0.02074627326725788,"Taucorr":0.008774909247449947},"Iteration":53},
{"Acceptance":[0.32148760330578513],"Energy":{"Mean":-39.136454899913616,"Sigma":0.008247751073062994,"Taucorr":-0.10721409508098562},"EnergyVariance":{"Mean":0.10818554231116366,"Sigma":0.01924261905336963,"Taucorr":0.1139366142768311},"Iteration":54},
{"Acceptance":[0.31785123966942147],"Energy":{"Mean":-39.12752162295583,"Sigma":0.009854107601003302,"Taucorr":0.12307214064619887},"EnergyVariance":{"Mean":0.10170044158331425,"Sigma":0.01571171081988864,"Taucorr":0.07812447113307941},"Iteration":55},
{"Acceptance":[0.32847107438016526],"Energy":{"Mean":-39.132295039231636,"Sigma":0.010084440467196013,"Taucorr":0.19306135940935076},"EnergyVariance":{"Mean":0.08596475992256981,"Sigma":0.018344835980844285,"Taucorr":0.28158582338460514},"Iteration":56},
{"Acceptance":[0.3252892561983471],"Energy":{"Mean":-39.128434929039145,"Sigma":0.009995043072903338,"Taucorr":0.1960232678333642},"EnergyVariance":{"Mean":0.09051991967670182,"Sigma":0.012372652432021108,"Taucorr":0.24945088132898807},"Iteration":57},
{"Acceptance":[0.32206611570247934],"Energy":{"Mean":-39.14367589652364,"Sigma":0.00716478686147771,"Taucorr":-0.15820319228657115},"EnergyVariance":{"Mean":0.11233651187027326,"Sigma":0.027045736382050142,"Taucorr":0.025878314937784364},"Iteration":58},
{"Acceptance":[0.32206611570247934],"Energy":{"Mean":-39.12675398457611,"Sigma":0.009068347477952892,"Taucorr":0.13932747051042393},"EnergyVariance":{"Mean":0.07952738830182954,"Sigma":0.01035520541535568,"Taucorr":0.23158276190602511},"Iteration":59},
{"Acceptance":[0.3199173553719008],"Energy":{"Mean":-39.15103601211147,"Sigma":0.008125225709630915,"Taucorr":0.006120392976365685},"EnergyVariance":{"Mean":0.09253660089760295,"Sigma":0.011671621478449965,"Taucorr":0.006522008403336832},"Iteration":60},
{"Acceptance":[0.3197933884297521],"Energy":{"Mean":-39.125977464737154,"Sigma":0.008023494076131859,"Taucorr":0.18856261478536696},"EnergyVariance":{"Mean":0.0635977852649596,"Sigma":0.006302978839595539,"Taucorr":-0.07959129937058818},"Iteration":61},
{"Acceptance":[0.3208264462809917],"Energy":{"Mean":-39.142726445957706,"Sigma":0.007477999123212587,"Taucorr":-0.033184696566856575},"EnergyVariance":{"Mean":0.08383587491044649,"Sigma":0.018890247957064194,"Taucorr":-0.04208734784879353},"Iteration":62},
{"Acceptance":[0.32008264462809916],"Energy":{"Mean":-39.127472538274326,"Sigma":0.010056652298991359,"Taucorr":0.18111483715011367},"EnergyVariance":{"Mean":0.0891437123492165,"Sigma":0.02761304861627201,"Taucorr":0.05830228554126182},"Iteration":63},
{"Acceptance":[0.32520661157024794],"Energy":{"Mean":-39.14108256032701,"Sigma":0.008633400075135923,"Taucorr":0.11433890686665826},"EnergyVariance":{"Mean":0.07299934044405719,"Sigma":0.01600153661087295,"Taucorr":0.0886172120703902},"Iteration":64},
{"Acceptance":[0.32380165289256196],"Energy":{"Mean":-39.14408229832521,"Sigma":0.005478214199981655,"Taucorr":-0.20385265065598823},"EnergyVariance":{"Mean":0.06372469091042511,"Sigma":0.007620211617198293,"Taucorr":-0.013881074835683238},"Iteration":65},
{"Acceptance":[0.32239669421487605],"Energy":{"Mean":-39.13257727000951,"Sigma":0.004674459518921133,"Taucorr":-0.23478752729490754},"EnergyVariance":{"Mean":0.050750234817767435,"Sigma":0.0040391968466653005,"Taucorr":0.05179338278955181},"Iteration":66},
{"Acceptance":[0.32681818181818184],"Energy":{"Mean":-39.13021956841437,"Sigma":0.008398688195182599,"Taucorr":0.34268858093336396},"EnergyVariance":{"Mean":0.05418004531970268,"Sigma":0.005284451546432877,"Taucorr":0.04158325031504573},"Iteration":67},
{"Acceptance":[0.3221487603305785],"Energy":{"Mean":-39.14085248130526,"Sigma":0.0063875925397987345,"Taucorr":-0.1716573870590094},"EnergyVariance":{"Mean":0.08091143716663636,"Sigma":0.022868720512244527,"Taucorr":0.0015642738332425354},"Iteration":68},
{"Acceptance":[0.32673553719008264],"Energy":{"Mean":-39.146056053554744,"Sigma":0.008877289149247635,"Taucorr":0.2026172732406869},"EnergyVariance":{"Mean":0.07451168810996052,"Sigma":0.014813440681803782,"Taucorr":0.03383970980561046},"Iteration":69},
{"Acceptance":[0.32566115702479337],"Energy":{"Mean":-39.14506773009771,"Sigma":0.008997020303536604,"Taucorr":0.06452577046823393},"EnergyVariance":{"Mean":0.0876775575708595,"Sigma":0.028221801794505404,"Taucorr":0.10688638694801389},"Iteration":70},
{"Acceptance":[0.32272727272727275],"Energy":{"Mean":-39.14908838355639,"Sigma":0.00686716316839428,"Taucorr":-0.04039429394965144},"EnergyVariance":{"Mean":0.0693180425065275,"Sigma":0.013285960373773952,"Taucorr":0.07470108078325643},"Iteration":71},
{"Acceptance":[0.31834710743801653],"Energy":{"Mean":-39.139234541328726,"Sigma":0.005424931563586279,"Taucorr":-0.07886167686419332},"EnergyVariance":{"Mean":0.04477451800504568,"Sigma":0.004372654081426891,"Taucorr":-0.13224302285634115},"Iteration":72},
{"Acceptance":[0.324297520661157],"Energy":{"Mean":-39.144146197496696,"Sigma":0.00958659243860796,"Taucorr":0.14792834623074202},"EnergyVariance":{"Mean":0.08700435753832045,"Sigma":0.023282110011672734,"Taucorr":0.24178351391534103},"Iteration":73},
{"Acceptance":[0.3166528925619835],"Energy":{"Mean":-39.14485550354297,"Sigma":0.007657206587375655,"Taucorr":0.14426547579940818},"EnergyVariance":{"Mean":0.05586449732723454,"Sigma":0.009901846083374995,"Taucorr":0.26782532827704164},"Iteration":74},
{"Acceptance":[0.322603305785124],"Energy":{"Mean":-39.14483674507276,"Sigma":0.005816646048144497,"Taucorr":-0.019754562223157468},"EnergyVariance":{"Mean":0.042603673561983364,"Sigma":0.004171269208431771,"Taucorr":0.010757271479983399},"Iteration":75},
{"Acceptance":[0.3193388429752066],"Energy":{"Mean":-39.143669650144645,"Sigma":0.006719449709825703,"Taucorr":0.21319394399101232},"EnergyVariance":{"Mean":0.04093765060899179,"Sigma":0.005104235469371124,"Taucorr":-0.008724147828311657},"Iteration":76},
{"Acceptance":[0.32566115702479337],"Energy":{"Mean":-39.129160156968425,"Sigma":0.007202048944923369,"Taucorr":0.04967201976717317},"EnergyVariance":{"Mean":0.0597075681568613,"Sigma":0.007876644064374626,"Taucorr":-0.00645357793646173},"Iteration":77},
{"Acceptance":[0.3150413223140496],"Energy":{"Mean":-39.14900283018627,"Sigma":0.005171094026481032,"Taucorr":-0.11339718176195007},"EnergyVariance":{"Mean":0.04147001576132717,"Sigma":0.003388287292822332,"Taucorr":0.09858906959156988},"Iteration":78},
{"Acceptance":[0.3209504132231405],"Energy":{"Mean":-39.14314439554021,"Sigma":0.0076566786582903945,"Taucorr":0.011096413173112052},"EnergyVariance":{"Mean":0.06354432122873475,"Sigma":0.013810483132106404,"Taucorr":-0.027085106819245308},"Iteration":79},
{"Acceptance":[0.32648760330578513],"Energy":{"Mean":-39.138464975454006,"Sigma":0.007420686598813673,"Taucorr":0.09651039679769524},"EnergyVariance":{"Mean":0.05559331315821002,"Sigma":0.007728914250921265,"Taucorr":-0.04340184304156741},"Iteration":80},
{"Acceptance":[0.316900826446281],"Energy":{"Mean":-39.1476589407541,"Sigma":0.007533905043940976,"Taucorr":0.1526745582973993},"EnergyVariance":{"Mean":0.05349474451308521,"Sigma":0.007837053179387266,"Taucorr":-0.012469235468732465},"Iteration":81},
{"Acceptance":[0.3202479338842975],"Energy":{"Mean":-39.154155721520205,"Sigma":0.005027842046536589,"Taucorr":-0.11269150047782028},"EnergyVariance":{"Mean":0.03822947554687169,"Sigma":0.004916311435640132,"Taucorr":0.11674903925513513},"Iteration":82},
{"Acceptance":[0.320702479338843],"Energy":{"Mean":-39.15083606527685,"Sigma":0.008140114328561581,"Taucorr":-0.09008587440536209},"EnergyVariance":{"Mean":0.08744041709555478,"Sigma":0.026256841220617885,"Taucorr":0.04193805247922877},"Iteration":83},
{"Acceptance":[0.3212809917355372],"Energy":{"Mean":-39.1392845754727,"Sigma":0.007185588695703631,"Taucorr":0.12752582367132614},"EnergyVariance":{"Mean":0.048553332935929935,"Sigma":0.0070720780477959546,"Taucorr":0.0854580284260884},"Iteration":84},
{"Acceptance":[0.3285123966942149],"Energy":{"Mean":-39.14461864646015,"Sigma":0.008131486544452688,"Taucorr":0.21679840692017316},"EnergyVariance":{"Mean":0.05804755879477429,"Sigma":0.009461833302940398,"Taucorr":0.07554313296985138},"Iteration":85},
{"Acceptance":[0.316404958677686],"Energy":{"Mean":-39.1477593680598,"Sigma":0.005360022572551967,"Taucorr":-0.14078466839237275},"EnergyVariance":{"Mean":0.047790997701329344,"Sigma":0.007613584667760049,"Taucorr":0.23678681437524385},"Iteration":86},
{"Acceptance":[0.32508264462809916],"Energy":{"Mean":-39.13897123275879,"Sigma":0.006973061874920477,"Taucorr":0.23918500834470868},"EnergyVariance":{"Mean":0.04149635883855751,"Sigma":0.006899542776016859,"Taucorr":0.274272583177293},"Iteration":87},
{"Acceptance":[0.31363636363636366],"Energy":{"Mean":-39.14036831424656,"Sigma":0.005294219201495092,"Taucorr":-0.18238433005843036},"EnergyVariance":{"Mean":0.05224091668361525,"Sigma":0.01368085799023507,"Taucorr":0.22790690115972845},"Iteration":88},
{"Acceptance":[0.32272727272727275],"Energy":{"Mean":-39.151547348247895,"Sigma":0.006463320329960752,"Taucorr":-0.10419616520728214},"EnergyVariance":{"Mean":0.06229563256897843,"Sigma":0.012021980825356987,"Taucorr":0.19287440311125614},"Iteration":89},
{"Acceptance":[0.3172314049586777],"Energy":{"Mean":-39.15363106248663,"Sigma":0.007106926727273085,"Taucorr":-0.005499418628678199},"EnergyVariance":{"Mean":0.06066564164945747,"Sigma":0.01456878997436895,"Taucorr":0.16977605270457974},"Iteration":90},
{"Acceptance":[0.3196280991735537],"Energy":{"Mean":-39.136093579847746,"Sigma":0.006526036567274907,"Taucorr":0.08290642251645075},"EnergyVariance":{"Mean":0.04438346487771182,"Sigma":0.004151642410682121,"Taucorr":-0.09215839771688705},"Iteration":91},
{"Acceptance":[0.3325619834710744],"Energy":{"Mean":-39.1317317048973,"Sigma":0.007947517249927068,"Taucorr":0.3664463685848266},"EnergyVariance":{"Mean":0.04522860364463468,"Sigma":0.004831072614745483,"Taucorr":0.22179470000474122},"Iteration":92},
{"Acceptance":[0.3309504132231405],"Energy":{"Mean":-39.14586636557895,"Sigma":0.006057825998974831,"Taucorr":-0.02048801357339325},"EnergyVariance":{"Mean":0.045142286159562776,"Sigma":0.0090444017005759,"Taucorr":0.46809924653762536},"Iteration":93},
{"Acceptance":[0.32],"Energy":{"Mean":-39.13968371487264,"Sigma":0.006295456797937569,"Taucorr":-0.018907900334157735},"EnergyVariance":{"Mean":0.048682366873031034,"Sigma":0.006688934679632327,"Taucorr":0.284677319647228},"Iteration":94},
{"Acceptance":[0.3175206611570248],"Energy":{"Mean":-39.1470172397159,"Sigma":0.007099111823709319,"Taucorr":0.24871279232233034},"EnergyVariance":{"Mean":0.03925744246210831,"Sigma":0.005285323655738218,"Taucorr":0.1729021868540549},"Iteration":95},
{"Acceptance":[0.3221900826446281],"Energy":{"Mean":-39.138108296557746,"Sigma":0.006003647010116088,"Taucorr":0.1259995958632234},"EnergyVariance":{"Mean":0.03378132764470926,"Sigma":0.0027754432309197133,"Taucorr":-0.006447668356624359},"Iteration":96},
{"Acceptance":[0.3114876033057851],"Energy":{"Mean":-39.147292470611795,"Sigma":0.004621411016521707,"Taucorr":-0.11357111467730763},"EnergyVariance":{"Mean":0.03214266659627248,"Sigma":0.004702572719309605,"Taucorr":-0.0612507212578528},"Iteration":97},
{"Acceptance":[0.30669421487603304],"Energy":{"Mean":-39.14249915190218,"Sigma":0.006669031712216318,"Taucorr":0.08041882780178544},"EnergyVariance":{"Mean":0.044146987070650755,"Sigma":0.007883204041663611,"Taucorr":0.1500072508410475},"Iteration":98},
{"Acceptance":[0.31727272727272726],"Energy":{"Mean":-39.13676087098148,"Sigma":0.0070070039516931405,"Taucorr":0.1515123147376477},"EnergyVariance":{"Mean":0.044134166101758104,"Sigma":0.005762053891454285,"Taucorr":0.056222258052088026},"Iteration":99},
{"Acceptance":[0.3196280991735537],"Energy":{"Mean":-39.12952809002197,"Sigma":0.006098861870600496,"Taucorr":0.02858884468823375},"EnergyVariance":{"Mean":0.04131699045536229,"Sigma":0.005091163441057121,"Taucorr":-0.03320675740299861},"Iteration":100},
{"Acceptance":[0.31392561983471073],"Energy":{"Mean":-39.14436710495241,"Sigma":0.007756607696520361,"Taucorr":0.16405382341546337},"EnergyVariance":{"Mean":0.05657670053252614,"Sigma":0.0230946171800868,"Taucorr":-0.019104424224050176},"Iteration":101},
{"Acceptance":[0.3302479338842975],"Energy":{"Mean":-39.13592379951336,"Sigma":0.00540103943067038,"Taucorr":-0.07849872952686637},"EnergyVariance":{"Mean":0.04227741141647605,"Sigma":0.0047627397772815015,"Taucorr":0.2112059763487868},"Iteration":102},
{"Acceptance":[0.320702479338843],"Energy":{"Mean":-39.15437035918307,"Sigma":0.006139003849089219,"Taucorr":-0.11503688042023902},"EnergyVariance":{"Mean":0.05835882947032034,"Sigma":0.014574607462134114,"Taucorr":0.13733694650062167},"Iteration":103},
{"Acceptance":[0.3259917355371901],"Energy":{"Mean":-39.14721582027972,"Sigma":0.005100868503358924,"Taucorr":-0.06401501414820221},"EnergyVariance":{"Mean":0.034598761795363156,"Sigma":0.0028323133864162366,"Taucorr":0.15675680497234823},"Iteration":104},
{"Acceptance":[0.32326446280991733],"Energy":{"Mean":-39.147058720792444,"Sigma":0.007200665916009004,"Taucorr":0.10889391834687734},"EnergyVariance":{"Mean":0.04999996419464519,"Sigma":0.011608620072919644,"Taucorr":0.3360748548346889},"Iteration":105},
{"Acceptance":[0.32388429752066117],"Energy":{"Mean":-39.1376133065713,"Sigma":0.005630900116708941,"Taucorr":0.07608553852735078},"EnergyVariance":{"Mean":0.03383213107234621,"Sigma":0.0030206868747902934,"Taucorr":0.14472014855160342},"Iteration":106},
{"Acceptance":[0.3139669421487603],"Energy":{"Mean":-39.143708190551074,"Sigma":0.004255221118308754,"Taucorr":-0.15169694148577284},"EnergyVariance":{"Mean":0.030364403626577118,"Sigma":0.0022206856424012997,"Taucorr":-0.12616215566079964},"Iteration":107},
{"Acceptance":[0.31822314049586775],"Energy":{"Mean":-39.1460187905942,"Sigma":0.005021428443237589,"Taucorr":-0.05506580853504772},"EnergyVariance":{"Mean":0.03392048761920335,"Sigma":0.0039024044350077516,"Taucorr":0.15908003675406435},"Iteration":108},
{"Acceptance":[0.32049586776859507],"Energy":{"Mean":-39.13672729094968,"Sigma":0.006347023116759621,"Taucorr":0.014323845027843007},"EnergyVariance":{"Mean":0.04816910196168307,"Sigma":0.009516696052393962,"Taucorr":0.3712859688891743},"Iteration":109},
{"Acceptance":[0.31227272727272726],"Energy":{"Mean":-39.13500112207304,"Sigma":0.0054047513702117815,"Taucorr":0.14437073852026927},"EnergyVariance":{"Mean":0.026155050787844716,"Sigma":0.0016482503735190362,"Taucorr":-0.08865020330794904},"Iteration":110},
{"Acceptance":[0.3228512396694215],"Energy":{"Mean":-39.13812567432004,"Sigma":0.005625720522435013,"Taucorr":0.011122882643903487},"EnergyVariance":{"Mean":0.03815830243516828,"Sigma":0.006218887989803195,"Taucorr":0.06501650646400436},"Iteration":111},
{"Acceptance":[0.32049586776859507],"Energy":{"Mean":-39.13725168186194,"Sigma":0.005825818675010956,"Taucorr":0.043228029833359716},"EnergyVariance":{"Mean":0.03941237960534367,"Sigma":0.0049405915738406575,"Taucorr":0.1053919752001099},"Iteration":112},
{"Acceptance":[0.31888429752066116],"Energy":{"Mean":-39.142375557164094,"Sigma":0.0049549341432396365,"Taucorr":-0.04033886378685281},"EnergyVariance":{"Mean":0.0334620352812704,"Sigma":0.004263365073011569,"Taucorr":0.018057991811217478},"Iteration":113},
{"Acceptance":[0.3134710743801653],"Energy":{"Mean":-39.14475915050996,"Sigma":0.005543711420099335,"Taucorr":-0.1092167057640146},"EnergyVariance":{"Mean":0.048313817349164706,"Sigma":0.010471242998129095,"Taucorr":0.3117745912085592},"Iteration":114},
{"Acceptance":[0.31797520661157025],"Energy":{"Mean":-39.13941622444124,"Sigma":0.006254769339800958,"Taucorr":0.08031415327123126},"EnergyVariance":{"Mean":0.04233504977601857,"Sigma":0.005829041303890641,"Taucorr":0.0679335502420253},"Iteration":115},
{"Acceptance":[0.3235123966942149],"Energy":{"Mean":-39.147498777105056,"Sigma":0.005503865454929932,"Taucorr":0.01691176317304366},"EnergyVariance":{"Mean":0.034213427960412476,"Sigma":0.005795176948335138,"Taucorr":0.0013546035619721453},"Iteration":116},
{"Acceptance":[0.3202479338842975],"Energy":{"Mean":-39.14430800330366,"Sigma":0.004190942531006877,"Taucorr":-0.20490724138034},"EnergyVariance":{"Mean":0.037201232943166254,"Sigma":0.006723444830395246,"Taucorr":0.5139382298428512},"Iteration":117},
{"Acceptance":[0.3242148760330579],"Energy":{"Mean":-39.15346136940654,"Sigma":0.008324758063735714,"Taucorr":0.10835069138891706},"EnergyVariance":{"Mean":0.06654531790994277,"Sigma":0.025558845076267406,"Taucorr":0.2682340449007816},"Iteration":118},
{"Acceptance":[0.3217768595041322],"Energy":{"Mean":-39.129204453651006,"Sigma":0.006520448827007565,"Taucorr":0.23519744691188094},"EnergyVariance":{"Mean":0.037511353451093334,"Sigma":0.003326605199030886,"Taucorr":-0.03547603478410161},"Iteration":119},
{"Acceptance":[0.3274380165289256],"Energy":{"Mean":-39.14039538842465,"Sigma":0.004933388818252936,"Taucorr":-0.01640176762961748},"EnergyVariance":{"Mean":0.030962843813787732,"Sigma":0.0028517628788694545,"Taucorr":0.13442276834253886},"Iteration":120},
{"Acceptance":[0.3178099173553719],"Energy":{"Mean":-39.14545751021331,"Sigma":0.004630264416305699,"Taucorr":-0.14203318429463901},"EnergyVariance":{"Mean":0.03573055451126393,"Sigma":0.006973472489763399,"Taucorr":0.025740425868223227},"Iteration":121},
{"Acceptance":[0.32297520661157025],"Energy":{"Mean":-39.14310023610874,"Sigma":0.005351728276228142,"Taucorr":0.010126701225363521},"EnergyVariance":{"Mean":0.03402774923012855,"Sigma":0.004184252232366231,"Taucorr":0.20931372525388192},"Iteration":122},
{"Acceptance":[0.3221900826446281],"Energy":{"Mean":-39.14716421852716,"Sigma":0.00703342825928291,"Taucorr":0.17634102270720675},"EnergyVariance":{"Mean":0.04213508701145635,"Sigma":0.005357966246373744,"Taucorr":-0.065343163282018},"Iteration":123},
{"Acceptance":[0.3181818181818182],"Energy":{"Mean":-39.144148792337596,"Sigma":0.005251860804159033,"Taucorr":-0.08135300277885332},"EnergyVariance":{"Mean":0.04171995538349589,"Sigma":0.005667675945842853,"Taucorr":0.21750759265290986},"Iteration":124},
{"Acceptance":[0.319297520661157],"Energy":{"Mean":-39.14287135328033,"Sigma":0.0054318265514368145,"Taucorr":0.011491926946863962},"EnergyVariance":{"Mean":0.03627449222878892,"Sigma":0.003834735619177728,"Taucorr":0.1334642350166988},"Iteration":125},
{"Acceptance":[0.321198347107438],"Energy":{"Mean":-39.14289780045688,"Sigma":0.004989399792150017,"Taucorr":0.016389070101742065},"EnergyVariance":{"Mean":0.029356845307385113,"Sigma":0.0041600705518810765,"Taucorr":0.2751883308853649},"Iteration":126},
{"Acceptance":[0.32020661157024793],"Energy":{"Mean":-39.15295884147101,"Sigma":0.005063380299432225,"Taucorr":0.01438046158203643},"EnergyVariance":{"Mean":0.032876440389230044,"Sigma":0.005754637238593081,"Taucorr":0.1660292332242732},"Iteration":127},
{"Acceptance":[0.3201239669421488],"Energy":{"Mean":-39.143320194314356,"Sigma":0.0052865522764047775,"Taucorr":0.012276690581819683},"EnergyVariance":{"Mean":0.03108578006323121,"Sigma":0.003871342705552955,"Taucorr":0.07281054940573761},"Iteration":128},
{"Acceptance":[0.32074380165289257],"Energy":{"Mean":-39.13960889155466,"Sigma":0.0050497786196401495,"Taucorr":0.1200296916540563},"EnergyVariance":{"Mean":0.02577269072331725,"Sigma":0.0025542269221466435,"Taucorr":0.06554689691170013},"Iteration":129},
{"Acceptance":[0.3209504132231405],"Energy":{"Mean":-39.143074014067665,"Sigma":0.007176142703303145,"Taucorr":0.2980866280806148},"EnergyVariance":{"Mean":0.0386482755333476,"Sigma":0.006540909528303044,"Taucorr":0.22898380109608507},"Iteration":130},
{"Acceptance":[0.32272727272727275],"Energy":{"Mean":-39.13903690711518,"Sigma":0.006991225496023423,"Taucorr":0.39011091708496304},"EnergyVariance":{"Mean":0.033092963594321644,"Sigma":0.005509040980430329,"Taucorr":0.8885567594727677},"Iteration":131},
{"Acceptance":[0.32309917355371903],"Energy":{"Mean":-39.14324207591606,"Sigma":0.004925020197882803,"Taucorr":-0.07197818590136507},"EnergyVariance":{"Mean":0.03523983962338871,"Sigma":0.006397609007464036,"Taucorr":0.2015509865053725},"Iteration":132},
{"Acceptance":[0.3219834710743802],"Energy":{"Mean":-39.148180571306256,"Sigma":0.0036489354964912486,"Taucorr":-0.21784120300946452},"EnergyVariance":{"Mean":0.02947217415833655,"Sigma":0.003302785876319874,"Taucorr":0.07099380413499834},"Iteration":133},
{"Acceptance":[0.31760330578512397],"Energy":{"Mean":-39.140662758674175,"Sigma":0.005224966512641054,"Taucorr":0.050861186757572896},"EnergyVariance":{"Mean":0.02872318892493999,"Sigma":0.003910406241149916,"Taucorr":-0.06858218554270734},"Iteration":134},
{"Acceptance":[0.32673553719008264],"Energy":{"Mean":-39.152530018223736,"Sigma":0.006230296588711606,"Taucorr":0.061258757042757184},"EnergyVariance":{"Mean":0.041958694702373046,"Sigma":0.008399755803800604,"Taucorr":0.05403340828750769},"Iteration":135},
{"Acceptance":[0.32392561983471074],"Energy":{"Mean":-39.14925283036681,"Sigma":0.0057816559240757275,"Taucorr":0.13552524673699362},"EnergyVariance":{"Mean":0.032536641161708055,"Sigma":0.005492395181120103,"Taucorr":0.07757360077071784},"Iteration":136},
{"Acceptance":[0.3180578512396694],"Energy":{"Mean":-39.144936097180455,"Sigma":0.0066896078588944375,"Taucorr":0.23934890493746996},"EnergyVariance":{"Mean":0.038020092061408356,"Sigma":0.005133888264138895,"Taucorr":0.42877251486709567},"Iteration":137},
{"Acceptance":[0.3243801652892562],"Energy":{"Mean":-39.141939622086745,"Sigma":0.004515117838983605,"Taucorr":-0.09230427854057288},"EnergyVariance":{"Mean":0.03166699096583268,"Sigma":0.004135658622351498,"Taucorr":0.40132332574390206},"Iteration":138},
{"Acceptance":[0.3209504132231405],"Energy":{"Mean":-39.138049905147724,"Sigma":0.006774137817297611,"Taucorr":0.17987992319115376},"EnergyVariance":{"Mean":0.04156857832259117,"Sigma":0.008769666057406521,"Taucorr":0.015833408445853236},"Iteration":139},
{"Acceptance":[0.31987603305785123],"Energy":{"Mean":-39.14585601071973,"Sigma":0.00517828688375153,"Taucorr":0.0009795561980191492},"EnergyVariance":{"Mean":0.03319360452610264,"Sigma":0.005456294106797802,"Taucorr":0.3616566863483539},"Iteration":140},
{"Acceptance":[0.3227685950413223],"Energy":{"Mean":-39.14339718386216,"Sigma":0.007323398450138598,"Taucorr":0.24233138656122366},"EnergyVariance":{"Mean":0.04275796180907696,"Sigma":0.010774686827197667,"Taucorr":0.5440090657951437},"Iteration":141},
{"Acceptance":[0.3180578512396694],"Energy":{"Mean":-39.141926904180686,"Sigma":0.0050498915150845635,"Taucorr":0.04557931583857244},"EnergyVariance":{"Mean":0.03068874240485158,"Sigma":0.003256395949954111,"Taucorr":0.15374075248138597},"Iteration":142},
{"Acceptance":[0.3180165289256198],"Energy":{"Mean":-39.144845348889035,"Sigma":0.004812781388034945,"Taucorr":-0.03824646535007631},"EnergyVariance":{"Mean":0.030608878400235007,"Sigma":0.003703271806045201,"Taucorr":0.2925739260260598},"Iteration":143},
{"Acceptance":[0.32355371900826446],"Energy":{"Mean":-39.14723351314408,"Sigma":0.0060162846628341975,"Taucorr":0.0591330145327138},"EnergyVariance":{"Mean":0.04386148562857926,"Sigma":0.01705151027323641,"Taucorr":0.031424795619925394},"Iteration":144},
{"Acceptance":[0.3221900826446281],"Energy":{"Mean":-39.1449971806024,"Sigma":0.0040253352012126,"Taucorr":-0.17076531951292295},"EnergyVariance":{"Mean":0.02983907755984818,"Sigma":0.003586215102650698,"Taucorr":0.014593283469216178},"Iteration":145},
{"Acceptance":[0.32049586776859507],"Energy":{"Mean":-39.15079390439769,"Sigma":0.006429142357881984,"Taucorr":0.04554781113368045},"EnergyVariance":{"Mean":0.046163111152323404,"Sigma":0.011971669096706652,"Taucorr":0.15086541441129564},"Iteration":146},
{"Acceptance":[0.31983471074380165],"Energy":{"Mean":-39.136249771726476,"Sigma":0.0056507268117638775,"Taucorr":0.04705526497521273},"EnergyVariance":{"Mean":0.03508200627152881,"Sigma":0.0033910187803794806,"Taucorr":0.15174313683654117},"Iteration":147},
{"Acceptance":[0.31681818181818183],"Energy":{"Mean":-39.145864590044816,"Sigma":0.0040873807264103935,"Taucorr":-0.08803984827194233},"EnergyVariance":{"Mean":0.0257645710606879,"Sigma":0.002623975569528073,"Taucorr":0.30900553384771634},"Iteration":148},
{"Acceptance":[0.31330578512396695],"Energy":{"Mean":-39.1428112611596,"Sigma":0.004355224988496233,"Taucorr":-0.10871000354582078},"EnergyVariance":{"Mean":0.029230486330865738,"Sigma":0.004456600863055857,"Taucorr":-0.005915227583656424},"Iteration":149},
{"Acceptance":[0.32417355371900825],"Energy":{"Mean":-39.143548027541634,"Sigma":0.0043979709428001845,"Taucorr":-0.1008456470566646},"EnergyVariance":{"Mean":0.02889161246738844,"Sigma":0.003691982505314381,"Taucorr":0.11391417060204556},"Iteration":150},
{"Acceptance":[0.3260743801652893],"Energy":{"Mean":-39.148783471789784,"Sigma":0.005954677491815235,"Taucorr":-0.11078607761120624},"EnergyVariance":{"Mean":0.05306770554900872,"Sigma":0.011346412444750398,"Taucorr":0.2301353976083642},"Iteration":151},
{"Acceptance":[0.31644628099173555],"Energy":{"Mean":-39.15027581301163,"Sigma":0.006138780723421741,"Taucorr":0.2531405902985435},"EnergyVariance":{"Mean":0.03166462648016293,"Sigma":0.003497545407283988,"Taucorr":0.109389825493307},"Iteration":152},
{"Acceptance":[0.32425619834710745],"Energy":{"Mean":-39.14098734567041,"Sigma":0.005445323795207022,"Taucorr":0.1693314845546613},"EnergyVariance":{"Mean":0.028362213240110002,"Sigma":0.0022786465848552056,"Taucorr":0.02185446150784498},"Iteration":153},
{"Acceptance":[0.3181818181818182],"Energy":{"Mean":-39.14665709643183,"Sigma":0.004717046195824632,"Taucorr":-0.08117261085370064},"EnergyVariance":{"Mean":0.031913103944910565,"Sigma":0.006931899789887737,"Taucorr":0.022750651643138053},"Iteration":154},
{"Acceptance":[0.31950413223140495],"Energy":{"Mean":-39.13908614559104,"Sigma":0.005432876680009177,"Taucorr":0.12301796313216706},"EnergyVariance":{"Mean":0.029756068439987356,"Sigma":0.003033604061172326,"Taucorr":-0.10319738136269069},"Iteration":155},
{"Acceptance":[0.327603305785124],"Energy":{"Mean":-39.14234522727242,"Sigma":0.0053329783513068755,"Taucorr":0.07783964878437166},"EnergyVariance":{"Mean":0.0321963759607092,"Sigma":0.004138014696493001,"Taucorr":0.25114453797861713},"Iteration":156},
{"Acceptance":[0.31578512396694214],"Energy":{"Mean":-39.15476041456322,"Sigma":0.0063008125010667925,"Taucorr":0.28506137714186064},"EnergyVariance":{"Mean":0.033023050658522866,"Sigma":0.003033334911292436,"Taucorr":-0.09378733610447249},"Iteration":157},
{"Acceptance":[0.325495867768595],"Energy":{"Mean":-39.15360820431825,"Sigma":0.004548732572822073,"Taucorr":0.03166973872068768},"EnergyVariance":{"Mean":0.024565235528933083,"Sigma":0.003614749307623128,"Taucorr":0.4299974377583221},"Iteration":158},
{"Acceptance":[0.3221900826446281],"Energy":{"Mean":-39.155827375050386,"Sigma":0.0061720451346320175,"Taucorr":0.17150067810630265},"EnergyVariance":{"Mean":0.036324353826891614,"Sigma":0.007453671057451436,"Taucorr":0.1994446727939302},"Iteration":159},
{"Acceptance":[0.3228099173553719],"Energy":{"Mean":-39.13340359184306,"Sigma":0.006554160687931455,"Taucorr":0.24057598637413902},"EnergyVariance":{"Mean":0.03714705661089452,"Sigma":0.00612980532916002,"Taucorr":0.49161677845103113},"Iteration":160},
{"Acceptance":[0.31764462809917354],"Energy":{"Mean":-39.15250278536248,"Sigma":0.005249394832026199,"Taucorr":-0.04727163660206929},"EnergyVariance":{"Mean":0.03749525762671579,"Sigma":0.010740902680259607,"Taucorr":0.08867640952400613},"Iteration":161},
{"Acceptance":[0.31772727272727275],"Energy":{"Mean":-39.14408073518968,"Sigma":0.004690879842809286,"Taucorr":-0.1554945593070648},"EnergyVariance":{"Mean":0.0380567811399249,"Sigma":0.007180174430829124,"Taucorr":0.05394392149415794},"Iteration":162},
{"Acceptance":[0.32487603305785123],"Energy":{"Mean":-39.14535673786339,"Sigma":0.005769751453051831,"Taucorr":0.09265771524953403},"EnergyVariance":{"Mean":0.03688954994744761,"Sigma":0.005527494595070665,"Taucorr":0.13505220940747098},"Iteration":163},
{"Acceptance":[0.3213223140495868],"Energy":{"Mean":-39.151888819926846,"Sigma":0.004405700706021131,"Taucorr":-0.20599939223102526},"EnergyVariance":{"Mean":0.04102800157808585,"Sigma":0.010452906435890913,"Taucorr":0.011837006599891953},"Iteration":164},
{"Acceptance":[0.32066115702479336],"Energy":{"Mean":-39.14965912179596,"Sigma":0.005401288727014622,"Taucorr":-0.01449070294055571},"EnergyVariance":{"Mean":0.03474512437014639,"Sigma":0.006529935420937629,"Taucorr":0.42461881463518025},"Iteration":165},
{"Acceptance":[0.321900826446281],"Energy":{"Mean":-39.14999631846531,"Sigma":0.006052429071351659,"Taucorr":0.2576076756402902},"EnergyVariance":{"Mean":0.03019639254163913,"Sigma":0.0023813062414681663,"Taucorr":-0.0794470298146025},"Iteration":166},
{"Acceptance":[0.33016528925619837],"Energy":{"Mean":-39.153131975065065,"Sigma":0.005673904678530263,"Taucorr":0.10623587362127751},"EnergyVariance":{"Mean":0.03454147396658833,"Sigma":0.003328323364308437,"Taucorr":-0.11256613533130172},"Iteration":167},
{"Acceptance":[0.3174793388429752],"Energy":{"Mean":-39.154969003585705,"Sigma":0.005873309079762295,"Taucorr":0.08571892174817819},"EnergyVariance":{"Mean":0.03410129814700512,"Sigma":0.007896677643095523,"Taucorr":-0.03968965867833496},"Iteration":168},
{"Acceptance":[0.31880165289256196],"Energy":{"Mean":-39.14159877293371,"Sigma":0.00442895378467338,"Taucorr":-0.07214215168663751},"EnergyVariance":{"Mean":0.027770111019479564,"Sigma":0.0026338955439658466,"Taucorr":-0.01192974830607696},"Iteration":169},
{"Acceptance":[0.3226859504132231],"Energy":{"Mean":-39.13710285018974,"Sigma":0.005023315355609815,"Taucorr":0.0057271648240107},"EnergyVariance":{"Mean":0.029685096942247538,"Sigma":0.005459556256227056,"Taucorr":0.14749171783563741},"Iteration":170},
{"Acceptance":[0.32272727272727275],"Energy":{"Mean":-39.150539037673724,"Sigma":0.003693146540298666,"Taucorr":-0.12571140932728692},"EnergyVariance":{"Mean":0.024065559149936383,"Sigma":0.002199949500748274,"Taucorr":0.014746403980430145},"Iteration":171},
{"Acceptance":[0.3245454545454545],"Energy":{"Mean":-39.14756921635985,"Sigma":0.004558026562399267,"Taucorr":-0.08458812609834576},"EnergyVariance":{"Mean":0.03131410600769528,"Sigma":0.004747820699027101,"Taucorr":0.14379086070750047},"Iteration":172},
{"Acceptance":[0.31900826446280994],"Energy":{"Mean":-39.1392768092633,"Sigma":0.004293138157073151,"Taucorr":-0.09161542667663436},"EnergyVariance":{"Mean":0.029761336521423657,"Sigma":0.003250440707438027,"Taucorr":0.07268464538173391},"Iteration":173},
{"Acceptance":[0.3203719008264463],"Energy":{"Mean":-39.136032061343485,"Sigma":0.004334890186246559,"Taucorr":-0.0412654288641493},"EnergyVariance":{"Mean":0.025636564123451132,"Sigma":0.0029151132049513888,"Taucorr":0.44928743079754707},"Iteration":174},
{"Acceptance":[0.3210743801652893],"Energy":{"Mean":-39.14351369056154,"Sigma":0.004578673664458186,"Taucorr":-0.05886901898047037},"EnergyVariance":{"Mean":0.0323352255494646,"Sigma":0.00470737762140269,"Taucorr":0.089063824673552},"Iteration":175},
{"Acceptance":[0.3166528925619835],"Energy":{"Mean":-39.149799357745195,"Sigma":0.003440256527996254,"Taucorr":-0.18499000736382748},"EnergyVariance":{"Mean":0.026402859113656137,"Sigma":0.00451263850299162,"Taucorr":0.42605453491119116},"Iteration":176},
{"Acceptance":[0.3194214876033058],"Energy":{"Mean":-39.1447339344525,"Sigma":0.005568466087643838,"Taucorr":0.15168813395595493},"EnergyVariance":{"Mean":0.02972312468200363,"Sigma":0.005128921628537494,"Taucorr":0.03452396605348018},"Iteration":177},
{"Acceptance":[0.32359504132231404],"Energy":{"Mean":-39.15354407070957,"Sigma":0.00532418659613906,"Taucorr":0.1027766152872368},"EnergyVariance":{"Mean":0.028716635919547855,"Sigma":0.004065404745800046,"Taucorr":-0.08146479797353667},"Iteration":178},
{"Acceptance":[0.31673553719008263],"Energy":{"Mean":-39.146577649232576,"Sigma":0.00479197615324135,"Taucorr":0.03336045993866199},"EnergyVariance":{"Mean":0.026617370138104342,"Sigma":0.004059239580502758,"Taucorr":0.20374682287751456},"Iteration":179},
{"Acceptance":[0.3229338842975207],"Energy":{"Mean":-39.13893615631612,"Sigma":0.0054693385730000006,"Taucorr":0.11428964781419715},"EnergyVariance":{"Mean":0.029040968289982306,"Sigma":0.005147420936824615,"Taucorr":0.6545945158706987},"Iteration":180},
{"Acceptance":[0.32202479338842976],"Energy":{"Mean":-39.146893014115264,"Sigma":0.005044600769767193,"Taucorr":-0.08386971965288059},"EnergyVariance":{"Mean":0.036229411164793,"Sigma":0.00934236973030336,"Taucorr":0.07313962689711062},"Iteration":181},
{"Acceptance":[0.31958677685950415],"Energy":{"Mean":-39.14553389475893,"Sigma":0.005443767046845796,"Taucorr":0.09103701165914024},"EnergyVariance":{"Mean":0.03362518460244813,"Sigma":0.005666976235469014,"Taucorr":0.4285902490573311},"Iteration":182},
{"Acceptance":[0.3247107438016529],"Energy":{"Mean":-39.14855652874984,"Sigma":0.0041224497349773796,"Taucorr":-0.14157221780596324},"EnergyVariance":{"Mean":0.028666745267374557,"Sigma":0.004464898690505343,"Taucorr":0.12146190652031874},"Iteration":183},
{"Acceptance":[0.32235537190082647],"Energy":{"Mean":-39.14864229349802,"Sigma":0.0058143271940891625,"Taucorr":0.3188809868585122},"EnergyVariance":{"Mean":0.0250649822263216,"Sigma":0.0027055443228393232,"Taucorr":0.2879376718157167},"Iteration":184},
{"Acceptance":[0.32425619834710745],"Energy":{"Mean":-39.148469882822596,"Sigma":0.005700714514594161,"Taucorr":0.13706791670006924},"EnergyVariance":{"Mean":0.03179262228785514,"Sigma":0.006220029632556709,"Taucorr":0.07295203321414345},"Iteration":185},
{"Acceptance":[0.3143801652892562],"Energy":{"Mean":-39.14507988885148,"Sigma":0.0054201382539433825,"Taucorr":0.03233038123507581},"EnergyVariance":{"Mean":0.0333781717293623,"Sigma":0.004560340061628807,"Taucorr":-0.04654301309355613},"Iteration":186},
{"Acceptance":[0.3155785123966942],"Energy":{"Mean":-39.13880697534408,"Sigma":0.004512210263257058,"Taucorr":0.005268794135981025},"EnergyVariance":{"Mean":0.025986886074844548,"Sigma":0.0029374692822799688,"Taucorr":0.27181215254359614},"Iteration":187},
{"Acceptance":[0.3189669421487603],"Energy":{"Mean":-39.14455794519488,"Sigma":0.004174252521659888,"Taucorr":0.0021539753689376884},"EnergyVariance":{"Mean":0.021484853773667916,"Sigma":0.001998290771363106,"Taucorr":0.24004955604160938},"Iteration":188},
{"Acceptance":[0.32334710743801653],"Energy":{"Mean":-39.15495136233517,"Sigma":0.004388927942309898,"Taucorr":-0.19830063590626357},"EnergyVariance":{"Mean":0.03952785618196617,"Sigma":0.014998302303557297,"Taucorr":0.366578413529945},"Iteration":189},
{"Acceptance":[0.3202892561983471],"Energy":{"Mean":-39.14902557059541,"Sigma":0.004059067434287722,"Taucorr":-0.11864866502033439},"EnergyVariance":{"Mean":0.026553513948276847,"Sigma":0.0036172666076160214,"Taucorr":0.19900934621287147},"Iteration":190},
{"Acceptance":[0.31578512396694214],"Energy":{"Mean":-39.14444233444785,"Sigma":0.005064796613067561,"Taucorr":0.053943853933324015},"EnergyVariance":{"Mean":0.027506437649487465,"Sigma":0.003775986170171418,"Taucorr":0.25067868390218306},"Iteration":191},
{"Acceptance":[0.3257438016528926],"Energy":{"Mean":-39.138587202401226,"Sigma":0.006868248721994054,"Taucorr":0.22161709860176437},"EnergyVariance":{"Mean":0.04548857552920867,"Sigma":0.0157266443346584,"Taucorr":0.962629713355488},"Iteration":192},
{"Acceptance":[0.3202892561983471],"Energy":{"Mean":-39.14299696711659,"Sigma":0.005288375879340711,"Taucorr":0.22883880209582064},"EnergyVariance":{"Mean":0.02518018092513316,"Sigma":0.0022283435263928224,"Taucorr":0.12456223686817647},"Iteration":193},
{"Acceptance":[0.3224793388429752],"Energy":{"Mean":-39.147466198902414,"Sigma":0.004879597163933612,"Taucorr":0.033662935431529206},"EnergyVariance":{"Mean":0.026530671624457273,"Sigma":0.003570826262596058,"Taucorr":0.09223584039740351},"Iteration":194},
{"Acceptance":[0.3215702479338843],"Energy":{"Mean":-39.14911188960621,"Sigma":0.0054381152491843315,"Taucorr":0.03838146823657984},"EnergyVariance":{"Mean":0.03204928883179285,"Sigma":0.007405834293812134,"Taucorr":-0.015031243752034074},"Iteration":195},
{"Acceptance":[0.3208264462809917],"Energy":{"Mean":-39.14143800275406,"Sigma":0.003788853596034341,"Taucorr":-0.180068217493339},"EnergyVariance":{"Mean":0.027086073812025147,"Sigma":0.0030534326302604805,"Taucorr":0.009518161743913733},"Iteration":196},
{"Acceptance":[0.31925619834710744],"Energy":{"Mean":-39.147112309277176,"Sigma":0.005381484866593151,"Taucorr":0.10209311868119131},"EnergyVariance":{"Mean":0.03366639945818605,"Sigma":0.006124670201798433,"Taucorr":0.4632665171566539},"Iteration":197},
{"Acceptance":[0.31214876033057853],"Energy":{"Mean":-39.14481637974569,"Sigma":0.004651515313197893,"Taucorr":-0.01186499750466763},"EnergyVariance":{"Mean":0.02960232147613918,"Sigma":0.0044819455179791025,"Taucorr":0.4909747108804332},"Iteration":198},
{"Acceptance":[0.32041322314049586],"Energy":{"Mean":-39.148770637158556,"Sigma":0.004900777754500741,"Taucorr":-0.14664960977828145},"EnergyVariance":{"Mean":0.038084351002620864,"Sigma":0.01148843309876492,"Taucorr":0.007405417041862705},"Iteration":199},
{"Acceptance":[0.32202479338842976],"Energy":{"Mean":-39.13717176554611,"Sigma":0.0041577608756841345,"Taucorr":-0.02980195066161556},"EnergyVariance":{"Mean":0.024529821493438398,"Sigma":0.0033891192118742737,"Taucorr":0.5953842102515889},"Iteration":200},
{"Acceptance":[0.3211570247933884],"Energy":{"Mean":-39.13958241492847,"Sigma":0.004697356776042715,"Taucorr":0.057199007015549475},"EnergyVariance":{"Mean":0.0258673472809352,"Sigma":0.0028915016033081746,"Taucorr":0.2319127646327208},"Iteration":201},
{"Acceptance":[0.3163223140495868],"Energy":{"Mean":-39.14990247811507,"Sigma":0.008605648338649956,"Taucorr":0.5424764089416696},"EnergyVariance":{"Mean":0.04294605207706025,"Sigma":0.021561399564273838,"Taucorr":0.5270401596813072},"Iteration":202},
{"Acceptance":[0.3249173553719008],"Energy":{"Mean":-39.14796903631928,"Sigma":0.005597907589711894,"Taucorr":0.10173696916572583},"EnergyVariance":{"Mean":0.0333019321875536,"Sigma":0.007928414988257708,"Taucorr":0.05457907695589803},"Iteration":203},
{"Acceptance":[0.32206611570247934],"Energy":{"Mean":-39.1353203075725,"Sigma":0.00479609026730857,"Taucorr":0.018801935429622607},"EnergyVariance":{"Mean":0.028430416265555918,"Sigma":0.0026130971203692536,"Taucorr":0.05155819004717166},"Iteration":204},
{"Acceptance":[0.3137603305785124],"Energy":{"Mean":-39.14248942848592,"Sigma":0.0052305096513691205,"Taucorr":0.09572717823300059},"EnergyVariance":{"Mean":0.0286207578392866,"Sigma":0.0036878799006703224,"Taucorr":0.27494215614846695},"Iteration":205},
{"Acceptance":[0.32049586776859507],"Energy":{"Mean":-39.135080753239976,"Sigma":0.0037386354524596285,"Taucorr":-0.21105408764658667},"EnergyVariance":{"Mean":0.030074293596840867,"Sigma":0.002861825482837273,"Taucorr":0.01864260397100348},"Iteration":206},
{"Acceptance":[0.32640495867768593],"Energy":{"Mean":-39.137457560935346,"Sigma":0.0055893606896450405,"Taucorr":0.38426983610535403},"EnergyVariance":{"Mean":0.0230158864476549,"Sigma":0.0022319308940632193,"Taucorr":0.10656554210594937},"Iteration":207},
{"Acceptance":[0.3255785123966942],"Energy":{"Mean":-39.141113863150224,"Sigma":0.005402054112778459,"Taucorr":0.10330288573154078},"EnergyVariance":{"Mean":0.032903968639178,"Sigma":0.006546200818668151,"Taucorr":-0.05219093712057887},"Iteration":208},
{"Acceptance":[0.3201239669421488],"Energy":{"Mean":-39.14544620460673,"Sigma":0.004549730273638051,"Taucorr":0.001589806470773003},"EnergyVariance":{"Mean":0.028036736278464737,"Sigma":0.003924172973788577,"Taucorr":0.040015175916155554},"Iteration":209},
{"Acceptance":[0.3280578512396694],"Energy":{"Mean":-39.14957307242689,"Sigma":0.0067670106955484794,"Taucorr":0.18786160291561183},"EnergyVariance":{"Mean":0.04020069151438859,"Sigma":0.017994911710369363,"Taucorr":0.4706700718351797},"Iteration":210},
{"Acceptance":[0.32512396694214873],"Energy":{"Mean":-39.14609983670196,"Sigma":0.003615330849979439,"Taucorr":-0.13579630137156995},"EnergyVariance":{"Mean":0.02251356977067009,"Sigma":0.002407204074203982,"Taucorr":0.32389898141703166},"Iteration":211},
{"Acceptance":[0.31549586776859506],"Energy":{"Mean":-39.13633166438833,"Sigma":0.004602890879099044,"Taucorr":0.08123897708621286},"EnergyVariance":{"Mean":0.02263699668386816,"Sigma":0.0021085648632631683,"Taucorr":0.0931479541593847},"Iteration":212},
{"Acceptance":[0.32049586776859507],"Energy":{"Mean":-39.15002701786518,"Sigma":0.0049462683144353495,"Taucorr":0.12676272044047454},"EnergyVariance":{"Mean":0.026705300523781818,"Sigma":0.004249466400504463,"Taucorr":0.2622203556644602},"Iteration":213},
{"Acceptance":[0.32731404958677685],"Energy":{"Mean":-39.14349071819513,"Sigma":0.00481493731657442,"Taucorr":0.008290519513184713},"EnergyVariance":{"Mean":0.02928888008625842,"Sigma":0.004315309482020009,"Taucorr":0.39130254995094393},"Iteration":214},
{"Acceptance":[0.32173553719008263],"Energy":{"Mean":-39.144268223742394,"Sigma":0.0050881497733258835,"Taucorr":0.09874372583753488},"EnergyVariance":{"Mean":0.028271364292595014,"Sigma":0.0039716351483221465,"Taucorr":0.4587507226292933},"Iteration":215},
{"Acceptance":[0.32541322314049587],"Energy":{"Mean":-39.14036072944748,"Sigma":0.004387578513270006,"Taucorr":0.054411110897546244},"EnergyVariance":{"Mean":0.024741227318103697,"Sigma":0.0027318636035427984,"Taucorr":-0.036356792375025704},"Iteration":216},
{"Acceptance":[0.32640495867768593],"Energy":{"Mean":-39.145332428158035,"Sigma":0.0043356179687459445,"Taucorr":0.1193210030101245},"EnergyVariance":{"Mean":0.01845125308285875,"Sigma":0.0018344198074336296,"Taucorr":0.19804218802722295},"Iteration":217},
{"Acceptance":[0.31834710743801653],"Energy":{"Mean":-39.153052149808026,"Sigma":0.004224899622829862,"Taucorr":-0.008808210781849568},"EnergyVariance":{"Mean":0.02289483103581385,"Sigma":0.0023371679829285417,"Taucorr":0.03445267807001173},"Iteration":218},
{"Acceptance":[0.32359504132231404],"Energy":{"Mean":-39.147677470997074,"Sigma":0.005782159177041594,"Taucorr":0.24247431474681636},"EnergyVariance":{"Mean":0.02718800333386545,"Sigma":0.0037240456129533006,"Taucorr":0.15424316866905874},"Iteration":219},
{"Acceptance":[0.3258677685950413],"Energy":{"Mean":-39.159616346252896,"Sigma":0.007158600107030287,"Taucorr":0.20768957269093813},"EnergyVariance":{"Mean":0.04269999255905489,"Sigma":0.015585417101418973,"Taucorr":0.18075254463978685},"Iteration":220},
{"Acceptance":[0.32053719008264464],"Energy":{"Mean":-39.15008312805085,"Sigma":0.004652458644873015,"Taucorr":-0.035926015482338425},"EnergyVariance":{"Mean":0.02785937041625985,"Sigma":0.005026126169868876,"Taucorr":0.6511647664464906},"Iteration":221},
{"Acceptance":[0.3210743801652893],"Energy":{"Mean":-39.150653781128625,"Sigma":0.004295677796021418,"Taucorr":0.03727112826164958},"EnergyVariance":{"Mean":0.022344191267765524,"Sigma":0.0030172685539090202,"Taucorr":0.19826915477261176},"Iteration":222},
{"Acceptance":[0.3245454545454545],"Energy":{"Mean":-39.144619398852655,"Sigma":0.004102126153942501,"Taucorr":-0.06520480388086258},"EnergyVariance":{"Mean":0.02301314629275213,"Sigma":0.0034077471076393736,"Taucorr":0.3333190730929524},"Iteration":223},
{"Acceptance":[0.3252892561983471],"Energy":{"Mean":-39.14953302452627,"Sigma":0.006716962641675075,"Taucorr":0.27239480490260204},"EnergyVariance":{"Mean":0.036324799994834345,"Sigma":0.011033410015150683,"Taucorr":0.023052233875273997},"Iteration":224},
{"Acceptance":[0.3228099173553719],"Energy":{"Mean":-39.143713111637716,"Sigma":0.0034667145429045313,"Taucorr":-0.17672095896878431},"EnergyVariance":{"Mean":0.02342421067394213,"Sigma":0.0024317160677133627,"Taucorr":0.3041373035057573},"Iteration":225},
{"Acceptance":[0.3228099173553719],"Energy":{"Mean":-39.152586544966354,"Sigma":0.004990465950120458,"Taucorr":0.1019709096658531},"EnergyVariance":{"Mean":0.02700265321226005,"Sigma":0.005216519873335399,"Taucorr":0.17741727739545243},"Iteration":226},
{"Acceptance":[0.3242148760330579],"Energy":{"Mean":-39.1432028867311,"Sigma":0.00489727493533352,"Taucorr":0.07065770565471963},"EnergyVariance":{"Mean":0.026381091760706722,"Sigma":0.0038405581283693976,"Taucorr":0.6238192080433542},"Iteration":227},
{"Acceptance":[0.3213223140495868],"Energy":{"Mean":-39.13929301304475,"Sigma":0.00551787897050211,"Taucorr":0.28317558372725926},"EnergyVariance":{"Mean":0.027033370022820663,"Sigma":0.005340594872556324,"Taucorr":0.10737063354527465},"Iteration":228},
{"Acceptance":[0.32355371900826446],"Energy":{"Mean":-39.14851500667446,"Sigma":0.007813503201818098,"Taucorr":0.023053495683394543},"EnergyVariance":{"Mean":0.07270891580226507,"Sigma":0.03716409276568436,"Taucorr":0.006681740774519995},"Iteration":229},
{"Acceptance":[0.3317768595041322],"Energy":{"Mean":-39.137189011274145,"Sigma":0.004078027016911709,"Taucorr":-0.11669177324229896},"EnergyVariance":{"Mean":0.029006685394641622,"Sigma":0.0025767416699391137,"Taucorr":0.08794958271537212},"Iteration":230},
{"Acceptance":[0.32330578512396696],"Energy":{"Mean":-39.150326953371234,"Sigma":0.005278113044190549,"Taucorr":0.025136039086063877},"EnergyVariance":{"Mean":0.03259479877371435,"Sigma":0.004291254777958145,"Taucorr":0.2810230050108933},"Iteration":231},
{"Acceptance":[0.3187603305785124],"Energy":{"Mean":-39.145237091407374,"Sigma":0.005120068441320151,"Taucorr":-0.05083257578474887},"EnergyVariance":{"Mean":0.033431721125286036,"Sigma":0.00951192894378572,"Taucorr":0.055283562612802206},"Iteration":232},
{"Acceptance":[0.32483471074380166],"Energy":{"Mean":-39.141718093862906,"Sigma":0.004623473404301736,"Taucorr":0.054028271174561104},"EnergyVariance":{"Mean":0.025323111906782148,"Sigma":0.002480297256897165,"Taucorr":-0.026929886568563155},"Iteration":233},
{"Acceptance":[0.32008264462809916],"Energy":{"Mean":-39.13488018219635,"Sigma":0.004482242562667707,"Taucorr":0.0277534560344741},"EnergyVariance":{"Mean":0.023084736157266646,"Sigma":0.0018276226945574503,"Taucorr":-0.049648769165340334},"Iteration":234},
{"Acceptance":[0.3231818181818182],"Energy":{"Mean":-39.135993280279415,"Sigma":0.0065565908392612214,"Taucorr":0.4493367248210113},"EnergyVariance":{"Mean":0.026973993898817387,"Sigma":0.005068037989208152,"Taucorr":-0.03268437514603817},"Iteration":235},
{"Acceptance":[0.3234297520661157],"Energy":{"Mean":-39.137253459474074,"Sigma":0.003727304137651554,"Taucorr":-0.10439317378673402},"EnergyVariance":{"Mean":0.02391019934895783,"Sigma":0.003182632437144481,"Taucorr":0.16990987651679357},"Iteration":236},
{"Acceptance":[0.321900826446281],"Energy":{"Mean":-39.144460378213445,"Sigma":0.004230285951967393,"Taucorr":-0.053097754378254924},"EnergyVariance":{"Mean":0.024106988051965823,"Sigma":0.0029557897888489453,"Taucorr":0.20051744724143028},"Iteration":237},
{"Acceptance":[0.3209504132231405],"Energy":{"Mean":-39.15086936859959,"Sigma":0.00508879730434589,"Taucorr":0.349531669097085},"EnergyVariance":{"Mean":0.01828331295400768,"Sigma":0.0013469657507640608,"Taucorr":-0.018645292658418466},"Iteration":238},
{"Acceptance":[0.3292148760330578],"Energy":{"Mean":-39.14123275388411,"Sigma":0.0048049637953373175,"Taucorr":0.09749284288824722},"EnergyVariance":{"Mean":0.025802740910629462,"Sigma":0.003099967597526116,"Taucorr":0.09263633220361567},"Iteration":239},
{"Acceptance":[0.3217768595041322],"Energy":{"Mean":-39.14876627600867,"Sigma":0.00535636604733865,"Taucorr":0.2974363559835346},"EnergyVariance":{"Mean":0.023764445426997034,"Sigma":0.002508948262779629,"Taucorr":-0.003943263827470178},"Iteration":240},
{"Acceptance":[0.31714876033057854],"Energy":{"Mean":-39.13872359129669,"Sigma":0.004469352006554682,"Taucorr":-0.1966209040245408},"EnergyVariance":{"Mean":0.037761599254889824,"Sigma":0.006681755313001234,"Taucorr":0.3036215210419647},"Iteration":241},
{"Acceptance":[0.3224380165289256],"Energy":{"Mean":-39.140784591835754,"Sigma":0.005125287753436254,"Taucorr":0.017641501561051598},"EnergyVariance":{"Mean":0.037369131720944165,"Sigma":0.006453401789287661,"Taucorr":0.12099895173851383},"Iteration":242},
{"Acceptance":[0.3178099173553719],"Energy":{"Mean":-39.13858936038996,"Sigma":0.004735789987163157,"Taucorr":0.05930302644616969},"EnergyVariance":{"Mean":0.027318428262390716,"Sigma":0.003766671424772835,"Taucorr":0.19215662869617334},"Iteration":243},
{"Acceptance":[0.31706611570247933],"Energy":{"Mean":-39.14036518703232,"Sigma":0.005570792452494733,"Taucorr":0.35453995381492376},"EnergyVariance":{"Mean":0.023985555700201312,"Sigma":0.00237920479679493,"Taucorr":-0.07584384864915261},"Iteration":244},
{"Acceptance":[0.31731404958677684],"Energy":{"Mean":-39.14008956112417,"Sigma":0.00383811844252729,"Taucorr":-0.033096057298309056},"EnergyVariance":{"Mean":0.01983856741045397,"Sigma":0.0024645213116642815,"Taucorr":0.49885449928479664},"Iteration":245},
{"Acceptance":[0.3235123966942149],"Energy":{"Mean":-39.14636027737962,"Sigma":0.005135612338314731,"Taucorr":0.06673731196206711},"EnergyVariance":{"Mean":0.029927697054776627,"Sigma":0.006379472778864911,"Taucorr":0.4247366478600706},"Iteration":246},
{"Acceptance":[0.3179338842975207],"Energy":{"Mean":-39.13896940476985,"Sigma":0.003996689134190468,"Taucorr":-0.05316297244001639},"EnergyVariance":{"Mean":0.021333468993153935,"Sigma":0.0017689101611140512,"Taucorr":-0.05418612093647851},"Iteration":247},
{"Acceptance":[0.319297520661157],"Energy":{"Mean":-39.14351543849542,"Sigma":0.004613834479604078,"Taucorr":0.010956268764664046},"EnergyVariance":{"Mean":0.024649636562386508,"Sigma":0.0025098007375620583,"Taucorr":-0.05128705026070535},"Iteration":248},
{"Acceptance":[0.3165702479338843],"Energy":{"Mean":-39.14388964984544,"Sigma":0.004612942725536845,"Taucorr":0.09062646412819664},"EnergyVariance":{"Mean":0.021774194141488637,"Sigma":0.0016692003306738234,"Taucorr":-0.07987148489489004},"Iteration":249},
{"Acceptance":[0.3262396694214876],"Energy":{"Mean":-39.15017721524759,"Sigma":0.0037696986075483893,"Taucorr":-0.09612132902400189},"EnergyVariance":{"Mean":0.022959786517808847,"Sigma":0.003832542673496564,"Taucorr":-0.056088024130557246},"Iteration":250},
{"Acceptance":[0.32066115702479336],"Energy":{"Mean":-39.157040915345554,"Sigma":0.0069047865092173,"Taucorr":0.3240429197049276},"EnergyVariance":{"Mean":0.0345588024202757,"Sigma":0.009710450434395342,"Taucorr":0.010423296918721348},"Iteration":251},
{"Acceptance":[0.3194214876033058],"Energy":{"Mean":-39.14081271922818,"Sigma":0.0061719254344805305,"Taucorr":0.22753914305883904},"EnergyVariance":{"Mean":0.0323542992253854,"Sigma":0.010527952949345208,"Taucorr":0.2315982602556511},"Iteration":252},
{"Acceptance":[0.3271900826446281],"Energy":{"Mean":-39.152252625867206,"Sigma":0.005266507319418024,"Taucorr":0.019867790793567153},"EnergyVariance":{"Mean":0.030918905550748648,"Sigma":0.010604049881857617,"Taucorr":0.06423009382068967},"Iteration":253},
{"Acceptance":[0.3250413223140496],"Energy":{"Mean":-39.14505904819898,"Sigma":0.00437406875084295,"Taucorr":0.0452947054545656},"EnergyVariance":{"Mean":0.02301823447010663,"Sigma":0.0036465390774718222,"Taucorr":0.3386928375932958},"Iteration":254},
{"Acceptance":[0.32326446280991733],"Energy":{"Mean":-39.15095301074591,"Sigma":0.004974219115006179,"Taucorr":0.09403180859488014},"EnergyVariance":{"Mean":0.025248797060508844,"Sigma":0.004930761940176431,"Taucorr":0.05380724725139541},"Iteration":255},
{"Acceptance":[0.32681818181818184],"Energy":{"Mean":-39.14622755018172,"Sigma":0.004183921393631085,"Taucorr":-0.06450452025180708},"EnergyVariance":{"Mean":0.02793150409457106,"Sigma":0.0060869297774392185,"Taucorr":0.08613386720068283},"Iteration":256},
{"Acceptance":[0.3252892561983471],"Energy":{"Mean":-39.14893907045161,"Sigma":0.004816510907746252,"Taucorr":0.03960257826904112},"EnergyVariance":{"Mean":0.02991739400115627,"Sigma":0.0062762961825236045,"Taucorr":-0.009214059845030764},"Iteration":257},
{"Acceptance":[0.316404958677686],"Energy":{"Mean":-39.14832908154052,"Sigma":0.004752286771835266,"Taucorr":0.02825470359907889},"EnergyVariance":{"Mean":0.030129312484642297,"Sigma":0.004605528945310859,"Taucorr":0.035107806072649406},"Iteration":258},
{"Acceptance":[0.3156611570247934],"Energy":{"Mean":-39.15008915683607,"Sigma":0.00357921993057209,"Taucorr":-0.10086976117801405},"EnergyVariance":{"Mean":0.022947045915637346,"Sigma":0.004148321301388242,"Taucorr":0.10265701956491657},"Iteration":259},
{"Acceptance":[0.3175619834710744],"Energy":{"Mean":-39.14519557512922,"Sigma":0.004218453326220672,"Taucorr":-0.07654502150385833},"EnergyVariance":{"Mean":0.02720706444968147,"Sigma":0.0037612893369257977,"Taucorr":0.2334565602184181},"Iteration":260},
{"Acceptance":[0.3221487603305785],"Energy":{"Mean":-39.145663120577495,"Sigma":0.0037310548632012246,"Taucorr":-0.05320284920259366},"EnergyVariance":{"Mean":0.019169546897248584,"Sigma":0.0017419066787277573,"Taucorr":0.11988742881663272},"Iteration":261},
{"Acceptance":[0.3265702479338843],"Energy":{"Mean":-39.14685123780961,"Sigma":0.0034672775505321814,"Taucorr":-0.12134771521348614},"EnergyVariance":{"Mean":0.01953809059927439,"Sigma":0.0024743557424263688,"Taucorr":-0.069552206586173},"Iteration":262},
{"Acceptance":[0.3229338842975207],"Energy":{"Mean":-39.1432506222596,"Sigma":0.004491603514460629,"Taucorr":0.03573999500610514},"EnergyVariance":{"Mean":0.024095499284293026,"Sigma":0.002643146406025066,"Taucorr":0.14270502225222026},"Iteration":263},
{"Acceptance":[0.32016528925619836],"Energy":{"Mean":-39.15370109234863,"Sigma":0.005198526329053545,"Taucorr":0.035890509580446595},"EnergyVariance":{"Mean":0.03266295971779364,"Sigma":0.007083540084244502,"Taucorr":0.2298335450866702},"Iteration":264},
{"Acceptance":[0.32086776859504135],"Energy":{"Mean":-39.14010326722417,"Sigma":0.004068434887946303,"Taucorr":-0.10498347707200067},"EnergyVariance":{"Mean":0.025728017166514596,"Sigma":0.003130606518982122,"Taucorr":0.3322454762766893},"Iteration":265},
{"Acceptance":[0.31495867768595043],"Energy":{"Mean":-39.14402361426307,"Sigma":0.004860616651919597,"Taucorr":0.2633639080959881},"EnergyVariance":{"Mean":0.021578940998923605,"Sigma":0.002881620686986874,"Taucorr":0.5819527460620968},"Iteration":266},
{"Acceptance":[0.3190495867768595],"Energy":{"Mean":-39.14675860419219,"Sigma":0.005669218317111294,"Taucorr":0.049055420800737326},"EnergyVariance":{"Mean":0.03329297864843768,"Sigma":0.010692911798971685,"Taucorr":0.11369664471779606},"Iteration":267},
{"Acceptance":[0.30516528925619835],"Energy":{"Mean":-39.15143355483252,"Sigma":0.003607373276309517,"Taucorr":-0.13752511192546046},"EnergyVariance":{"Mean":0.02331372064462635,"Sigma":0.0018661502625143293,"Taucorr":-0.07196007315175751},"Iteration":268},
{"Acceptance":[0.3218595041322314],"Energy":{"Mean":-39.146551716396104,"Sigma":0.005018340187718536,"Taucorr":0.13136676973219674},"EnergyVariance":{"Mean":0.02280358322832778,"Sigma":0.0031024693093499485,"Taucorr":-0.031070748252553015},"Iteration":269},
{"Acceptance":[0.32111570247933885],"Energy":{"Mean":-39.15519143606453,"Sigma":0.0046341224711501875,"Taucorr":0.08639718349802505},"EnergyVariance":{"Mean":0.022187153858568332,"Sigma":0.0033361773466435278,"Taucorr":0.04034757799305444},"Iteration":270},
{"Acceptance":[0.3209504132231405],"Energy":{"Mean":-39.14908728010533,"Sigma":0.005246461639619025,"Taucorr":0.20699541211988992},"EnergyVariance":{"Mean":0.02586764641510989,"Sigma":0.003760212619595903,"Taucorr":0.47139344101219915},"Iteration":271},
{"Acceptance":[0.3247933884297521],"Energy":{"Mean":-39.15034005197424,"Sigma":0.005151785095650346,"Taucorr":0.003725626470734711},"EnergyVariance":{"Mean":0.03476544848346395,"Sigma":0.00670456253933457,"Taucorr":0.16807780457920496},"Iteration":272},
{"Acceptance":[0.32008264462809916],"Energy":{"Mean":-39.14874140609384,"Sigma":0.004433048067025423,"Taucorr":-9.372819468894678e-05},"EnergyVariance":{"Mean":0.028362395983517866,"Sigma":0.006541215702010931,"Taucorr":0.19095157897830217},"Iteration":273},
{"Acceptance":[0.32392561983471074],"Energy":{"Mean":-39.14454172057645,"Sigma":0.005079855337395131,"Taucorr":0.21588461477923226},"EnergyVariance":{"Mean":0.022527011894418945,"Sigma":0.00296622148681524,"Taucorr":0.14869429993089622},"Iteration":274},
{"Acceptance":[0.32483471074380166],"Energy":{"Mean":-39.14929638887811,"Sigma":0.004748921271318858,"Taucorr":-0.028432804828301017},"EnergyVariance":{"Mean":0.02976450287801128,"Sigma":0.004602648394692945,"Taucorr":0.10208342000104309},"Iteration":275},
{"Acceptance":[0.31995867768595043],"Energy":{"Mean":-39.1433614252477,"Sigma":0.004842262823814556,"Taucorr":0.25375710770555837},"EnergyVariance":{"Mean":0.02016726828511348,"Sigma":0.002887395866914583,"Taucorr":0.6301070440869696},"Iteration":276},
{"Acceptance":[0.31599173553719007],"Energy":{"Mean":-39.14354373909019,"Sigma":0.003958048986047358,"Taucorr":-0.015535382651774676},"EnergyVariance":{"Mean":0.019640337989197787,"Sigma":0.0017188305001633467,"Taucorr":0.08648636838221124},"Iteration":277},
{"Acceptance":[0.3159504132231405],"Energy":{"Mean":-39.14832461032012,"Sigma":0.005485017791170558,"Taucorr":0.3002166972322533},"EnergyVariance":{"Mean":0.02298144094022803,"Sigma":0.0033222094641078537,"Taucorr":0.14399282784069478},"Iteration":278},
{"Acceptance":[0.3244628099173554],"Energy":{"Mean":-39.14029178068429,"Sigma":0.004224958551262045,"Taucorr":0.07323309652759236},"EnergyVariance":{"Mean":0.018832280797015998,"Sigma":0.0017912145126277317,"Taucorr":0.13235706312782936},"Iteration":279},
{"Acceptance":[0.3197520661157025],"Energy":{"Mean":-39.14699007317864,"Sigma":0.003790948595792337,"Taucorr":-0.05711102747637131},"EnergyVariance":{"Mean":0.021682401798594052,"Sigma":0.0033240384812323895,"Taucorr":0.47322810914473523},"Iteration":280},
{"Acceptance":[0.3215289256198347],"Energy":{"Mean":-39.14870681903304,"Sigma":0.005252334499951926,"Taucorr":0.0038800852070521863},"EnergyVariance":{"Mean":0.034042362279081084,"Sigma":0.010856917154391188,"Taucorr":-0.019904954800276153},"Iteration":281},
{"Acceptance":[0.3271487603305785],"Energy":{"Mean":-39.15388842601688,"Sigma":0.005783957260280587,"Taucorr":0.018632938761310225},"EnergyVariance":{"Mean":0.046904248455716425,"Sigma":0.013860664631646695,"Taucorr":0.18763798999804582},"Iteration":282},
{"Acceptance":[0.32123966942148763],"Energy":{"Mean":-39.143567487838304,"Sigma":0.005109384389255949,"Taucorr":0.16959405561031837},"EnergyVariance":{"Mean":0.02369984608853761,"Sigma":0.0035289071433927005,"Taucorr":0.5571702325383763},"Iteration":283},
{"Acceptance":[0.32776859504132233],"Energy":{"Mean":-39.1495374832536,"Sigma":0.007878431473078882,"Taucorr":0.5299568768358489},"EnergyVariance":{"Mean":0.03796761997316421,"Sigma":0.017547561603905,"Taucorr":0.3730157434768788},"Iteration":284},
{"Acceptance":[0.31785123966942147],"Energy":{"Mean":-39.14817249896197,"Sigma":0.004057958916418838,"Taucorr":-0.021568909636390743},"EnergyVariance":{"Mean":0.021046239747494155,"Sigma":0.0017822389249296585,"Taucorr":-0.046694664962859456},"Iteration":285},
{"Acceptance":[0.32355371900826446],"Energy":{"Mean":-39.14544266255792,"Sigma":0.004845772541333611,"Taucorr":0.12522783839364715},"EnergyVariance":{"Mean":0.02345307717251081,"Sigma":0.0029935989650744714,"Taucorr":0.09884450159477953},"Iteration":286},
{"Acceptance":[0.3240082644628099],"Energy":{"Mean":-39.14659458793554,"Sigma":0.004167473665944892,"Taucorr":0.015358779965959801},"EnergyVariance":{"Mean":0.020971779788506048,"Sigma":0.004119356736248902,"Taucorr":-0.001729382738671681},"Iteration":287},
{"Acceptance":[0.3240082644628099],"Energy":{"Mean":-39.14622759128884,"Sigma":0.0038977305771291985,"Taucorr":-0.023649541331811408},"EnergyVariance":{"Mean":0.019839642717202212,"Sigma":0.002095333795263002,"Taucorr":0.16745767517776267},"Iteration":288},
{"Acceptance":[0.32322314049586776],"Energy":{"Mean":-39.149000972804714,"Sigma":0.00573867799416002,"Taucorr":0.08777393532542344},"EnergyVariance":{"Mean":0.03402823840952783,"Sigma":0.008717979031331227,"Taucorr":0.039518644825418},"Iteration":289},
{"Acceptance":[0.3271487603305785],"Energy":{"Mean":-39.137330824942104,"Sigma":0.005299990214354946,"Taucorr":0.23296927947764212},"EnergyVariance":{"Mean":0.02411366048047266,"Sigma":0.0030480812976248217,"Taucorr":0.1415212410288822},"Iteration":290},
{"Acceptance":[0.31636363636363635],"Energy":{"Mean":-39.154862092468136,"Sigma":0.004070394485011513,"Taucorr":0.039654906028318004},"EnergyVariance":{"Mean":0.02093469197551557,"Sigma":0.002947606729974588,"Taucorr":0.03198247386240172},"Iteration":291},
{"Acceptance":[0.3151239669421488],"Energy":{"Mean":-39.149212837925056,"Sigma":0.004699413945428304,"Taucorr":0.2824106068200991},"EnergyVariance":{"Mean":0.018313946573231238,"Sigma":0.002318008160639843,"Taucorr":0.012074169799146217},"Iteration":292},
{"Acceptance":[0.31731404958677684],"Energy":{"Mean":-39.15138076429094,"Sigma":0.004426665115181134,"Taucorr":0.1463059968053575},"EnergyVariance":{"Mean":0.018386959206109985,"Sigma":0.0021271386584337535,"Taucorr":0.1787142798481326},"Iteration":293},
{"Acceptance":[0.31950413223140495],"Energy":{"Mean":-39.139606410241754,"Sigma":0.005655993719441213,"Taucorr":0.2582342397198444},"EnergyVariance":{"Mean":0.028357795728403183,"Sigma":0.00496691624433004,"Taucorr":0.4941791891134373},"Iteration":294},
{"Acceptance":[0.3244214876033058],"Energy":{"Mean":-39.150769099655086,"Sigma":0.004683363973484347,"Taucorr":-0.0695977580622631},"EnergyVariance":{"Mean":0.03466252196475531,"Sigma":0.008308311274350656,"Taucorr":0.02748669415102034},"Iteration":295},
{"Acceptance":[0.3190495867768595],"Energy":{"Mean":-39.14434121326635,"Sigma":0.004000038438240998,"Taucorr":0.025427127443387376},"EnergyVariance":{"Mean":0.024239522577541993,"Sigma":0.003090357281890477,"Taucorr":0.20888697274990886},"Iteration":296},
{"Acceptance":[0.3302479338842975],"Energy":{"Mean":-39.1501759137281,"Sigma":0.00535132720243562,"Taucorr":-0.0806231099622593},"EnergyVariance":{"Mean":0.0436890518351105,"Sigma":0.012438719908604911,"Taucorr":0.07377164925429525},"Iteration":297},
{"Acceptance":[0.3212809917355372],"Energy":{"Mean":-39.145828011355256,"Sigma":0.005572774643734494,"Taucorr":0.3049339649195666},"EnergyVariance":{"Mean":0.023405770911183437,"Sigma":0.00277105442726386,"Taucorr":0.28335633757409295},"Iteration":298},
{"Acceptance":[0.32103305785123964],"Energy":{"Mean":-39.14798476264741,"Sigma":0.0055149946927169485,"Taucorr":0.015390465444163337},"EnergyVariance":{"Mean":0.03431641251625474,"Sigma":0.010959446014498785,"Taucorr":0.16490163167666205},"Iteration":299} 
]}